{"meta": {"format": 3, "version": "7.10.6", "timestamp": "2025-09-13T10:25:56.359031", "branch_coverage": false, "show_contexts": false}, "files": {"app/__init__.py": {"executed_lines": [0], "summary": {"covered_lines": 0, "num_statements": 0, "percent_covered": 100.0, "percent_covered_display": "100", "missing_lines": 0, "excluded_lines": 0}, "missing_lines": [], "excluded_lines": [], "functions": {"": {"executed_lines": [], "summary": {"covered_lines": 0, "num_statements": 0, "percent_covered": 100.0, "percent_covered_display": "100", "missing_lines": 0, "excluded_lines": 0}, "missing_lines": [], "excluded_lines": []}}, "classes": {"": {"executed_lines": [], "summary": {"covered_lines": 0, "num_statements": 0, "percent_covered": 100.0, "percent_covered_display": "100", "missing_lines": 0, "excluded_lines": 0}, "missing_lines": [], "excluded_lines": []}}}, "app/api/__init__.py": {"executed_lines": [0], "summary": {"covered_lines": 0, "num_statements": 0, "percent_covered": 100.0, "percent_covered_display": "100", "missing_lines": 0, "excluded_lines": 0}, "missing_lines": [], "excluded_lines": [], "functions": {"": {"executed_lines": [], "summary": {"covered_lines": 0, "num_statements": 0, "percent_covered": 100.0, "percent_covered_display": "100", "missing_lines": 0, "excluded_lines": 0}, "missing_lines": [], "excluded_lines": []}}, "classes": {"": {"executed_lines": [], "summary": {"covered_lines": 0, "num_statements": 0, "percent_covered": 100.0, "percent_covered_display": "100", "missing_lines": 0, "excluded_lines": 0}, "missing_lines": [], "excluded_lines": []}}}, "app/api/caption/__init__.py": {"executed_lines": [1, 8, 10], "summary": {"covered_lines": 2, "num_statements": 2, "percent_covered": 100.0, "percent_covered_display": "100", "missing_lines": 0, "excluded_lines": 0}, "missing_lines": [], "excluded_lines": [], "functions": {"": {"executed_lines": [1, 8, 10], "summary": {"covered_lines": 2, "num_statements": 2, "percent_covered": 100.0, "percent_covered_display": "100", "missing_lines": 0, "excluded_lines": 0}, "missing_lines": [], "excluded_lines": []}}, "classes": {"": {"executed_lines": [1, 8, 10], "summary": {"covered_lines": 2, "num_statements": 2, "percent_covered": 100.0, "percent_covered_display": "100", "missing_lines": 0, "excluded_lines": 0}, "missing_lines": [], "excluded_lines": []}}}, "app/api/caption/endpoints.py": {"executed_lines": [1, 8, 9, 11, 12, 14, 15, 17, 19, 22, 23, 25, 26, 27, 28, 29, 30, 33, 34, 36, 37, 38, 40, 41, 43, 44, 45, 51, 52, 64, 65, 77, 78, 80, 81, 82, 91, 92, 98, 99, 101, 102, 103, 105, 106, 117, 118, 120, 121, 122, 124], "summary": {"covered_lines": 50, "num_statements": 82, "percent_covered": 60.97560975609756, "percent_covered_display": "61", "missing_lines": 32, "excluded_lines": 0}, "missing_lines": [46, 47, 48, 54, 55, 56, 57, 58, 59, 60, 61, 67, 68, 69, 70, 71, 72, 73, 74, 84, 85, 87, 93, 94, 95, 108, 112, 113, 114, 128, 129, 130], "excluded_lines": [], "functions": {"get_available_generators": {"executed_lines": [25, 26, 27, 28, 29, 30], "summary": {"covered_lines": 6, "num_statements": 6, "percent_covered": 100.0, "percent_covered_display": "100", "missing_lines": 0, "excluded_lines": 0}, "missing_lines": [], "excluded_lines": []}, "get_generator_info": {"executed_lines": [36, 37, 38, 40, 41, 43, 44, 45], "summary": {"covered_lines": 8, "num_statements": 11, "percent_covered": 72.72727272727273, "percent_covered_display": "73", "missing_lines": 3, "excluded_lines": 0}, "missing_lines": [46, 47, 48], "excluded_lines": []}, "generate_caption": {"executed_lines": [], "summary": {"covered_lines": 0, "num_statements": 8, "percent_covered": 0.0, "percent_covered_display": "0", "missing_lines": 8, "excluded_lines": 0}, "missing_lines": [54, 55, 56, 57, 58, 59, 60, 61], "excluded_lines": []}, "generate_batch_captions": {"executed_lines": [], "summary": {"covered_lines": 0, "num_statements": 8, "percent_covered": 0.0, "percent_covered_display": "0", "missing_lines": 8, "excluded_lines": 0}, "missing_lines": [67, 68, 69, 70, 71, 72, 73, 74], "excluded_lines": []}, "load_model": {"executed_lines": [80, 81, 82, 91, 92], "summary": {"covered_lines": 5, "num_statements": 11, "percent_covered": 45.45454545454545, "percent_covered_display": "45", "missing_lines": 6, "excluded_lines": 0}, "missing_lines": [84, 85, 87, 93, 94, 95], "excluded_lines": []}, "unload_model": {"executed_lines": [101, 102, 103, 105, 106], "summary": {"covered_lines": 5, "num_statements": 9, "percent_covered": 55.55555555555556, "percent_covered_display": "56", "missing_lines": 4, "excluded_lines": 0}, "missing_lines": [108, 112, 113, 114], "excluded_lines": []}, "get_loaded_models": {"executed_lines": [120, 121, 122, 124], "summary": {"covered_lines": 4, "num_statements": 7, "percent_covered": 57.142857142857146, "percent_covered_display": "57", "missing_lines": 3, "excluded_lines": 0}, "missing_lines": [128, 129, 130], "excluded_lines": []}, "": {"executed_lines": [1, 8, 9, 11, 12, 14, 15, 17, 19, 22, 23, 33, 34, 51, 52, 64, 65, 77, 78, 98, 99, 117, 118], "summary": {"covered_lines": 22, "num_statements": 22, "percent_covered": 100.0, "percent_covered_display": "100", "missing_lines": 0, "excluded_lines": 0}, "missing_lines": [], "excluded_lines": []}}, "classes": {"": {"executed_lines": [1, 8, 9, 11, 12, 14, 15, 17, 19, 22, 23, 25, 26, 27, 28, 29, 30, 33, 34, 36, 37, 38, 40, 41, 43, 44, 45, 51, 52, 64, 65, 77, 78, 80, 81, 82, 91, 92, 98, 99, 101, 102, 103, 105, 106, 117, 118, 120, 121, 122, 124], "summary": {"covered_lines": 50, "num_statements": 82, "percent_covered": 60.97560975609756, "percent_covered_display": "61", "missing_lines": 32, "excluded_lines": 0}, "missing_lines": [46, 47, 48, 54, 55, 56, 57, 58, 59, 60, 61, 67, 68, 69, 70, 71, 72, 73, 74, 84, 85, 87, 93, 94, 95, 108, 112, 113, 114, 128, 129, 130], "excluded_lines": []}}}, "app/api/caption/models.py": {"executed_lines": [1, 8, 9, 12, 13, 15, 16, 17, 18, 19, 22, 23, 25, 26, 29, 30, 32, 33, 34, 35, 36, 37, 38, 39, 40, 43, 44, 46, 48, 49, 50, 51, 52, 53, 54, 55, 56, 59, 60, 62], "summary": {"covered_lines": 34, "num_statements": 34, "percent_covered": 100.0, "percent_covered_display": "100", "missing_lines": 0, "excluded_lines": 0}, "missing_lines": [], "excluded_lines": [], "functions": {"": {"executed_lines": [1, 8, 9, 12, 13, 15, 16, 17, 18, 19, 22, 23, 25, 26, 29, 30, 32, 33, 34, 35, 36, 37, 38, 39, 40, 43, 44, 46, 48, 49, 50, 51, 52, 53, 54, 55, 56, 59, 60, 62], "summary": {"covered_lines": 34, "num_statements": 34, "percent_covered": 100.0, "percent_covered_display": "100", "missing_lines": 0, "excluded_lines": 0}, "missing_lines": [], "excluded_lines": []}}, "classes": {"CaptionRequest": {"executed_lines": [], "summary": {"covered_lines": 0, "num_statements": 0, "percent_covered": 100.0, "percent_covered_display": "100", "missing_lines": 0, "excluded_lines": 0}, "missing_lines": [], "excluded_lines": []}, "BatchCaptionRequest": {"executed_lines": [], "summary": {"covered_lines": 0, "num_statements": 0, "percent_covered": 100.0, "percent_covered_display": "100", "missing_lines": 0, "excluded_lines": 0}, "missing_lines": [], "excluded_lines": []}, "CaptionResponse": {"executed_lines": [], "summary": {"covered_lines": 0, "num_statements": 0, "percent_covered": 100.0, "percent_covered_display": "100", "missing_lines": 0, "excluded_lines": 0}, "missing_lines": [], "excluded_lines": []}, "GeneratorInfo": {"executed_lines": [], "summary": {"covered_lines": 0, "num_statements": 0, "percent_covered": 100.0, "percent_covered_display": "100", "missing_lines": 0, "excluded_lines": 0}, "missing_lines": [], "excluded_lines": []}, "ModelLoadRequest": {"executed_lines": [], "summary": {"covered_lines": 0, "num_statements": 0, "percent_covered": 100.0, "percent_covered_display": "100", "missing_lines": 0, "excluded_lines": 0}, "missing_lines": [], "excluded_lines": []}, "": {"executed_lines": [1, 8, 9, 12, 13, 15, 16, 17, 18, 19, 22, 23, 25, 26, 29, 30, 32, 33, 34, 35, 36, 37, 38, 39, 40, 43, 44, 46, 48, 49, 50, 51, 52, 53, 54, 55, 56, 59, 60, 62], "summary": {"covered_lines": 34, "num_statements": 34, "percent_covered": 100.0, "percent_covered_display": "100", "missing_lines": 0, "excluded_lines": 0}, "missing_lines": [], "excluded_lines": []}}}, "app/api/caption/monitoring.py": {"executed_lines": [1, 8, 9, 11, 12, 14, 16, 18, 21, 22, 24, 25, 26, 27, 33, 34, 36, 37, 38, 39, 45, 46, 64, 65, 76, 77, 88, 89, 91, 92, 93, 94], "summary": {"covered_lines": 31, "num_statements": 65, "percent_covered": 47.69230769230769, "percent_covered_display": "48", "missing_lines": 34, "excluded_lines": 0}, "missing_lines": [28, 29, 30, 40, 41, 42, 48, 49, 50, 51, 52, 56, 57, 58, 59, 60, 61, 67, 68, 69, 70, 71, 72, 73, 79, 80, 81, 82, 83, 84, 85, 95, 96, 97], "excluded_lines": [], "functions": {"get_system_statistics": {"executed_lines": [24, 25, 26, 27], "summary": {"covered_lines": 4, "num_statements": 7, "percent_covered": 57.142857142857146, "percent_covered_display": "57", "missing_lines": 3, "excluded_lines": 0}, "missing_lines": [28, 29, 30], "excluded_lines": []}, "get_health_status": {"executed_lines": [36, 37, 38, 39], "summary": {"covered_lines": 4, "num_statements": 7, "percent_covered": 57.142857142857146, "percent_covered_display": "57", "missing_lines": 3, "excluded_lines": 0}, "missing_lines": [40, 41, 42], "excluded_lines": []}, "get_model_usage_stats": {"executed_lines": [], "summary": {"covered_lines": 0, "num_statements": 11, "percent_covered": 0.0, "percent_covered_display": "0", "missing_lines": 11, "excluded_lines": 0}, "missing_lines": [48, 49, 50, 51, 52, 56, 57, 58, 59, 60, 61], "excluded_lines": []}, "get_model_health_status": {"executed_lines": [], "summary": {"covered_lines": 0, "num_statements": 7, "percent_covered": 0.0, "percent_covered_display": "0", "missing_lines": 7, "excluded_lines": 0}, "missing_lines": [67, 68, 69, 70, 71, 72, 73], "excluded_lines": []}, "get_circuit_breaker_state": {"executed_lines": [], "summary": {"covered_lines": 0, "num_statements": 7, "percent_covered": 0.0, "percent_covered_display": "0", "missing_lines": 7, "excluded_lines": 0}, "missing_lines": [79, 80, 81, 82, 83, 84, 85], "excluded_lines": []}, "get_queue_status": {"executed_lines": [91, 92, 93, 94], "summary": {"covered_lines": 4, "num_statements": 7, "percent_covered": 57.142857142857146, "percent_covered_display": "57", "missing_lines": 3, "excluded_lines": 0}, "missing_lines": [95, 96, 97], "excluded_lines": []}, "": {"executed_lines": [1, 8, 9, 11, 12, 14, 16, 18, 21, 22, 33, 34, 45, 46, 64, 65, 76, 77, 88, 89], "summary": {"covered_lines": 19, "num_statements": 19, "percent_covered": 100.0, "percent_covered_display": "100", "missing_lines": 0, "excluded_lines": 0}, "missing_lines": [], "excluded_lines": []}}, "classes": {"": {"executed_lines": [1, 8, 9, 11, 12, 14, 16, 18, 21, 22, 24, 25, 26, 27, 33, 34, 36, 37, 38, 39, 45, 46, 64, 65, 76, 77, 88, 89, 91, 92, 93, 94], "summary": {"covered_lines": 31, "num_statements": 65, "percent_covered": 47.69230769230769, "percent_covered_display": "48", "missing_lines": 34, "excluded_lines": 0}, "missing_lines": [28, 29, 30, 40, 41, 42, 48, 49, 50, 51, 52, 56, 57, 58, 59, 60, 61, 67, 68, 69, 70, 71, 72, 73, 79, 80, 81, 82, 83, 84, 85, 95, 96, 97], "excluded_lines": []}}}, "app/api/caption/router.py": {"executed_lines": [1, 8, 10, 11, 12, 15, 18, 19, 20], "summary": {"covered_lines": 8, "num_statements": 8, "percent_covered": 100.0, "percent_covered_display": "100", "missing_lines": 0, "excluded_lines": 0}, "missing_lines": [], "excluded_lines": [], "functions": {"": {"executed_lines": [1, 8, 10, 11, 12, 15, 18, 19, 20], "summary": {"covered_lines": 8, "num_statements": 8, "percent_covered": 100.0, "percent_covered_display": "100", "missing_lines": 0, "excluded_lines": 0}, "missing_lines": [], "excluded_lines": []}}, "classes": {"": {"executed_lines": [1, 8, 10, 11, 12, 15, 18, 19, 20], "summary": {"covered_lines": 8, "num_statements": 8, "percent_covered": 100.0, "percent_covered_display": "100", "missing_lines": 0, "excluded_lines": 0}, "missing_lines": [], "excluded_lines": []}}}, "app/api/caption/service.py": {"executed_lines": [1, 8, 9, 10, 11, 13, 15, 16, 18, 21, 22, 24, 25, 27, 29, 30, 31, 39, 41, 42, 43, 44, 45, 50, 86, 133, 135, 137, 138, 143, 144, 145, 147, 149, 150, 155, 157, 158, 163, 172, 174, 175, 212, 213, 214, 216, 218, 219, 224, 226, 227, 232, 240, 248, 250, 251, 258, 261, 264, 265, 266], "summary": {"covered_lines": 59, "num_statements": 126, "percent_covered": 46.82539682539682, "percent_covered_display": "47", "missing_lines": 67, "excluded_lines": 0}, "missing_lines": [35, 36, 37, 46, 47, 48, 52, 54, 55, 56, 59, 60, 63, 70, 82, 83, 84, 88, 90, 91, 92, 93, 94, 97, 98, 100, 109, 114, 129, 130, 131, 141, 151, 152, 153, 159, 160, 161, 178, 179, 180, 181, 183, 185, 188, 195, 209, 210, 220, 221, 222, 228, 229, 230, 234, 235, 236, 237, 238, 242, 243, 244, 245, 246, 252, 253, 254], "excluded_lines": [], "functions": {"CaptionAPIService.__init__": {"executed_lines": [25], "summary": {"covered_lines": 1, "num_statements": 1, "percent_covered": 100.0, "percent_covered_display": "100", "missing_lines": 0, "excluded_lines": 0}, "missing_lines": [], "excluded_lines": []}, "CaptionAPIService.get_available_generators": {"executed_lines": [29, 30, 31], "summary": {"covered_lines": 3, "num_statements": 6, "percent_covered": 50.0, "percent_covered_display": "50", "missing_lines": 3, "excluded_lines": 0}, "missing_lines": [35, 36, 37], "excluded_lines": []}, "CaptionAPIService.get_generator_info": {"executed_lines": [41, 42, 43, 44, 45], "summary": {"covered_lines": 5, "num_statements": 8, "percent_covered": 62.5, "percent_covered_display": "62", "missing_lines": 3, "excluded_lines": 0}, "missing_lines": [46, 47, 48], "excluded_lines": []}, "CaptionAPIService.generate_single_caption": {"executed_lines": [], "summary": {"covered_lines": 0, "num_statements": 11, "percent_covered": 0.0, "percent_covered_display": "0", "missing_lines": 11, "excluded_lines": 0}, "missing_lines": [52, 54, 55, 56, 59, 60, 63, 70, 82, 83, 84], "excluded_lines": []}, "CaptionAPIService.generate_batch_captions": {"executed_lines": [], "summary": {"covered_lines": 0, "num_statements": 14, "percent_covered": 0.0, "percent_covered_display": "0", "missing_lines": 14, "excluded_lines": 0}, "missing_lines": [88, 90, 91, 92, 93, 94, 97, 98, 100, 109, 114, 129, 130, 131], "excluded_lines": []}, "CaptionAPIService.load_model": {"executed_lines": [135, 137, 138, 143, 144, 145], "summary": {"covered_lines": 6, "num_statements": 7, "percent_covered": 85.71428571428571, "percent_covered_display": "86", "missing_lines": 1, "excluded_lines": 0}, "missing_lines": [141], "excluded_lines": []}, "CaptionAPIService.unload_model": {"executed_lines": [149, 150], "summary": {"covered_lines": 2, "num_statements": 5, "percent_covered": 40.0, "percent_covered_display": "40", "missing_lines": 3, "excluded_lines": 0}, "missing_lines": [151, 152, 153], "excluded_lines": []}, "CaptionAPIService.get_loaded_models": {"executed_lines": [157, 158], "summary": {"covered_lines": 2, "num_statements": 5, "percent_covered": 40.0, "percent_covered_display": "40", "missing_lines": 3, "excluded_lines": 0}, "missing_lines": [159, 160, 161], "excluded_lines": []}, "CaptionAPIService.upload_and_generate_caption": {"executed_lines": [172, 174, 175, 212, 213, 214], "summary": {"covered_lines": 6, "num_statements": 16, "percent_covered": 37.5, "percent_covered_display": "38", "missing_lines": 10, "excluded_lines": 0}, "missing_lines": [178, 179, 180, 181, 183, 185, 188, 195, 209, 210], "excluded_lines": []}, "CaptionAPIService.get_system_statistics": {"executed_lines": [218, 219], "summary": {"covered_lines": 2, "num_statements": 5, "percent_covered": 40.0, "percent_covered_display": "40", "missing_lines": 3, "excluded_lines": 0}, "missing_lines": [220, 221, 222], "excluded_lines": []}, "CaptionAPIService.get_health_status": {"executed_lines": [226, 227], "summary": {"covered_lines": 2, "num_statements": 5, "percent_covered": 40.0, "percent_covered_display": "40", "missing_lines": 3, "excluded_lines": 0}, "missing_lines": [228, 229, 230], "excluded_lines": []}, "CaptionAPIService.get_model_usage_stats": {"executed_lines": [], "summary": {"covered_lines": 0, "num_statements": 5, "percent_covered": 0.0, "percent_covered_display": "0", "missing_lines": 5, "excluded_lines": 0}, "missing_lines": [234, 235, 236, 237, 238], "excluded_lines": []}, "CaptionAPIService.get_circuit_breaker_state": {"executed_lines": [], "summary": {"covered_lines": 0, "num_statements": 5, "percent_covered": 0.0, "percent_covered_display": "0", "missing_lines": 5, "excluded_lines": 0}, "missing_lines": [242, 243, 244, 245, 246], "excluded_lines": []}, "CaptionAPIService.get_queue_status": {"executed_lines": [250, 251], "summary": {"covered_lines": 2, "num_statements": 5, "percent_covered": 40.0, "percent_covered_display": "40", "missing_lines": 3, "excluded_lines": 0}, "missing_lines": [252, 253, 254], "excluded_lines": []}, "get_caption_api_service": {"executed_lines": [264, 265, 266], "summary": {"covered_lines": 3, "num_statements": 3, "percent_covered": 100.0, "percent_covered_display": "100", "missing_lines": 0, "excluded_lines": 0}, "missing_lines": [], "excluded_lines": []}, "": {"executed_lines": [1, 8, 9, 10, 11, 13, 15, 16, 18, 21, 22, 24, 27, 39, 50, 86, 133, 147, 155, 163, 216, 224, 232, 240, 248, 258, 261], "summary": {"covered_lines": 25, "num_statements": 25, "percent_covered": 100.0, "percent_covered_display": "100", "missing_lines": 0, "excluded_lines": 0}, "missing_lines": [], "excluded_lines": []}}, "classes": {"CaptionAPIService": {"executed_lines": [25, 29, 30, 31, 41, 42, 43, 44, 45, 135, 137, 138, 143, 144, 145, 149, 150, 157, 158, 172, 174, 175, 212, 213, 214, 218, 219, 226, 227, 250, 251], "summary": {"covered_lines": 31, "num_statements": 98, "percent_covered": 31.632653061224488, "percent_covered_display": "32", "missing_lines": 67, "excluded_lines": 0}, "missing_lines": [35, 36, 37, 46, 47, 48, 52, 54, 55, 56, 59, 60, 63, 70, 82, 83, 84, 88, 90, 91, 92, 93, 94, 97, 98, 100, 109, 114, 129, 130, 131, 141, 151, 152, 153, 159, 160, 161, 178, 179, 180, 181, 183, 185, 188, 195, 209, 210, 220, 221, 222, 228, 229, 230, 234, 235, 236, 237, 238, 242, 243, 244, 245, 246, 252, 253, 254], "excluded_lines": []}, "": {"executed_lines": [1, 8, 9, 10, 11, 13, 15, 16, 18, 21, 22, 24, 27, 39, 50, 86, 133, 147, 155, 163, 216, 224, 232, 240, 248, 258, 261, 264, 265, 266], "summary": {"covered_lines": 28, "num_statements": 28, "percent_covered": 100.0, "percent_covered_display": "100", "missing_lines": 0, "excluded_lines": 0}, "missing_lines": [], "excluded_lines": []}}}, "app/api/caption/upload.py": {"executed_lines": [1, 8, 9, 11, 13, 14, 16, 18, 21, 22, 30, 31, 32, 39, 40, 41, 42, 43], "summary": {"covered_lines": 17, "num_statements": 17, "percent_covered": 100.0, "percent_covered_display": "100", "missing_lines": 0, "excluded_lines": 0}, "missing_lines": [], "excluded_lines": [], "functions": {"upload_and_generate_caption": {"executed_lines": [30, 31, 32, 39, 40, 41, 42, 43], "summary": {"covered_lines": 8, "num_statements": 8, "percent_covered": 100.0, "percent_covered_display": "100", "missing_lines": 0, "excluded_lines": 0}, "missing_lines": [], "excluded_lines": []}, "": {"executed_lines": [1, 8, 9, 11, 13, 14, 16, 18, 21, 22], "summary": {"covered_lines": 9, "num_statements": 9, "percent_covered": 100.0, "percent_covered_display": "100", "missing_lines": 0, "excluded_lines": 0}, "missing_lines": [], "excluded_lines": []}}, "classes": {"": {"executed_lines": [1, 8, 9, 11, 13, 14, 16, 18, 21, 22, 30, 31, 32, 39, 40, 41, 42, 43], "summary": {"covered_lines": 17, "num_statements": 17, "percent_covered": 100.0, "percent_covered_display": "100", "missing_lines": 0, "excluded_lines": 0}, "missing_lines": [], "excluded_lines": []}}}, "app/api/comfy/__init__.py": {"executed_lines": [1, 8, 10], "summary": {"covered_lines": 2, "num_statements": 2, "percent_covered": 100.0, "percent_covered_display": "100", "missing_lines": 0, "excluded_lines": 0}, "missing_lines": [], "excluded_lines": [], "functions": {"": {"executed_lines": [1, 8, 10], "summary": {"covered_lines": 2, "num_statements": 2, "percent_covered": 100.0, "percent_covered_display": "100", "missing_lines": 0, "excluded_lines": 0}, "missing_lines": [], "excluded_lines": []}}, "classes": {"": {"executed_lines": [1, 8, 10], "summary": {"covered_lines": 2, "num_statements": 2, "percent_covered": 100.0, "percent_covered_display": "100", "missing_lines": 0, "excluded_lines": 0}, "missing_lines": [], "excluded_lines": []}}}, "app/api/comfy/endpoints.py": {"executed_lines": [1, 7, 8, 9, 10, 11, 12, 13, 15, 16, 18, 19, 20, 21, 30, 32, 37, 38, 51, 52, 71, 72, 91, 92, 108, 109, 131, 132, 164, 165, 183, 184, 215, 216, 308, 309, 341, 342, 362, 363, 383, 384, 404, 405, 425], "summary": {"covered_lines": 44, "num_statements": 227, "percent_covered": 19.383259911894275, "percent_covered_display": "19", "missing_lines": 183, "excluded_lines": 0}, "missing_lines": [40, 41, 42, 43, 44, 45, 46, 47, 48, 54, 55, 56, 57, 58, 64, 65, 66, 67, 68, 77, 78, 79, 80, 84, 85, 86, 87, 88, 97, 98, 99, 100, 101, 102, 103, 104, 105, 114, 115, 116, 117, 124, 125, 126, 127, 128, 138, 139, 142, 143, 144, 145, 146, 147, 149, 152, 153, 154, 155, 156, 157, 158, 159, 160, 161, 172, 173, 174, 175, 176, 177, 178, 179, 180, 189, 190, 193, 206, 207, 208, 209, 210, 211, 212, 224, 225, 226, 227, 230, 231, 232, 235, 236, 237, 240, 243, 244, 245, 248, 249, 250, 253, 254, 263, 264, 267, 268, 269, 270, 272, 273, 274, 275, 278, 288, 291, 292, 294, 301, 302, 303, 304, 305, 314, 315, 317, 318, 319, 320, 321, 322, 323, 325, 334, 335, 336, 337, 338, 347, 348, 349, 350, 355, 356, 357, 358, 359, 368, 369, 370, 371, 376, 377, 378, 379, 380, 389, 390, 391, 392, 397, 398, 399, 400, 401, 410, 411, 412, 413, 418, 419, 420, 421, 422, 438, 441, 442, 443, 444, 445, 446, 448, 508], "excluded_lines": [], "functions": {"health_check": {"executed_lines": [], "summary": {"covered_lines": 0, "num_statements": 9, "percent_covered": 0.0, "percent_covered_display": "0", "missing_lines": 9, "excluded_lines": 0}, "missing_lines": [40, 41, 42, 43, 44, 45, 46, 47, 48], "excluded_lines": []}, "force_health_check": {"executed_lines": [], "summary": {"covered_lines": 0, "num_statements": 10, "percent_covered": 0.0, "percent_covered_display": "0", "missing_lines": 10, "excluded_lines": 0}, "missing_lines": [54, 55, 56, 57, 58, 64, 65, 66, 67, 68], "excluded_lines": []}, "queue_prompt": {"executed_lines": [], "summary": {"covered_lines": 0, "num_statements": 9, "percent_covered": 0.0, "percent_covered_display": "0", "missing_lines": 9, "excluded_lines": 0}, "missing_lines": [77, 78, 79, 80, 84, 85, 86, 87, 88], "excluded_lines": []}, "get_status": {"executed_lines": [], "summary": {"covered_lines": 0, "num_statements": 9, "percent_covered": 0.0, "percent_covered_display": "0", "missing_lines": 9, "excluded_lines": 0}, "missing_lines": [97, 98, 99, 100, 101, 102, 103, 104, 105], "excluded_lines": []}, "get_history": {"executed_lines": [], "summary": {"covered_lines": 0, "num_statements": 9, "percent_covered": 0.0, "percent_covered_display": "0", "missing_lines": 9, "excluded_lines": 0}, "missing_lines": [114, 115, 116, 117, 124, 125, 126, 127, 128], "excluded_lines": []}, "get_object_info": {"executed_lines": [], "summary": {"covered_lines": 0, "num_statements": 19, "percent_covered": 0.0, "percent_covered_display": "0", "missing_lines": 19, "excluded_lines": 0}, "missing_lines": [138, 139, 142, 143, 144, 145, 146, 147, 149, 152, 153, 154, 155, 156, 157, 158, 159, 160, 161], "excluded_lines": []}, "view_image": {"executed_lines": [], "summary": {"covered_lines": 0, "num_statements": 9, "percent_covered": 0.0, "percent_covered_display": "0", "missing_lines": 9, "excluded_lines": 0}, "missing_lines": [172, 173, 174, 175, 176, 177, 178, 179, 180], "excluded_lines": []}, "text2img": {"executed_lines": [], "summary": {"covered_lines": 0, "num_statements": 10, "percent_covered": 0.0, "percent_covered_display": "0", "missing_lines": 10, "excluded_lines": 0}, "missing_lines": [189, 190, 193, 206, 207, 208, 209, 210, 211, 212], "excluded_lines": []}, "ingest_generated_image": {"executed_lines": [], "summary": {"covered_lines": 0, "num_statements": 39, "percent_covered": 0.0, "percent_covered_display": "0", "missing_lines": 39, "excluded_lines": 0}, "missing_lines": [224, 225, 226, 227, 230, 231, 232, 235, 236, 237, 240, 243, 244, 245, 248, 249, 250, 253, 254, 263, 264, 267, 268, 269, 270, 272, 273, 274, 275, 278, 288, 291, 292, 294, 301, 302, 303, 304, 305], "excluded_lines": []}, "stream_status": {"executed_lines": [], "summary": {"covered_lines": 0, "num_statements": 9, "percent_covered": 0.0, "percent_covered_display": "0", "missing_lines": 9, "excluded_lines": 0}, "missing_lines": [314, 315, 317, 325, 334, 335, 336, 337, 338], "excluded_lines": []}, "stream_status.event_stream": {"executed_lines": [], "summary": {"covered_lines": 0, "num_statements": 6, "percent_covered": 0.0, "percent_covered_display": "0", "missing_lines": 6, "excluded_lines": 0}, "missing_lines": [318, 319, 320, 321, 322, 323], "excluded_lines": []}, "validate_checkpoint": {"executed_lines": [], "summary": {"covered_lines": 0, "num_statements": 9, "percent_covered": 0.0, "percent_covered_display": "0", "missing_lines": 9, "excluded_lines": 0}, "missing_lines": [347, 348, 349, 350, 355, 356, 357, 358, 359], "excluded_lines": []}, "validate_lora": {"executed_lines": [], "summary": {"covered_lines": 0, "num_statements": 9, "percent_covered": 0.0, "percent_covered_display": "0", "missing_lines": 9, "excluded_lines": 0}, "missing_lines": [368, 369, 370, 371, 376, 377, 378, 379, 380], "excluded_lines": []}, "validate_sampler": {"executed_lines": [], "summary": {"covered_lines": 0, "num_statements": 9, "percent_covered": 0.0, "percent_covered_display": "0", "missing_lines": 9, "excluded_lines": 0}, "missing_lines": [389, 390, 391, 392, 397, 398, 399, 400, 401], "excluded_lines": []}, "validate_scheduler": {"executed_lines": [], "summary": {"covered_lines": 0, "num_statements": 9, "percent_covered": 0.0, "percent_covered_display": "0", "missing_lines": 9, "excluded_lines": 0}, "missing_lines": [410, 411, 412, 413, 418, 419, 420, 421, 422], "excluded_lines": []}, "create_simple_text2img_workflow": {"executed_lines": [], "summary": {"covered_lines": 0, "num_statements": 9, "percent_covered": 0.0, "percent_covered_display": "0", "missing_lines": 9, "excluded_lines": 0}, "missing_lines": [438, 441, 442, 443, 444, 445, 446, 448, 508], "excluded_lines": []}, "": {"executed_lines": [1, 7, 8, 9, 10, 11, 12, 13, 15, 16, 18, 19, 20, 21, 30, 32, 37, 38, 51, 52, 71, 72, 91, 92, 108, 109, 131, 132, 164, 165, 183, 184, 215, 216, 308, 309, 341, 342, 362, 363, 383, 384, 404, 405, 425], "summary": {"covered_lines": 44, "num_statements": 44, "percent_covered": 100.0, "percent_covered_display": "100", "missing_lines": 0, "excluded_lines": 0}, "missing_lines": [], "excluded_lines": []}}, "classes": {"": {"executed_lines": [1, 7, 8, 9, 10, 11, 12, 13, 15, 16, 18, 19, 20, 21, 30, 32, 37, 38, 51, 52, 71, 72, 91, 92, 108, 109, 131, 132, 164, 165, 183, 184, 215, 216, 308, 309, 341, 342, 362, 363, 383, 384, 404, 405, 425], "summary": {"covered_lines": 44, "num_statements": 227, "percent_covered": 19.383259911894275, "percent_covered_display": "19", "missing_lines": 183, "excluded_lines": 0}, "missing_lines": [40, 41, 42, 43, 44, 45, 46, 47, 48, 54, 55, 56, 57, 58, 64, 65, 66, 67, 68, 77, 78, 79, 80, 84, 85, 86, 87, 88, 97, 98, 99, 100, 101, 102, 103, 104, 105, 114, 115, 116, 117, 124, 125, 126, 127, 128, 138, 139, 142, 143, 144, 145, 146, 147, 149, 152, 153, 154, 155, 156, 157, 158, 159, 160, 161, 172, 173, 174, 175, 176, 177, 178, 179, 180, 189, 190, 193, 206, 207, 208, 209, 210, 211, 212, 224, 225, 226, 227, 230, 231, 232, 235, 236, 237, 240, 243, 244, 245, 248, 249, 250, 253, 254, 263, 264, 267, 268, 269, 270, 272, 273, 274, 275, 278, 288, 291, 292, 294, 301, 302, 303, 304, 305, 314, 315, 317, 318, 319, 320, 321, 322, 323, 325, 334, 335, 336, 337, 338, 347, 348, 349, 350, 355, 356, 357, 358, 359, 368, 369, 370, 371, 376, 377, 378, 379, 380, 389, 390, 391, 392, 397, 398, 399, 400, 401, 410, 411, 412, 413, 418, 419, 420, 421, 422, 438, 441, 442, 443, 444, 445, 446, 448, 508], "excluded_lines": []}}}, "app/api/comfy/models.py": {"executed_lines": [1, 7, 8, 11, 12, 13, 14, 17, 18, 19, 20, 21, 22, 23, 24, 25, 26, 27, 28, 29, 30, 31, 32, 33, 34, 37, 38, 39, 40, 43, 44, 45, 46, 47, 48, 49, 50, 53, 54, 55, 56, 57, 58, 59, 60, 61, 62, 63, 64, 65, 68, 69, 70, 71, 72], "summary": {"covered_lines": 48, "num_statements": 48, "percent_covered": 100.0, "percent_covered_display": "100", "missing_lines": 0, "excluded_lines": 0}, "missing_lines": [], "excluded_lines": [], "functions": {"": {"executed_lines": [1, 7, 8, 11, 12, 13, 14, 17, 18, 19, 20, 21, 22, 23, 24, 25, 26, 27, 28, 29, 30, 31, 32, 33, 34, 37, 38, 39, 40, 43, 44, 45, 46, 47, 48, 49, 50, 53, 54, 55, 56, 57, 58, 59, 60, 61, 62, 63, 64, 65, 68, 69, 70, 71, 72], "summary": {"covered_lines": 48, "num_statements": 48, "percent_covered": 100.0, "percent_covered_display": "100", "missing_lines": 0, "excluded_lines": 0}, "missing_lines": [], "excluded_lines": []}}, "classes": {"ComfyQueueRequest": {"executed_lines": [], "summary": {"covered_lines": 0, "num_statements": 0, "percent_covered": 100.0, "percent_covered_display": "100", "missing_lines": 0, "excluded_lines": 0}, "missing_lines": [], "excluded_lines": []}, "ComfyText2ImgRequest": {"executed_lines": [], "summary": {"covered_lines": 0, "num_statements": 0, "percent_covered": 100.0, "percent_covered_display": "100", "missing_lines": 0, "excluded_lines": 0}, "missing_lines": [], "excluded_lines": []}, "ComfyWorkflowRequest": {"executed_lines": [], "summary": {"covered_lines": 0, "num_statements": 0, "percent_covered": 100.0, "percent_covered_display": "100", "missing_lines": 0, "excluded_lines": 0}, "missing_lines": [], "excluded_lines": []}, "ComfyPresetRequest": {"executed_lines": [], "summary": {"covered_lines": 0, "num_statements": 0, "percent_covered": 100.0, "percent_covered_display": "100", "missing_lines": 0, "excluded_lines": 0}, "missing_lines": [], "excluded_lines": []}, "ComfyWorkflowTemplateRequest": {"executed_lines": [], "summary": {"covered_lines": 0, "num_statements": 0, "percent_covered": 100.0, "percent_covered_display": "100", "missing_lines": 0, "excluded_lines": 0}, "missing_lines": [], "excluded_lines": []}, "ComfyIngestRequest": {"executed_lines": [], "summary": {"covered_lines": 0, "num_statements": 0, "percent_covered": 100.0, "percent_covered_display": "100", "missing_lines": 0, "excluded_lines": 0}, "missing_lines": [], "excluded_lines": []}, "": {"executed_lines": [1, 7, 8, 11, 12, 13, 14, 17, 18, 19, 20, 21, 22, 23, 24, 25, 26, 27, 28, 29, 30, 31, 32, 33, 34, 37, 38, 39, 40, 43, 44, 45, 46, 47, 48, 49, 50, 53, 54, 55, 56, 57, 58, 59, 60, 61, 62, 63, 64, 65, 68, 69, 70, 71, 72], "summary": {"covered_lines": 48, "num_statements": 48, "percent_covered": 100.0, "percent_covered_display": "100", "missing_lines": 0, "excluded_lines": 0}, "missing_lines": [], "excluded_lines": []}}}, "app/api/comfy/router.py": {"executed_lines": [1, 7, 8, 11], "summary": {"covered_lines": 3, "num_statements": 3, "percent_covered": 100.0, "percent_covered_display": "100", "missing_lines": 0, "excluded_lines": 0}, "missing_lines": [], "excluded_lines": [], "functions": {"": {"executed_lines": [1, 7, 8, 11], "summary": {"covered_lines": 3, "num_statements": 3, "percent_covered": 100.0, "percent_covered_display": "100", "missing_lines": 0, "excluded_lines": 0}, "missing_lines": [], "excluded_lines": []}}, "classes": {"": {"executed_lines": [1, 7, 8, 11], "summary": {"covered_lines": 3, "num_statements": 3, "percent_covered": 100.0, "percent_covered_display": "100", "missing_lines": 0, "excluded_lines": 0}, "missing_lines": [], "excluded_lines": []}}}, "app/api/diffusion/__init__.py": {"executed_lines": [], "summary": {"covered_lines": 0, "num_statements": 2, "percent_covered": 0.0, "percent_covered_display": "0", "missing_lines": 2, "excluded_lines": 0}, "missing_lines": [8, 10], "excluded_lines": [], "functions": {"": {"executed_lines": [], "summary": {"covered_lines": 0, "num_statements": 2, "percent_covered": 0.0, "percent_covered_display": "0", "missing_lines": 2, "excluded_lines": 0}, "missing_lines": [8, 10], "excluded_lines": []}}, "classes": {"": {"executed_lines": [], "summary": {"covered_lines": 0, "num_statements": 2, "percent_covered": 0.0, "percent_covered_display": "0", "missing_lines": 2, "excluded_lines": 0}, "missing_lines": [8, 10], "excluded_lines": []}}}, "app/api/diffusion/admin.py": {"executed_lines": [], "summary": {"covered_lines": 0, "num_statements": 53, "percent_covered": 0.0, "percent_covered_display": "0", "missing_lines": 53, "excluded_lines": 0}, "missing_lines": [5, 7, 9, 10, 12, 14, 17, 18, 20, 21, 22, 23, 25, 26, 27, 30, 31, 33, 34, 35, 37, 42, 43, 44, 51, 52, 54, 55, 56, 57, 59, 60, 61, 64, 65, 67, 68, 69, 71, 72, 74, 79, 80, 81, 84, 85, 87, 88, 89, 91, 96, 97, 98], "excluded_lines": [], "functions": {"get_stats": {"executed_lines": [], "summary": {"covered_lines": 0, "num_statements": 7, "percent_covered": 0.0, "percent_covered_display": "0", "missing_lines": 7, "excluded_lines": 0}, "missing_lines": [20, 21, 22, 23, 25, 26, 27], "excluded_lines": []}, "health_check": {"executed_lines": [], "summary": {"covered_lines": 0, "num_statements": 7, "percent_covered": 0.0, "percent_covered_display": "0", "missing_lines": 7, "excluded_lines": 0}, "missing_lines": [33, 34, 35, 37, 42, 43, 44], "excluded_lines": []}, "get_models": {"executed_lines": [], "summary": {"covered_lines": 0, "num_statements": 7, "percent_covered": 0.0, "percent_covered_display": "0", "missing_lines": 7, "excluded_lines": 0}, "missing_lines": [54, 55, 56, 57, 59, 60, 61], "excluded_lines": []}, "reload_model": {"executed_lines": [], "summary": {"covered_lines": 0, "num_statements": 9, "percent_covered": 0.0, "percent_covered_display": "0", "missing_lines": 9, "excluded_lines": 0}, "missing_lines": [67, 68, 69, 71, 72, 74, 79, 80, 81], "excluded_lines": []}, "cleanup": {"executed_lines": [], "summary": {"covered_lines": 0, "num_statements": 7, "percent_covered": 0.0, "percent_covered_display": "0", "missing_lines": 7, "excluded_lines": 0}, "missing_lines": [87, 88, 89, 91, 96, 97, 98], "excluded_lines": []}, "": {"executed_lines": [], "summary": {"covered_lines": 0, "num_statements": 16, "percent_covered": 0.0, "percent_covered_display": "0", "missing_lines": 16, "excluded_lines": 0}, "missing_lines": [5, 7, 9, 10, 12, 14, 17, 18, 30, 31, 51, 52, 64, 65, 84, 85], "excluded_lines": []}}, "classes": {"": {"executed_lines": [], "summary": {"covered_lines": 0, "num_statements": 53, "percent_covered": 0.0, "percent_covered_display": "0", "missing_lines": 53, "excluded_lines": 0}, "missing_lines": [5, 7, 9, 10, 12, 14, 17, 18, 20, 21, 22, 23, 25, 26, 27, 30, 31, 33, 34, 35, 37, 42, 43, 44, 51, 52, 54, 55, 56, 57, 59, 60, 61, 64, 65, 67, 68, 69, 71, 72, 74, 79, 80, 81, 84, 85, 87, 88, 89, 91, 96, 97, 98], "excluded_lines": []}}}, "app/api/diffusion/endpoints.py": {"executed_lines": [], "summary": {"covered_lines": 0, "num_statements": 104, "percent_covered": 0.0, "percent_covered_display": "0", "missing_lines": 104, "excluded_lines": 0}, "missing_lines": [5, 7, 8, 10, 16, 18, 20, 23, 24, 26, 27, 30, 31, 43, 44, 45, 47, 48, 49, 50, 51, 52, 53, 54, 56, 64, 65, 66, 69, 70, 72, 73, 76, 77, 88, 89, 90, 97, 99, 100, 101, 104, 105, 107, 108, 111, 112, 123, 124, 125, 127, 128, 129, 130, 131, 132, 133, 134, 136, 144, 145, 146, 149, 150, 152, 153, 156, 157, 167, 168, 169, 176, 178, 179, 180, 183, 184, 186, 187, 188, 189, 191, 192, 193, 196, 197, 199, 200, 201, 202, 204, 205, 206, 209, 210, 212, 213, 214, 216, 217, 219, 221, 222, 223], "excluded_lines": [], "functions": {"generate_text": {"executed_lines": [], "summary": {"covered_lines": 0, "num_statements": 19, "percent_covered": 0.0, "percent_covered_display": "0", "missing_lines": 19, "excluded_lines": 0}, "missing_lines": [26, 27, 30, 31, 43, 44, 45, 47, 48, 49, 50, 51, 52, 53, 54, 56, 64, 65, 66], "excluded_lines": []}, "generate_text_stream": {"executed_lines": [], "summary": {"covered_lines": 0, "num_statements": 9, "percent_covered": 0.0, "percent_covered_display": "0", "missing_lines": 9, "excluded_lines": 0}, "missing_lines": [72, 73, 76, 77, 88, 97, 99, 100, 101], "excluded_lines": []}, "generate_text_stream.event_generator": {"executed_lines": [], "summary": {"covered_lines": 0, "num_statements": 2, "percent_covered": 0.0, "percent_covered_display": "0", "missing_lines": 2, "excluded_lines": 0}, "missing_lines": [89, 90], "excluded_lines": []}, "infill_text": {"executed_lines": [], "summary": {"covered_lines": 0, "num_statements": 19, "percent_covered": 0.0, "percent_covered_display": "0", "missing_lines": 19, "excluded_lines": 0}, "missing_lines": [107, 108, 111, 112, 123, 124, 125, 127, 128, 129, 130, 131, 132, 133, 134, 136, 144, 145, 146], "excluded_lines": []}, "infill_text_stream": {"executed_lines": [], "summary": {"covered_lines": 0, "num_statements": 9, "percent_covered": 0.0, "percent_covered_display": "0", "missing_lines": 9, "excluded_lines": 0}, "missing_lines": [152, 153, 156, 157, 167, 176, 178, 179, 180], "excluded_lines": []}, "infill_text_stream.event_generator": {"executed_lines": [], "summary": {"covered_lines": 0, "num_statements": 2, "percent_covered": 0.0, "percent_covered_display": "0", "missing_lines": 2, "excluded_lines": 0}, "missing_lines": [168, 169], "excluded_lines": []}, "get_models": {"executed_lines": [], "summary": {"covered_lines": 0, "num_statements": 7, "percent_covered": 0.0, "percent_covered_display": "0", "missing_lines": 7, "excluded_lines": 0}, "missing_lines": [186, 187, 188, 189, 191, 192, 193], "excluded_lines": []}, "get_config": {"executed_lines": [], "summary": {"covered_lines": 0, "num_statements": 7, "percent_covered": 0.0, "percent_covered_display": "0", "missing_lines": 7, "excluded_lines": 0}, "missing_lines": [199, 200, 201, 202, 204, 205, 206], "excluded_lines": []}, "update_config": {"executed_lines": [], "summary": {"covered_lines": 0, "num_statements": 9, "percent_covered": 0.0, "percent_covered_display": "0", "missing_lines": 9, "excluded_lines": 0}, "missing_lines": [212, 213, 214, 216, 217, 219, 221, 222, 223], "excluded_lines": []}, "": {"executed_lines": [], "summary": {"covered_lines": 0, "num_statements": 21, "percent_covered": 0.0, "percent_covered_display": "0", "missing_lines": 21, "excluded_lines": 0}, "missing_lines": [5, 7, 8, 10, 16, 18, 20, 23, 24, 69, 70, 104, 105, 149, 150, 183, 184, 196, 197, 209, 210], "excluded_lines": []}}, "classes": {"": {"executed_lines": [], "summary": {"covered_lines": 0, "num_statements": 104, "percent_covered": 0.0, "percent_covered_display": "0", "missing_lines": 104, "excluded_lines": 0}, "missing_lines": [5, 7, 8, 10, 16, 18, 20, 23, 24, 26, 27, 30, 31, 43, 44, 45, 47, 48, 49, 50, 51, 52, 53, 54, 56, 64, 65, 66, 69, 70, 72, 73, 76, 77, 88, 89, 90, 97, 99, 100, 101, 104, 105, 107, 108, 111, 112, 123, 124, 125, 127, 128, 129, 130, 131, 132, 133, 134, 136, 144, 145, 146, 149, 150, 152, 153, 156, 157, 167, 168, 169, 176, 178, 179, 180, 183, 184, 186, 187, 188, 189, 191, 192, 193, 196, 197, 199, 200, 201, 202, 204, 205, 206, 209, 210, 212, 213, 214, 216, 217, 219, 221, 222, 223], "excluded_lines": []}}}, "app/api/diffusion/models.py": {"executed_lines": [], "summary": {"covered_lines": 0, "num_statements": 63, "percent_covered": 0.0, "percent_covered_display": "0", "missing_lines": 63, "excluded_lines": 0}, "missing_lines": [5, 6, 9, 11, 12, 13, 14, 15, 16, 17, 18, 21, 23, 24, 25, 26, 27, 28, 29, 32, 34, 35, 36, 37, 38, 39, 42, 44, 45, 46, 47, 48, 49, 52, 54, 55, 56, 57, 60, 62, 63, 64, 65, 66, 67, 68, 71, 73, 74, 75, 76, 77, 78, 81, 83, 85, 86, 87, 88, 89, 90, 91, 92], "excluded_lines": [], "functions": {"": {"executed_lines": [], "summary": {"covered_lines": 0, "num_statements": 63, "percent_covered": 0.0, "percent_covered_display": "0", "missing_lines": 63, "excluded_lines": 0}, "missing_lines": [5, 6, 9, 11, 12, 13, 14, 15, 16, 17, 18, 21, 23, 24, 25, 26, 27, 28, 29, 32, 34, 35, 36, 37, 38, 39, 42, 44, 45, 46, 47, 48, 49, 52, 54, 55, 56, 57, 60, 62, 63, 64, 65, 66, 67, 68, 71, 73, 74, 75, 76, 77, 78, 81, 83, 85, 86, 87, 88, 89, 90, 91, 92], "excluded_lines": []}}, "classes": {"DiffusionGenerationRequest": {"executed_lines": [], "summary": {"covered_lines": 0, "num_statements": 0, "percent_covered": 100.0, "percent_covered_display": "100", "missing_lines": 0, "excluded_lines": 0}, "missing_lines": [], "excluded_lines": []}, "DiffusionInfillingRequest": {"executed_lines": [], "summary": {"covered_lines": 0, "num_statements": 0, "percent_covered": 100.0, "percent_covered_display": "100", "missing_lines": 0, "excluded_lines": 0}, "missing_lines": [], "excluded_lines": []}, "DiffusionGenerationResponse": {"executed_lines": [], "summary": {"covered_lines": 0, "num_statements": 0, "percent_covered": 100.0, "percent_covered_display": "100", "missing_lines": 0, "excluded_lines": 0}, "missing_lines": [], "excluded_lines": []}, "DiffusionInfillingResponse": {"executed_lines": [], "summary": {"covered_lines": 0, "num_statements": 0, "percent_covered": 100.0, "percent_covered_display": "100", "missing_lines": 0, "excluded_lines": 0}, "missing_lines": [], "excluded_lines": []}, "DiffusionStreamEvent": {"executed_lines": [], "summary": {"covered_lines": 0, "num_statements": 0, "percent_covered": 100.0, "percent_covered_display": "100", "missing_lines": 0, "excluded_lines": 0}, "missing_lines": [], "excluded_lines": []}, "DiffusionModelInfo": {"executed_lines": [], "summary": {"covered_lines": 0, "num_statements": 0, "percent_covered": 100.0, "percent_covered_display": "100", "missing_lines": 0, "excluded_lines": 0}, "missing_lines": [], "excluded_lines": []}, "DiffusionConfig": {"executed_lines": [], "summary": {"covered_lines": 0, "num_statements": 0, "percent_covered": 100.0, "percent_covered_display": "100", "missing_lines": 0, "excluded_lines": 0}, "missing_lines": [], "excluded_lines": []}, "DiffusionStats": {"executed_lines": [], "summary": {"covered_lines": 0, "num_statements": 0, "percent_covered": 100.0, "percent_covered_display": "100", "missing_lines": 0, "excluded_lines": 0}, "missing_lines": [], "excluded_lines": []}, "": {"executed_lines": [], "summary": {"covered_lines": 0, "num_statements": 63, "percent_covered": 0.0, "percent_covered_display": "0", "missing_lines": 63, "excluded_lines": 0}, "missing_lines": [5, 6, 9, 11, 12, 13, 14, 15, 16, 17, 18, 21, 23, 24, 25, 26, 27, 28, 29, 32, 34, 35, 36, 37, 38, 39, 42, 44, 45, 46, 47, 48, 49, 52, 54, 55, 56, 57, 60, 62, 63, 64, 65, 66, 67, 68, 71, 73, 74, 75, 76, 77, 78, 81, 83, 85, 86, 87, 88, 89, 90, 91, 92], "excluded_lines": []}}}, "app/api/diffusion/router.py": {"executed_lines": [], "summary": {"covered_lines": 0, "num_statements": 6, "percent_covered": 0.0, "percent_covered_display": "0", "missing_lines": 6, "excluded_lines": 0}, "missing_lines": [5, 6, 7, 9, 12, 13], "excluded_lines": [], "functions": {"": {"executed_lines": [], "summary": {"covered_lines": 0, "num_statements": 6, "percent_covered": 0.0, "percent_covered_display": "0", "missing_lines": 6, "excluded_lines": 0}, "missing_lines": [5, 6, 7, 9, 12, 13], "excluded_lines": []}}, "classes": {"": {"executed_lines": [], "summary": {"covered_lines": 0, "num_statements": 6, "percent_covered": 0.0, "percent_covered_display": "0", "missing_lines": 6, "excluded_lines": 0}, "missing_lines": [5, 6, 7, 9, 12, 13], "excluded_lines": []}}}, "app/api/diffusion/service.py": {"executed_lines": [], "summary": {"covered_lines": 0, "num_statements": 18, "percent_covered": 0.0, "percent_covered_display": "0", "missing_lines": 18, "excluded_lines": 0}, "missing_lines": [5, 6, 8, 10, 13, 16, 19, 20, 21, 24, 26, 27, 28, 29, 30, 31, 32, 33], "excluded_lines": [], "functions": {"get_diffusion_service": {"executed_lines": [], "summary": {"covered_lines": 0, "num_statements": 3, "percent_covered": 0.0, "percent_covered_display": "0", "missing_lines": 3, "excluded_lines": 0}, "missing_lines": [19, 20, 21], "excluded_lines": []}, "initialize_diffusion_service": {"executed_lines": [], "summary": {"covered_lines": 0, "num_statements": 8, "percent_covered": 0.0, "percent_covered_display": "0", "missing_lines": 8, "excluded_lines": 0}, "missing_lines": [26, 27, 28, 29, 30, 31, 32, 33], "excluded_lines": []}, "": {"executed_lines": [], "summary": {"covered_lines": 0, "num_statements": 7, "percent_covered": 0.0, "percent_covered_display": "0", "missing_lines": 7, "excluded_lines": 0}, "missing_lines": [5, 6, 8, 10, 13, 16, 24], "excluded_lines": []}}, "classes": {"": {"executed_lines": [], "summary": {"covered_lines": 0, "num_statements": 18, "percent_covered": 0.0, "percent_covered_display": "0", "missing_lines": 18, "excluded_lines": 0}, "missing_lines": [5, 6, 8, 10, 13, 16, 19, 20, 21, 24, 26, 27, 28, 29, 30, 31, 32, 33], "excluded_lines": []}}}, "app/api/embedding_visualization.py": {"executed_lines": [], "summary": {"covered_lines": 0, "num_statements": 171, "percent_covered": 0.0, "percent_covered_display": "0", "missing_lines": 171, "excluded_lines": 0}, "missing_lines": [7, 8, 9, 10, 11, 13, 14, 16, 17, 18, 24, 29, 31, 34, 38, 41, 42, 45, 48, 51, 54, 55, 60, 63, 64, 65, 66, 67, 68, 69, 70, 71, 72, 75, 78, 79, 80, 81, 82, 83, 84, 85, 88, 91, 94, 97, 98, 99, 100, 101, 102, 103, 106, 109, 110, 111, 112, 113, 114, 118, 121, 122, 124, 126, 127, 128, 130, 132, 133, 134, 136, 138, 139, 141, 149, 150, 151, 152, 153, 154, 155, 158, 159, 163, 166, 167, 176, 177, 179, 190, 191, 192, 195, 196, 205, 206, 207, 209, 210, 211, 214, 215, 236, 238, 239, 240, 246, 247, 248, 249, 252, 253, 260, 271, 274, 282, 295, 296, 297, 298, 299, 302, 303, 317, 318, 319, 322, 324, 327, 329, 339, 340, 341, 342, 343, 346, 347, 356, 357, 359, 368, 369, 370, 373, 374, 383, 384, 385, 387, 388, 389, 392, 393, 400, 402, 403, 405, 408, 410, 411, 412, 413, 414, 417, 418, 425, 427, 429, 438, 439, 440], "excluded_lines": [], "functions": {"WebSocketManager.__init__": {"executed_lines": [], "summary": {"covered_lines": 0, "num_statements": 1, "percent_covered": 0.0, "percent_covered_display": "0", "missing_lines": 1, "excluded_lines": 0}, "missing_lines": [122], "excluded_lines": []}, "WebSocketManager.connect": {"executed_lines": [], "summary": {"covered_lines": 0, "num_statements": 3, "percent_covered": 0.0, "percent_covered_display": "0", "missing_lines": 3, "excluded_lines": 0}, "missing_lines": [126, 127, 128], "excluded_lines": []}, "WebSocketManager.disconnect": {"executed_lines": [], "summary": {"covered_lines": 0, "num_statements": 3, "percent_covered": 0.0, "percent_covered_display": "0", "missing_lines": 3, "excluded_lines": 0}, "missing_lines": [132, 133, 134], "excluded_lines": []}, "WebSocketManager.send_progress": {"executed_lines": [], "summary": {"covered_lines": 0, "num_statements": 12, "percent_covered": 0.0, "percent_covered_display": "0", "missing_lines": 12, "excluded_lines": 0}, "missing_lines": [138, 139, 141, 149, 150, 151, 152, 153, 154, 155, 158, 159], "excluded_lines": []}, "get_embedding_stats": {"executed_lines": [], "summary": {"covered_lines": 0, "num_statements": 6, "percent_covered": 0.0, "percent_covered_display": "0", "missing_lines": 6, "excluded_lines": 0}, "missing_lines": [176, 177, 179, 190, 191, 192], "excluded_lines": []}, "get_available_reduction_methods": {"executed_lines": [], "summary": {"covered_lines": 0, "num_statements": 6, "percent_covered": 0.0, "percent_covered_display": "0", "missing_lines": 6, "excluded_lines": 0}, "missing_lines": [205, 206, 207, 209, 210, 211], "excluded_lines": []}, "perform_embedding_reduction": {"executed_lines": [], "summary": {"covered_lines": 0, "num_statements": 19, "percent_covered": 0.0, "percent_covered_display": "0", "missing_lines": 19, "excluded_lines": 0}, "missing_lines": [236, 238, 239, 240, 246, 247, 248, 249, 252, 253, 260, 271, 274, 282, 295, 296, 297, 298, 299], "excluded_lines": []}, "analyze_embedding_quality": {"executed_lines": [], "summary": {"covered_lines": 0, "num_statements": 12, "percent_covered": 0.0, "percent_covered_display": "0", "missing_lines": 12, "excluded_lines": 0}, "missing_lines": [317, 318, 319, 322, 324, 327, 329, 339, 340, 341, 342, 343], "excluded_lines": []}, "get_cache_stats": {"executed_lines": [], "summary": {"covered_lines": 0, "num_statements": 6, "percent_covered": 0.0, "percent_covered_display": "0", "missing_lines": 6, "excluded_lines": 0}, "missing_lines": [356, 357, 359, 368, 369, 370], "excluded_lines": []}, "clear_cache": {"executed_lines": [], "summary": {"covered_lines": 0, "num_statements": 6, "percent_covered": 0.0, "percent_covered_display": "0", "missing_lines": 6, "excluded_lines": 0}, "missing_lines": [383, 384, 385, 387, 388, 389], "excluded_lines": []}, "embedding_visualization_progress_websocket": {"executed_lines": [], "summary": {"covered_lines": 0, "num_statements": 10, "percent_covered": 0.0, "percent_covered_display": "0", "missing_lines": 10, "excluded_lines": 0}, "missing_lines": [400, 402, 403, 405, 408, 410, 411, 412, 413, 414], "excluded_lines": []}, "health_check": {"executed_lines": [], "summary": {"covered_lines": 0, "num_statements": 6, "percent_covered": 0.0, "percent_covered_display": "0", "missing_lines": 6, "excluded_lines": 0}, "missing_lines": [425, 427, 429, 438, 439, 440], "excluded_lines": []}, "": {"executed_lines": [], "summary": {"covered_lines": 0, "num_statements": 81, "percent_covered": 0.0, "percent_covered_display": "0", "missing_lines": 81, "excluded_lines": 0}, "missing_lines": [7, 8, 9, 10, 11, 13, 14, 16, 17, 18, 24, 29, 31, 34, 38, 41, 42, 45, 48, 51, 54, 55, 60, 63, 64, 65, 66, 67, 68, 69, 70, 71, 72, 75, 78, 79, 80, 81, 82, 83, 84, 85, 88, 91, 94, 97, 98, 99, 100, 101, 102, 103, 106, 109, 110, 111, 112, 113, 114, 118, 121, 124, 130, 136, 163, 166, 167, 195, 196, 214, 215, 302, 303, 346, 347, 373, 374, 392, 393, 417, 418], "excluded_lines": []}}, "classes": {"EmbeddingReductionRequest": {"executed_lines": [], "summary": {"covered_lines": 0, "num_statements": 0, "percent_covered": 100.0, "percent_covered_display": "100", "missing_lines": 0, "excluded_lines": 0}, "missing_lines": [], "excluded_lines": []}, "EmbeddingReductionResponse": {"executed_lines": [], "summary": {"covered_lines": 0, "num_statements": 0, "percent_covered": 100.0, "percent_covered_display": "100", "missing_lines": 0, "excluded_lines": 0}, "missing_lines": [], "excluded_lines": []}, "EmbeddingStatsResponse": {"executed_lines": [], "summary": {"covered_lines": 0, "num_statements": 0, "percent_covered": 100.0, "percent_covered_display": "100", "missing_lines": 0, "excluded_lines": 0}, "missing_lines": [], "excluded_lines": []}, "EmbeddingQualityRequest": {"executed_lines": [], "summary": {"covered_lines": 0, "num_statements": 0, "percent_covered": 100.0, "percent_covered_display": "100", "missing_lines": 0, "excluded_lines": 0}, "missing_lines": [], "excluded_lines": []}, "EmbeddingQualityResponse": {"executed_lines": [], "summary": {"covered_lines": 0, "num_statements": 0, "percent_covered": 100.0, "percent_covered_display": "100", "missing_lines": 0, "excluded_lines": 0}, "missing_lines": [], "excluded_lines": []}, "CacheStatsResponse": {"executed_lines": [], "summary": {"covered_lines": 0, "num_statements": 0, "percent_covered": 100.0, "percent_covered_display": "100", "missing_lines": 0, "excluded_lines": 0}, "missing_lines": [], "excluded_lines": []}, "WebSocketManager": {"executed_lines": [], "summary": {"covered_lines": 0, "num_statements": 19, "percent_covered": 0.0, "percent_covered_display": "0", "missing_lines": 19, "excluded_lines": 0}, "missing_lines": [122, 126, 127, 128, 132, 133, 134, 138, 139, 141, 149, 150, 151, 152, 153, 154, 155, 158, 159], "excluded_lines": []}, "": {"executed_lines": [], "summary": {"covered_lines": 0, "num_statements": 152, "percent_covered": 0.0, "percent_covered_display": "0", "missing_lines": 152, "excluded_lines": 0}, "missing_lines": [7, 8, 9, 10, 11, 13, 14, 16, 17, 18, 24, 29, 31, 34, 38, 41, 42, 45, 48, 51, 54, 55, 60, 63, 64, 65, 66, 67, 68, 69, 70, 71, 72, 75, 78, 79, 80, 81, 82, 83, 84, 85, 88, 91, 94, 97, 98, 99, 100, 101, 102, 103, 106, 109, 110, 111, 112, 113, 114, 118, 121, 124, 130, 136, 163, 166, 167, 176, 177, 179, 190, 191, 192, 195, 196, 205, 206, 207, 209, 210, 211, 214, 215, 236, 238, 239, 240, 246, 247, 248, 249, 252, 253, 260, 271, 274, 282, 295, 296, 297, 298, 299, 302, 303, 317, 318, 319, 322, 324, 327, 329, 339, 340, 341, 342, 343, 346, 347, 356, 357, 359, 368, 369, 370, 373, 374, 383, 384, 385, 387, 388, 389, 392, 393, 400, 402, 403, 405, 408, 410, 411, 412, 413, 414, 417, 418, 425, 427, 429, 438, 439, 440], "excluded_lines": []}}}, "app/api/executor/__init__.py": {"executed_lines": [0], "summary": {"covered_lines": 0, "num_statements": 0, "percent_covered": 100.0, "percent_covered_display": "100", "missing_lines": 0, "excluded_lines": 0}, "missing_lines": [], "excluded_lines": [], "functions": {"": {"executed_lines": [], "summary": {"covered_lines": 0, "num_statements": 0, "percent_covered": 100.0, "percent_covered_display": "100", "missing_lines": 0, "excluded_lines": 0}, "missing_lines": [], "excluded_lines": []}}, "classes": {"": {"executed_lines": [], "summary": {"covered_lines": 0, "num_statements": 0, "percent_covered": 100.0, "percent_covered_display": "100", "missing_lines": 0, "excluded_lines": 0}, "missing_lines": [], "excluded_lines": []}}}, "app/api/executor/executor.py": {"executed_lines": [1, 7, 9, 10, 13, 14, 15], "summary": {"covered_lines": 6, "num_statements": 6, "percent_covered": 100.0, "percent_covered_display": "100", "missing_lines": 0, "excluded_lines": 0}, "missing_lines": [], "excluded_lines": [], "functions": {"": {"executed_lines": [1, 7, 9, 10, 13, 14, 15], "summary": {"covered_lines": 6, "num_statements": 6, "percent_covered": 100.0, "percent_covered_display": "100", "missing_lines": 0, "excluded_lines": 0}, "missing_lines": [], "excluded_lines": []}}, "classes": {"": {"executed_lines": [1, 7, 9, 10, 13, 14, 15], "summary": {"covered_lines": 6, "num_statements": 6, "percent_covered": 100.0, "percent_covered_display": "100", "missing_lines": 0, "excluded_lines": 0}, "missing_lines": [], "excluded_lines": []}}}, "app/api/executor/executor_core_endpoints.py": {"executed_lines": [1, 7, 8, 9, 11, 12, 19, 21, 24, 25, 44, 45, 69, 70, 96, 97], "summary": {"covered_lines": 15, "num_statements": 45, "percent_covered": 33.333333333333336, "percent_covered_display": "33", "missing_lines": 30, "excluded_lines": 0}, "missing_lines": [27, 28, 29, 31, 36, 37, 38, 47, 48, 49, 51, 61, 62, 63, 72, 73, 74, 76, 88, 89, 90, 99, 100, 101, 109, 111, 113, 119, 120, 121], "excluded_lines": [], "functions": {"get_executor_state": {"executed_lines": [], "summary": {"covered_lines": 0, "num_statements": 7, "percent_covered": 0.0, "percent_covered_display": "0", "missing_lines": 7, "excluded_lines": 0}, "missing_lines": [27, 28, 29, 31, 36, 37, 38], "excluded_lines": []}, "get_executor_stats": {"executed_lines": [], "summary": {"covered_lines": 0, "num_statements": 7, "percent_covered": 0.0, "percent_covered_display": "0", "missing_lines": 7, "excluded_lines": 0}, "missing_lines": [47, 48, 49, 51, 61, 62, 63], "excluded_lines": []}, "get_active_tasks": {"executed_lines": [], "summary": {"covered_lines": 0, "num_statements": 7, "percent_covered": 0.0, "percent_covered_display": "0", "missing_lines": 7, "excluded_lines": 0}, "missing_lines": [72, 73, 74, 76, 88, 89, 90], "excluded_lines": []}, "initialize_executor": {"executed_lines": [], "summary": {"covered_lines": 0, "num_statements": 9, "percent_covered": 0.0, "percent_covered_display": "0", "missing_lines": 9, "excluded_lines": 0}, "missing_lines": [99, 100, 101, 109, 111, 113, 119, 120, 121], "excluded_lines": []}, "": {"executed_lines": [1, 7, 8, 9, 11, 12, 19, 21, 24, 25, 44, 45, 69, 70, 96, 97], "summary": {"covered_lines": 15, "num_statements": 15, "percent_covered": 100.0, "percent_covered_display": "100", "missing_lines": 0, "excluded_lines": 0}, "missing_lines": [], "excluded_lines": []}}, "classes": {"": {"executed_lines": [1, 7, 8, 9, 11, 12, 19, 21, 24, 25, 44, 45, 69, 70, 96, 97], "summary": {"covered_lines": 15, "num_statements": 45, "percent_covered": 33.333333333333336, "percent_covered_display": "33", "missing_lines": 30, "excluded_lines": 0}, "missing_lines": [27, 28, 29, 31, 36, 37, 38, 47, 48, 49, 51, 61, 62, 63, 72, 73, 74, 76, 88, 89, 90, 99, 100, 101, 109, 111, 113, 119, 120, 121], "excluded_lines": []}}}, "app/api/executor/executor_management_endpoints.py": {"executed_lines": [1, 7, 8, 10, 11, 13, 15, 18, 19, 38, 39, 64, 65], "summary": {"covered_lines": 12, "num_statements": 31, "percent_covered": 38.70967741935484, "percent_covered_display": "39", "missing_lines": 19, "excluded_lines": 0}, "missing_lines": [21, 22, 23, 25, 30, 31, 32, 47, 50, 56, 57, 58, 67, 68, 69, 71, 79, 80, 81], "excluded_lines": [], "functions": {"shutdown_executor": {"executed_lines": [], "summary": {"covered_lines": 0, "num_statements": 7, "percent_covered": 0.0, "percent_covered_display": "0", "missing_lines": 7, "excluded_lines": 0}, "missing_lines": [21, 22, 23, 25, 30, 31, 32], "excluded_lines": []}, "execute_task": {"executed_lines": [], "summary": {"covered_lines": 0, "num_statements": 5, "percent_covered": 0.0, "percent_covered_display": "0", "missing_lines": 5, "excluded_lines": 0}, "missing_lines": [47, 50, 56, 57, 58], "excluded_lines": []}, "health_check": {"executed_lines": [], "summary": {"covered_lines": 0, "num_statements": 7, "percent_covered": 0.0, "percent_covered_display": "0", "missing_lines": 7, "excluded_lines": 0}, "missing_lines": [67, 68, 69, 71, 79, 80, 81], "excluded_lines": []}, "": {"executed_lines": [1, 7, 8, 10, 11, 13, 15, 18, 19, 38, 39, 64, 65], "summary": {"covered_lines": 12, "num_statements": 12, "percent_covered": 100.0, "percent_covered_display": "100", "missing_lines": 0, "excluded_lines": 0}, "missing_lines": [], "excluded_lines": []}}, "classes": {"": {"executed_lines": [1, 7, 8, 10, 11, 13, 15, 18, 19, 38, 39, 64, 65], "summary": {"covered_lines": 12, "num_statements": 31, "percent_covered": 38.70967741935484, "percent_covered_display": "39", "missing_lines": 19, "excluded_lines": 0}, "missing_lines": [21, 22, 23, 25, 30, 31, 32, 47, 50, 56, 57, 58, 67, 68, 69, 71, 79, 80, 81], "excluded_lines": []}}}, "app/api/executor/executor_models.py": {"executed_lines": [1, 7, 8, 11, 12, 13, 14, 15, 16, 17, 20, 21, 22, 23, 24, 25, 26, 27, 30, 31, 32, 33, 34, 35, 36, 39, 40, 41, 44, 45, 46, 47], "summary": {"covered_lines": 31, "num_statements": 31, "percent_covered": 100.0, "percent_covered_display": "100", "missing_lines": 0, "excluded_lines": 0}, "missing_lines": [], "excluded_lines": [], "functions": {"": {"executed_lines": [1, 7, 8, 11, 12, 13, 14, 15, 16, 17, 20, 21, 22, 23, 24, 25, 26, 27, 30, 31, 32, 33, 34, 35, 36, 39, 40, 41, 44, 45, 46, 47], "summary": {"covered_lines": 31, "num_statements": 31, "percent_covered": 100.0, "percent_covered_display": "100", "missing_lines": 0, "excluded_lines": 0}, "missing_lines": [], "excluded_lines": []}}, "classes": {"ExecutorConfigRequest": {"executed_lines": [], "summary": {"covered_lines": 0, "num_statements": 0, "percent_covered": 100.0, "percent_covered_display": "100", "missing_lines": 0, "excluded_lines": 0}, "missing_lines": [], "excluded_lines": []}, "ExecutorStatsResponse": {"executed_lines": [], "summary": {"covered_lines": 0, "num_statements": 0, "percent_covered": 100.0, "percent_covered_display": "100", "missing_lines": 0, "excluded_lines": 0}, "missing_lines": [], "excluded_lines": []}, "TaskInfoResponse": {"executed_lines": [], "summary": {"covered_lines": 0, "num_statements": 0, "percent_covered": 100.0, "percent_covered_display": "100", "missing_lines": 0, "excluded_lines": 0}, "missing_lines": [], "excluded_lines": []}, "ExecutorStateResponse": {"executed_lines": [], "summary": {"covered_lines": 0, "num_statements": 0, "percent_covered": 100.0, "percent_covered_display": "100", "missing_lines": 0, "excluded_lines": 0}, "missing_lines": [], "excluded_lines": []}, "TaskExecutionRequest": {"executed_lines": [], "summary": {"covered_lines": 0, "num_statements": 0, "percent_covered": 100.0, "percent_covered_display": "100", "missing_lines": 0, "excluded_lines": 0}, "missing_lines": [], "excluded_lines": []}, "": {"executed_lines": [1, 7, 8, 11, 12, 13, 14, 15, 16, 17, 20, 21, 22, 23, 24, 25, 26, 27, 30, 31, 32, 33, 34, 35, 36, 39, 40, 41, 44, 45, 46, 47], "summary": {"covered_lines": 31, "num_statements": 31, "percent_covered": 100.0, "percent_covered_display": "100", "missing_lines": 0, "excluded_lines": 0}, "missing_lines": [], "excluded_lines": []}}}, "app/api/hf_cache/__init__.py": {"executed_lines": [0], "summary": {"covered_lines": 0, "num_statements": 0, "percent_covered": 100.0, "percent_covered_display": "100", "missing_lines": 0, "excluded_lines": 0}, "missing_lines": [], "excluded_lines": [], "functions": {"": {"executed_lines": [], "summary": {"covered_lines": 0, "num_statements": 0, "percent_covered": 100.0, "percent_covered_display": "100", "missing_lines": 0, "excluded_lines": 0}, "missing_lines": [], "excluded_lines": []}}, "classes": {"": {"executed_lines": [], "summary": {"covered_lines": 0, "num_statements": 0, "percent_covered": 100.0, "percent_covered_display": "100", "missing_lines": 0, "excluded_lines": 0}, "missing_lines": [], "excluded_lines": []}}}, "app/api/hf_cache/hf_cache.py": {"executed_lines": [1, 7, 9, 10, 11, 14, 15, 16, 17], "summary": {"covered_lines": 8, "num_statements": 8, "percent_covered": 100.0, "percent_covered_display": "100", "missing_lines": 0, "excluded_lines": 0}, "missing_lines": [], "excluded_lines": [], "functions": {"": {"executed_lines": [1, 7, 9, 10, 11, 14, 15, 16, 17], "summary": {"covered_lines": 8, "num_statements": 8, "percent_covered": 100.0, "percent_covered_display": "100", "missing_lines": 0, "excluded_lines": 0}, "missing_lines": [], "excluded_lines": []}}, "classes": {"": {"executed_lines": [1, 7, 9, 10, 11, 14, 15, 16, 17], "summary": {"covered_lines": 8, "num_statements": 8, "percent_covered": 100.0, "percent_covered_display": "100", "missing_lines": 0, "excluded_lines": 0}, "missing_lines": [], "excluded_lines": []}}}, "app/api/hf_cache/hf_cache_core_endpoints.py": {"executed_lines": [1, 7, 8, 10, 15, 17, 19, 22, 23, 54, 55, 69, 70, 84, 85], "summary": {"covered_lines": 14, "num_statements": 45, "percent_covered": 31.11111111111111, "percent_covered_display": "31", "missing_lines": 31, "excluded_lines": 0}, "missing_lines": [25, 26, 27, 30, 31, 34, 35, 36, 37, 39, 46, 47, 48, 57, 58, 59, 61, 62, 63, 72, 73, 74, 76, 77, 78, 87, 88, 89, 91, 92, 93], "excluded_lines": [], "functions": {"get_cache_info": {"executed_lines": [], "summary": {"covered_lines": 0, "num_statements": 13, "percent_covered": 0.0, "percent_covered_display": "0", "missing_lines": 13, "excluded_lines": 0}, "missing_lines": [25, 26, 27, 30, 31, 34, 35, 36, 37, 39, 46, 47, 48], "excluded_lines": []}, "get_cache_directory": {"executed_lines": [], "summary": {"covered_lines": 0, "num_statements": 6, "percent_covered": 0.0, "percent_covered_display": "0", "missing_lines": 6, "excluded_lines": 0}, "missing_lines": [57, 58, 59, 61, 62, 63], "excluded_lines": []}, "get_hub_directory": {"executed_lines": [], "summary": {"covered_lines": 0, "num_statements": 6, "percent_covered": 0.0, "percent_covered_display": "0", "missing_lines": 6, "excluded_lines": 0}, "missing_lines": [72, 73, 74, 76, 77, 78], "excluded_lines": []}, "ensure_cache_directory": {"executed_lines": [], "summary": {"covered_lines": 0, "num_statements": 6, "percent_covered": 0.0, "percent_covered_display": "0", "missing_lines": 6, "excluded_lines": 0}, "missing_lines": [87, 88, 89, 91, 92, 93], "excluded_lines": []}, "": {"executed_lines": [1, 7, 8, 10, 15, 17, 19, 22, 23, 54, 55, 69, 70, 84, 85], "summary": {"covered_lines": 14, "num_statements": 14, "percent_covered": 100.0, "percent_covered_display": "100", "missing_lines": 0, "excluded_lines": 0}, "missing_lines": [], "excluded_lines": []}}, "classes": {"": {"executed_lines": [1, 7, 8, 10, 15, 17, 19, 22, 23, 54, 55, 69, 70, 84, 85], "summary": {"covered_lines": 14, "num_statements": 45, "percent_covered": 31.11111111111111, "percent_covered_display": "31", "missing_lines": 31, "excluded_lines": 0}, "missing_lines": [25, 26, 27, 30, 31, 34, 35, 36, 37, 39, 46, 47, 48, 57, 58, 59, 61, 62, 63, 72, 73, 74, 76, 77, 78, 87, 88, 89, 91, 92, 93], "excluded_lines": []}}}, "app/api/hf_cache/hf_cache_management_endpoints.py": {"executed_lines": [1, 7, 8, 10, 12, 14, 17, 18, 32, 33], "summary": {"covered_lines": 9, "num_statements": 25, "percent_covered": 36.0, "percent_covered_display": "36", "missing_lines": 16, "excluded_lines": 0}, "missing_lines": [20, 21, 22, 24, 25, 26, 35, 36, 37, 38, 40, 45, 46, 47, 48, 49], "excluded_lines": [], "functions": {"get_cache_size_endpoint": {"executed_lines": [], "summary": {"covered_lines": 0, "num_statements": 6, "percent_covered": 0.0, "percent_covered_display": "0", "missing_lines": 6, "excluded_lines": 0}, "missing_lines": [20, 21, 22, 24, 25, 26], "excluded_lines": []}, "clear_cache_endpoint": {"executed_lines": [], "summary": {"covered_lines": 0, "num_statements": 10, "percent_covered": 0.0, "percent_covered_display": "0", "missing_lines": 10, "excluded_lines": 0}, "missing_lines": [35, 36, 37, 38, 40, 45, 46, 47, 48, 49], "excluded_lines": []}, "": {"executed_lines": [1, 7, 8, 10, 12, 14, 17, 18, 32, 33], "summary": {"covered_lines": 9, "num_statements": 9, "percent_covered": 100.0, "percent_covered_display": "100", "missing_lines": 0, "excluded_lines": 0}, "missing_lines": [], "excluded_lines": []}}, "classes": {"": {"executed_lines": [1, 7, 8, 10, 12, 14, 17, 18, 32, 33], "summary": {"covered_lines": 9, "num_statements": 25, "percent_covered": 36.0, "percent_covered_display": "36", "missing_lines": 16, "excluded_lines": 0}, "missing_lines": [20, 21, 22, 24, 25, 26, 35, 36, 37, 38, 40, 45, 46, 47, 48, 49], "excluded_lines": []}}}, "app/api/hf_cache/hf_cache_model_endpoints.py": {"executed_lines": [1, 7, 8, 10, 15, 17, 19, 22, 23, 60, 61], "summary": {"covered_lines": 10, "num_statements": 34, "percent_covered": 29.41176470588235, "percent_covered_display": "29", "missing_lines": 24, "excluded_lines": 0}, "missing_lines": [25, 26, 27, 28, 31, 32, 33, 34, 35, 36, 37, 39, 40, 41, 43, 52, 53, 54, 63, 64, 65, 67, 68, 69], "excluded_lines": [], "functions": {"get_model_cache_info": {"executed_lines": [], "summary": {"covered_lines": 0, "num_statements": 18, "percent_covered": 0.0, "percent_covered_display": "0", "missing_lines": 18, "excluded_lines": 0}, "missing_lines": [25, 26, 27, 28, 31, 32, 33, 34, 35, 36, 37, 39, 40, 41, 43, 52, 53, 54], "excluded_lines": []}, "check_model_cached": {"executed_lines": [], "summary": {"covered_lines": 0, "num_statements": 6, "percent_covered": 0.0, "percent_covered_display": "0", "missing_lines": 6, "excluded_lines": 0}, "missing_lines": [63, 64, 65, 67, 68, 69], "excluded_lines": []}, "": {"executed_lines": [1, 7, 8, 10, 15, 17, 19, 22, 23, 60, 61], "summary": {"covered_lines": 10, "num_statements": 10, "percent_covered": 100.0, "percent_covered_display": "100", "missing_lines": 0, "excluded_lines": 0}, "missing_lines": [], "excluded_lines": []}}, "classes": {"": {"executed_lines": [1, 7, 8, 10, 15, 17, 19, 22, 23, 60, 61], "summary": {"covered_lines": 10, "num_statements": 34, "percent_covered": 29.41176470588235, "percent_covered_display": "29", "missing_lines": 24, "excluded_lines": 0}, "missing_lines": [25, 26, 27, 28, 31, 32, 33, 34, 35, 36, 37, 39, 40, 41, 43, 52, 53, 54, 63, 64, 65, 67, 68, 69], "excluded_lines": []}}}, "app/api/hf_cache/hf_cache_models.py": {"executed_lines": [1, 7, 8, 11, 12, 14, 15, 16, 17, 20, 21, 22, 23, 24, 25, 26, 29, 30, 31], "summary": {"covered_lines": 18, "num_statements": 18, "percent_covered": 100.0, "percent_covered_display": "100", "missing_lines": 0, "excluded_lines": 0}, "missing_lines": [], "excluded_lines": [], "functions": {"": {"executed_lines": [1, 7, 8, 11, 12, 14, 15, 16, 17, 20, 21, 22, 23, 24, 25, 26, 29, 30, 31], "summary": {"covered_lines": 18, "num_statements": 18, "percent_covered": 100.0, "percent_covered_display": "100", "missing_lines": 0, "excluded_lines": 0}, "missing_lines": [], "excluded_lines": []}}, "classes": {"HFCacheInfoResponse": {"executed_lines": [], "summary": {"covered_lines": 0, "num_statements": 0, "percent_covered": 100.0, "percent_covered_display": "100", "missing_lines": 0, "excluded_lines": 0}, "missing_lines": [], "excluded_lines": []}, "ModelCacheInfoResponse": {"executed_lines": [], "summary": {"covered_lines": 0, "num_statements": 0, "percent_covered": 100.0, "percent_covered_display": "100", "missing_lines": 0, "excluded_lines": 0}, "missing_lines": [], "excluded_lines": []}, "ModelCacheRequest": {"executed_lines": [], "summary": {"covered_lines": 0, "num_statements": 0, "percent_covered": 100.0, "percent_covered_display": "100", "missing_lines": 0, "excluded_lines": 0}, "missing_lines": [], "excluded_lines": []}, "": {"executed_lines": [1, 7, 8, 11, 12, 14, 15, 16, 17, 20, 21, 22, 23, 24, 25, 26, 29, 30, 31], "summary": {"covered_lines": 18, "num_statements": 18, "percent_covered": 100.0, "percent_covered_display": "100", "missing_lines": 0, "excluded_lines": 0}, "missing_lines": [], "excluded_lines": []}}}, "app/api/image_utils/__init__.py": {"executed_lines": [0], "summary": {"covered_lines": 0, "num_statements": 0, "percent_covered": 100.0, "percent_covered_display": "100", "missing_lines": 0, "excluded_lines": 0}, "missing_lines": [], "excluded_lines": [], "functions": {"": {"executed_lines": [], "summary": {"covered_lines": 0, "num_statements": 0, "percent_covered": 100.0, "percent_covered_display": "100", "missing_lines": 0, "excluded_lines": 0}, "missing_lines": [], "excluded_lines": []}}, "classes": {"": {"executed_lines": [], "summary": {"covered_lines": 0, "num_statements": 0, "percent_covered": 100.0, "percent_covered_display": "100", "missing_lines": 0, "excluded_lines": 0}, "missing_lines": [], "excluded_lines": []}}}, "app/api/image_utils/image_utils.py": {"executed_lines": [1, 7, 9, 10, 13, 14, 15], "summary": {"covered_lines": 6, "num_statements": 6, "percent_covered": 100.0, "percent_covered_display": "100", "missing_lines": 0, "excluded_lines": 0}, "missing_lines": [], "excluded_lines": [], "functions": {"": {"executed_lines": [1, 7, 9, 10, 13, 14, 15], "summary": {"covered_lines": 6, "num_statements": 6, "percent_covered": 100.0, "percent_covered_display": "100", "missing_lines": 0, "excluded_lines": 0}, "missing_lines": [], "excluded_lines": []}}, "classes": {"": {"executed_lines": [1, 7, 9, 10, 13, 14, 15], "summary": {"covered_lines": 6, "num_statements": 6, "percent_covered": 100.0, "percent_covered_display": "100", "missing_lines": 0, "excluded_lines": 0}, "missing_lines": [], "excluded_lines": []}}}, "app/api/image_utils/image_utils_core_endpoints.py": {"executed_lines": [1, 7, 8, 9, 11, 12, 20, 22, 25, 26, 47, 48, 62, 63, 90, 91, 108, 109], "summary": {"covered_lines": 17, "num_statements": 52, "percent_covered": 32.69230769230769, "percent_covered_display": "33", "missing_lines": 35, "excluded_lines": 0}, "missing_lines": [28, 29, 30, 32, 39, 40, 41, 50, 51, 52, 54, 55, 56, 65, 66, 67, 68, 73, 80, 81, 82, 83, 84, 93, 94, 95, 100, 101, 102, 111, 112, 113, 118, 119, 120], "excluded_lines": [], "functions": {"get_service_info": {"executed_lines": [], "summary": {"covered_lines": 0, "num_statements": 7, "percent_covered": 0.0, "percent_covered_display": "0", "missing_lines": 7, "excluded_lines": 0}, "missing_lines": [28, 29, 30, 32, 39, 40, 41], "excluded_lines": []}, "get_supported_formats": {"executed_lines": [], "summary": {"covered_lines": 0, "num_statements": 6, "percent_covered": 0.0, "percent_covered_display": "0", "missing_lines": 6, "excluded_lines": 0}, "missing_lines": [50, 51, 52, 54, 55, 56], "excluded_lines": []}, "get_format_info": {"executed_lines": [], "summary": {"covered_lines": 0, "num_statements": 10, "percent_covered": 0.0, "percent_covered_display": "0", "missing_lines": 10, "excluded_lines": 0}, "missing_lines": [65, 66, 67, 68, 73, 80, 81, 82, 83, 84], "excluded_lines": []}, "validate_image_path": {"executed_lines": [], "summary": {"covered_lines": 0, "num_statements": 6, "percent_covered": 0.0, "percent_covered_display": "0", "missing_lines": 6, "excluded_lines": 0}, "missing_lines": [93, 94, 95, 100, 101, 102], "excluded_lines": []}, "validate_dimensions": {"executed_lines": [], "summary": {"covered_lines": 0, "num_statements": 6, "percent_covered": 0.0, "percent_covered_display": "0", "missing_lines": 6, "excluded_lines": 0}, "missing_lines": [111, 112, 113, 118, 119, 120], "excluded_lines": []}, "": {"executed_lines": [1, 7, 8, 9, 11, 12, 20, 22, 25, 26, 47, 48, 62, 63, 90, 91, 108, 109], "summary": {"covered_lines": 17, "num_statements": 17, "percent_covered": 100.0, "percent_covered_display": "100", "missing_lines": 0, "excluded_lines": 0}, "missing_lines": [], "excluded_lines": []}}, "classes": {"": {"executed_lines": [1, 7, 8, 9, 11, 12, 20, 22, 25, 26, 47, 48, 62, 63, 90, 91, 108, 109], "summary": {"covered_lines": 17, "num_statements": 52, "percent_covered": 32.69230769230769, "percent_covered_display": "33", "missing_lines": 35, "excluded_lines": 0}, "missing_lines": [28, 29, 30, 32, 39, 40, 41, 50, 51, 52, 54, 55, 56, 65, 66, 67, 68, 73, 80, 81, 82, 83, 84, 93, 94, 95, 100, 101, 102, 111, 112, 113, 118, 119, 120], "excluded_lines": []}}}, "app/api/image_utils/image_utils_endpoints.py": {"executed_lines": [1, 7, 9, 10, 13, 14, 15], "summary": {"covered_lines": 6, "num_statements": 6, "percent_covered": 100.0, "percent_covered_display": "100", "missing_lines": 0, "excluded_lines": 0}, "missing_lines": [], "excluded_lines": [], "functions": {"": {"executed_lines": [1, 7, 9, 10, 13, 14, 15], "summary": {"covered_lines": 6, "num_statements": 6, "percent_covered": 100.0, "percent_covered_display": "100", "missing_lines": 0, "excluded_lines": 0}, "missing_lines": [], "excluded_lines": []}}, "classes": {"": {"executed_lines": [1, 7, 9, 10, 13, 14, 15], "summary": {"covered_lines": 6, "num_statements": 6, "percent_covered": 100.0, "percent_covered_display": "100", "missing_lines": 0, "excluded_lines": 0}, "missing_lines": [], "excluded_lines": []}}}, "app/api/image_utils/image_utils_models.py": {"executed_lines": [1, 7, 8, 11, 12, 13, 14, 15, 18, 19, 20, 21, 22, 25, 26, 29, 30, 31, 34, 35, 36, 37, 38, 41, 42, 43, 46, 47, 50, 51, 52], "summary": {"covered_lines": 30, "num_statements": 30, "percent_covered": 100.0, "percent_covered_display": "100", "missing_lines": 0, "excluded_lines": 0}, "missing_lines": [], "excluded_lines": [], "functions": {"": {"executed_lines": [1, 7, 8, 11, 12, 13, 14, 15, 18, 19, 20, 21, 22, 25, 26, 29, 30, 31, 34, 35, 36, 37, 38, 41, 42, 43, 46, 47, 50, 51, 52], "summary": {"covered_lines": 30, "num_statements": 30, "percent_covered": 100.0, "percent_covered_display": "100", "missing_lines": 0, "excluded_lines": 0}, "missing_lines": [], "excluded_lines": []}}, "classes": {"ImageFormatResponse": {"executed_lines": [], "summary": {"covered_lines": 0, "num_statements": 0, "percent_covered": 100.0, "percent_covered_display": "100", "missing_lines": 0, "excluded_lines": 0}, "missing_lines": [], "excluded_lines": []}, "ImageProcessingServiceInfoResponse": {"executed_lines": [], "summary": {"covered_lines": 0, "num_statements": 0, "percent_covered": 100.0, "percent_covered_display": "100", "missing_lines": 0, "excluded_lines": 0}, "missing_lines": [], "excluded_lines": []}, "ImageValidationRequest": {"executed_lines": [], "summary": {"covered_lines": 0, "num_statements": 0, "percent_covered": 100.0, "percent_covered_display": "100", "missing_lines": 0, "excluded_lines": 0}, "missing_lines": [], "excluded_lines": []}, "ImageDimensionsRequest": {"executed_lines": [], "summary": {"covered_lines": 0, "num_statements": 0, "percent_covered": 100.0, "percent_covered_display": "100", "missing_lines": 0, "excluded_lines": 0}, "missing_lines": [], "excluded_lines": []}, "ResizeDimensionsRequest": {"executed_lines": [], "summary": {"covered_lines": 0, "num_statements": 0, "percent_covered": 100.0, "percent_covered_display": "100", "missing_lines": 0, "excluded_lines": 0}, "missing_lines": [], "excluded_lines": []}, "ResizeDimensionsResponse": {"executed_lines": [], "summary": {"covered_lines": 0, "num_statements": 0, "percent_covered": 100.0, "percent_covered_display": "100", "missing_lines": 0, "excluded_lines": 0}, "missing_lines": [], "excluded_lines": []}, "AspectRatioResponse": {"executed_lines": [], "summary": {"covered_lines": 0, "num_statements": 0, "percent_covered": 100.0, "percent_covered_display": "100", "missing_lines": 0, "excluded_lines": 0}, "missing_lines": [], "excluded_lines": []}, "ValidationResponse": {"executed_lines": [], "summary": {"covered_lines": 0, "num_statements": 0, "percent_covered": 100.0, "percent_covered_display": "100", "missing_lines": 0, "excluded_lines": 0}, "missing_lines": [], "excluded_lines": []}, "": {"executed_lines": [1, 7, 8, 11, 12, 13, 14, 15, 18, 19, 20, 21, 22, 25, 26, 29, 30, 31, 34, 35, 36, 37, 38, 41, 42, 43, 46, 47, 50, 51, 52], "summary": {"covered_lines": 30, "num_statements": 30, "percent_covered": 100.0, "percent_covered_display": "100", "missing_lines": 0, "excluded_lines": 0}, "missing_lines": [], "excluded_lines": []}}}, "app/api/image_utils/image_utils_plugin_endpoints.py": {"executed_lines": [1, 7, 8, 10, 12, 14, 17, 18, 32, 33, 47, 48, 65, 66], "summary": {"covered_lines": 13, "num_statements": 37, "percent_covered": 35.13513513513514, "percent_covered_display": "35", "missing_lines": 24, "excluded_lines": 0}, "missing_lines": [20, 21, 22, 24, 25, 26, 35, 36, 37, 39, 40, 41, 50, 51, 52, 57, 58, 59, 68, 69, 70, 77, 78, 79], "excluded_lines": [], "functions": {"is_jxl_supported": {"executed_lines": [], "summary": {"covered_lines": 0, "num_statements": 6, "percent_covered": 0.0, "percent_covered_display": "0", "missing_lines": 6, "excluded_lines": 0}, "missing_lines": [20, 21, 22, 24, 25, 26], "excluded_lines": []}, "is_avif_supported": {"executed_lines": [], "summary": {"covered_lines": 0, "num_statements": 6, "percent_covered": 0.0, "percent_covered_display": "0", "missing_lines": 6, "excluded_lines": 0}, "missing_lines": [35, 36, 37, 39, 40, 41], "excluded_lines": []}, "get_default_normalization": {"executed_lines": [], "summary": {"covered_lines": 0, "num_statements": 6, "percent_covered": 0.0, "percent_covered_display": "0", "missing_lines": 6, "excluded_lines": 0}, "missing_lines": [50, 51, 52, 57, 58, 59], "excluded_lines": []}, "health_check": {"executed_lines": [], "summary": {"covered_lines": 0, "num_statements": 6, "percent_covered": 0.0, "percent_covered_display": "0", "missing_lines": 6, "excluded_lines": 0}, "missing_lines": [68, 69, 70, 77, 78, 79], "excluded_lines": []}, "": {"executed_lines": [1, 7, 8, 10, 12, 14, 17, 18, 32, 33, 47, 48, 65, 66], "summary": {"covered_lines": 13, "num_statements": 13, "percent_covered": 100.0, "percent_covered_display": "100", "missing_lines": 0, "excluded_lines": 0}, "missing_lines": [], "excluded_lines": []}}, "classes": {"": {"executed_lines": [1, 7, 8, 10, 12, 14, 17, 18, 32, 33, 47, 48, 65, 66], "summary": {"covered_lines": 13, "num_statements": 37, "percent_covered": 35.13513513513514, "percent_covered_display": "35", "missing_lines": 24, "excluded_lines": 0}, "missing_lines": [20, 21, 22, 24, 25, 26, 35, 36,
[...]
covered_display": "100", "missing_lines": 0, "excluded_lines": 0}, "missing_lines": [], "excluded_lines": []}}}, "app/utils/lazy_loading.py": {"executed_lines": [1, 7, 14, 15], "summary": {"covered_lines": 3, "num_statements": 3, "percent_covered": 100.0, "percent_covered_display": "100", "missing_lines": 0, "excluded_lines": 0}, "missing_lines": [], "excluded_lines": [], "functions": {"": {"executed_lines": [1, 7, 14, 15], "summary": {"covered_lines": 3, "num_statements": 3, "percent_covered": 100.0, "percent_covered_display": "100", "missing_lines": 0, "excluded_lines": 0}, "missing_lines": [], "excluded_lines": []}}, "classes": {"": {"executed_lines": [1, 7, 14, 15], "summary": {"covered_lines": 3, "num_statements": 3, "percent_covered": 100.0, "percent_covered_display": "100", "missing_lines": 0, "excluded_lines": 0}, "missing_lines": [], "excluded_lines": []}}}, "app/utils/lazy_loading_core.py": {"executed_lines": [1, 7, 8, 9, 10, 11, 12, 14, 20, 21, 23, 25, 28, 29, 33, 41, 42, 43, 44, 45, 47, 48, 49, 50, 51, 59, 62, 64, 125, 133, 139, 145, 151, 156, 160, 164, 177], "summary": {"covered_lines": 34, "num_statements": 91, "percent_covered": 37.362637362637365, "percent_covered_display": "37", "missing_lines": 57, "excluded_lines": 4}, "missing_lines": [66, 67, 68, 70, 71, 73, 74, 76, 78, 79, 80, 81, 82, 85, 88, 89, 93, 96, 101, 102, 103, 104, 107, 109, 110, 112, 114, 115, 116, 117, 120, 122, 123, 127, 128, 129, 130, 131, 135, 136, 137, 141, 142, 143, 147, 148, 149, 158, 162, 166, 167, 168, 169, 170, 173, 175, 179], "excluded_lines": [151, 152, 153, 154], "functions": {"LazyPackageExport.__init__": {"executed_lines": [41, 42, 43, 44, 45, 47, 48, 49, 50, 51, 59, 62], "summary": {"covered_lines": 12, "num_statements": 12, "percent_covered": 100.0, "percent_covered_display": "100", "missing_lines": 0, "excluded_lines": 0}, "missing_lines": [], "excluded_lines": []}, "LazyPackageExport._load": {"executed_lines": [], "summary": {"covered_lines": 0, "num_statements": 33, "percent_covered": 0.0, "percent_covered_display": "0", "missing_lines": 33, "excluded_lines": 0}, "missing_lines": [66, 67, 68, 70, 71, 73, 74, 76, 78, 79, 80, 81, 82, 85, 88, 89, 93, 96, 101, 102, 103, 104, 107, 109, 110, 112, 114, 115, 116, 117, 120, 122, 123], "excluded_lines": []}, "LazyPackageExport._get_memory_usage": {"executed_lines": [], "summary": {"covered_lines": 0, "num_statements": 5, "percent_covered": 0.0, "percent_covered_display": "0", "missing_lines": 5, "excluded_lines": 0}, "missing_lines": [127, 128, 129, 130, 131], "excluded_lines": []}, "LazyPackageExport._update_access_stats": {"executed_lines": [], "summary": {"covered_lines": 0, "num_statements": 3, "percent_covered": 0.0, "percent_covered_display": "0", "missing_lines": 3, "excluded_lines": 0}, "missing_lines": [135, 136, 137], "excluded_lines": []}, "LazyPackageExport.__getattr__": {"executed_lines": [], "summary": {"covered_lines": 0, "num_statements": 3, "percent_covered": 0.0, "percent_covered_display": "0", "missing_lines": 3, "excluded_lines": 0}, "missing_lines": [141, 142, 143], "excluded_lines": []}, "LazyPackageExport.__call__": {"executed_lines": [], "summary": {"covered_lines": 0, "num_statements": 3, "percent_covered": 0.0, "percent_covered_display": "0", "missing_lines": 3, "excluded_lines": 0}, "missing_lines": [147, 148, 149], "excluded_lines": []}, "LazyPackageExport.__repr__": {"executed_lines": [], "summary": {"covered_lines": 0, "num_statements": 0, "percent_covered": 100.0, "percent_covered_display": "100", "missing_lines": 0, "excluded_lines": 3}, "missing_lines": [], "excluded_lines": [152, 153, 154]}, "LazyPackageExport.get_metadata": {"executed_lines": [], "summary": {"covered_lines": 0, "num_statements": 1, "percent_covered": 0.0, "percent_covered_display": "0", "missing_lines": 1, "excluded_lines": 0}, "missing_lines": [158], "excluded_lines": []}, "LazyPackageExport.get_performance_monitor": {"executed_lines": [], "summary": {"covered_lines": 0, "num_statements": 1, "percent_covered": 0.0, "percent_covered_display": "0", "missing_lines": 1, "excluded_lines": 0}, "missing_lines": [162], "excluded_lines": []}, "LazyPackageExport.unload": {"executed_lines": [], "summary": {"covered_lines": 0, "num_statements": 7, "percent_covered": 0.0, "percent_covered_display": "0", "missing_lines": 7, "excluded_lines": 0}, "missing_lines": [166, 167, 168, 169, 170, 173, 175], "excluded_lines": []}, "LazyPackageExport.is_loaded": {"executed_lines": [], "summary": {"covered_lines": 0, "num_statements": 1, "percent_covered": 0.0, "percent_covered_display": "0", "missing_lines": 1, "excluded_lines": 0}, "missing_lines": [179], "excluded_lines": []}, "": {"executed_lines": [1, 7, 8, 9, 10, 11, 12, 14, 20, 21, 23, 25, 28, 29, 33, 64, 125, 133, 139, 145, 151, 156, 160, 164, 177], "summary": {"covered_lines": 22, "num_statements": 22, "percent_covered": 100.0, "percent_covered_display": "100", "missing_lines": 0, "excluded_lines": 1}, "missing_lines": [], "excluded_lines": [151]}}, "classes": {"LazyPackageExport": {"executed_lines": [41, 42, 43, 44, 45, 47, 48, 49, 50, 51, 59, 62], "summary": {"covered_lines": 12, "num_statements": 69, "percent_covered": 17.391304347826086, "percent_covered_display": "17", "missing_lines": 57, "excluded_lines": 3}, "missing_lines": [66, 67, 68, 70, 71, 73, 74, 76, 78, 79, 80, 81, 82, 85, 88, 89, 93, 96, 101, 102, 103, 104, 107, 109, 110, 112, 114, 115, 116, 117, 120, 122, 123, 127, 128, 129, 130, 131, 135, 136, 137, 141, 142, 143, 147, 148, 149, 158, 162, 166, 167, 168, 169, 170, 173, 175, 179], "excluded_lines": [152, 153, 154]}, "": {"executed_lines": [1, 7, 8, 9, 10, 11, 12, 14, 20, 21, 23, 25, 28, 29, 33, 64, 125, 133, 139, 145, 151, 156, 160, 164, 177], "summary": {"covered_lines": 22, "num_statements": 22, "percent_covered": 100.0, "percent_covered_display": "100", "missing_lines": 0, "excluded_lines": 1}, "missing_lines": [], "excluded_lines": [151]}}}, "app/utils/lazy_loading_performance.py": {"executed_lines": [1, 7, 8, 9, 10, 11, 13, 15, 18, 19, 21, 22, 24, 28, 50, 60, 64, 68, 72, 82, 86], "summary": {"covered_lines": 19, "num_statements": 48, "percent_covered": 39.583333333333336, "percent_covered_display": "40", "missing_lines": 29, "excluded_lines": 0}, "missing_lines": [26, 30, 32, 33, 34, 35, 38, 41, 45, 46, 48, 52, 54, 55, 56, 58, 62, 66, 70, 74, 75, 78, 80, 84, 88, 89, 90, 91, 92], "excluded_lines": [], "functions": {"LazyLoadingPerformanceMonitor.__init__": {"executed_lines": [22], "summary": {"covered_lines": 1, "num_statements": 1, "percent_covered": 100.0, "percent_covered_display": "100", "missing_lines": 0, "excluded_lines": 0}, "missing_lines": [], "excluded_lines": []}, "LazyLoadingPerformanceMonitor.record_load_start": {"executed_lines": [], "summary": {"covered_lines": 0, "num_statements": 1, "percent_covered": 0.0, "percent_covered_display": "0", "missing_lines": 1, "excluded_lines": 0}, "missing_lines": [26], "excluded_lines": []}, "LazyLoadingPerformanceMonitor.record_load_success": {"executed_lines": [], "summary": {"covered_lines": 0, "num_statements": 10, "percent_covered": 0.0, "percent_covered_display": "0", "missing_lines": 10, "excluded_lines": 0}, "missing_lines": [30, 32, 33, 34, 35, 38, 41, 45, 46, 48], "excluded_lines": []}, "LazyLoadingPerformanceMonitor.record_load_failure": {"executed_lines": [], "summary": {"covered_lines": 0, "num_statements": 5, "percent_covered": 0.0, "percent_covered_display": "0", "missing_lines": 5, "excluded_lines": 0}, "missing_lines": [52, 54, 55, 56, 58], "excluded_lines": []}, "LazyLoadingPerformanceMonitor.record_access": {"executed_lines": [], "summary": {"covered_lines": 0, "num_statements": 1, "percent_covered": 0.0, "percent_covered_display": "0", "missing_lines": 1, "excluded_lines": 0}, "missing_lines": [62], "excluded_lines": []}, "LazyLoadingPerformanceMonitor.record_cache_hit": {"executed_lines": [], "summary": {"covered_lines": 0, "num_statements": 1, "percent_covered": 0.0, "percent_covered_display": "0", "missing_lines": 1, "excluded_lines": 0}, "missing_lines": [66], "excluded_lines": []}, "LazyLoadingPerformanceMonitor.record_cache_miss": {"executed_lines": [], "summary": {"covered_lines": 0, "num_statements": 1, "percent_covered": 0.0, "percent_covered_display": "0", "missing_lines": 1, "excluded_lines": 0}, "missing_lines": [70], "excluded_lines": []}, "LazyLoadingPerformanceMonitor.record_cleanup": {"executed_lines": [], "summary": {"covered_lines": 0, "num_statements": 4, "percent_covered": 0.0, "percent_covered_display": "0", "missing_lines": 4, "excluded_lines": 0}, "missing_lines": [74, 75, 78, 80], "excluded_lines": []}, "LazyLoadingPerformanceMonitor.get_performance_monitor": {"executed_lines": [], "summary": {"covered_lines": 0, "num_statements": 1, "percent_covered": 0.0, "percent_covered_display": "0", "missing_lines": 1, "excluded_lines": 0}, "missing_lines": [84], "excluded_lines": []}, "LazyLoadingPerformanceMonitor._get_memory_usage": {"executed_lines": [], "summary": {"covered_lines": 0, "num_statements": 5, "percent_covered": 0.0, "percent_covered_display": "0", "missing_lines": 5, "excluded_lines": 0}, "missing_lines": [88, 89, 90, 91, 92], "excluded_lines": []}, "": {"executed_lines": [1, 7, 8, 9, 10, 11, 13, 15, 18, 19, 21, 24, 28, 50, 60, 64, 68, 72, 82, 86], "summary": {"covered_lines": 18, "num_statements": 18, "percent_covered": 100.0, "percent_covered_display": "100", "missing_lines": 0, "excluded_lines": 0}, "missing_lines": [], "excluded_lines": []}}, "classes": {"LazyLoadingPerformanceMonitor": {"executed_lines": [22], "summary": {"covered_lines": 1, "num_statements": 30, "percent_covered": 3.3333333333333335, "percent_covered_display": "3", "missing_lines": 29, "excluded_lines": 0}, "missing_lines": [26, 30, 32, 33, 34, 35, 38, 41, 45, 46, 48, 52, 54, 55, 56, 58, 62, 66, 70, 74, 75, 78, 80, 84, 88, 89, 90, 91, 92], "excluded_lines": []}, "": {"executed_lines": [1, 7, 8, 9, 10, 11, 13, 15, 18, 19, 21, 24, 28, 50, 60, 64, 68, 72, 82, 86], "summary": {"covered_lines": 18, "num_statements": 18, "percent_covered": 100.0, "percent_covered_display": "100", "missing_lines": 0, "excluded_lines": 0}, "missing_lines": [], "excluded_lines": []}}}, "app/utils/lazy_loading_registry.py": {"executed_lines": [1, 7, 8, 10, 11, 13, 16, 19, 39, 43, 51, 52, 54, 57, 70, 82, 87, 93, 112, 113, 117, 121, 125, 138, 142, 146, 150, 164, 167], "summary": {"covered_lines": 27, "num_statements": 49, "percent_covered": 55.10204081632653, "percent_covered_display": "55", "missing_lines": 22, "excluded_lines": 0}, "missing_lines": [40, 41, 67, 75, 76, 78, 79, 84, 89, 118, 119, 123, 134, 140, 144, 148, 152, 153, 155, 171, 172, 174], "excluded_lines": [], "functions": {"create_lazy_export": {"executed_lines": [39, 43, 51, 52, 54], "summary": {"covered_lines": 5, "num_statements": 7, "percent_covered": 71.42857142857143, "percent_covered_display": "71", "missing_lines": 2, "excluded_lines": 0}, "missing_lines": [40, 41], "excluded_lines": []}, "get_lazy_export": {"executed_lines": [], "summary": {"covered_lines": 0, "num_statements": 1, "percent_covered": 0.0, "percent_covered_display": "0", "missing_lines": 1, "excluded_lines": 0}, "missing_lines": [67], "excluded_lines": []}, "clear_export_registry": {"executed_lines": [], "summary": {"covered_lines": 0, "num_statements": 4, "percent_covered": 0.0, "percent_covered_display": "0", "missing_lines": 4, "excluded_lines": 0}, "missing_lines": [75, 76, 78, 79], "excluded_lines": []}, "get_all_exports": {"executed_lines": [], "summary": {"covered_lines": 0, "num_statements": 1, "percent_covered": 0.0, "percent_covered_display": "0", "missing_lines": 1, "excluded_lines": 0}, "missing_lines": [84], "excluded_lines": []}, "get_export_count": {"executed_lines": [], "summary": {"covered_lines": 0, "num_statements": 1, "percent_covered": 0.0, "percent_covered_display": "0", "missing_lines": 1, "excluded_lines": 0}, "missing_lines": [89], "excluded_lines": []}, "LazyLoadingSystem.__init__": {"executed_lines": [], "summary": {"covered_lines": 0, "num_statements": 2, "percent_covered": 0.0, "percent_covered_display": "0", "missing_lines": 2, "excluded_lines": 0}, "missing_lines": [118, 119], "excluded_lines": []}, "LazyLoadingSystem.get_export": {"executed_lines": [], "summary": {"covered_lines": 0, "num_statements": 1, "percent_covered": 0.0, "percent_covered_display": "0", "missing_lines": 1, "excluded_lines": 0}, "missing_lines": [123], "excluded_lines": []}, "LazyLoadingSystem.create_export": {"executed_lines": [], "summary": {"covered_lines": 0, "num_statements": 1, "percent_covered": 0.0, "percent_covered_display": "0", "missing_lines": 1, "excluded_lines": 0}, "missing_lines": [134], "excluded_lines": []}, "LazyLoadingSystem.get_all_exports": {"executed_lines": [], "summary": {"covered_lines": 0, "num_statements": 1, "percent_covered": 0.0, "percent_covered_display": "0", "missing_lines": 1, "excluded_lines": 0}, "missing_lines": [140], "excluded_lines": []}, "LazyLoadingSystem.clear_all_exports": {"executed_lines": [], "summary": {"covered_lines": 0, "num_statements": 1, "percent_covered": 0.0, "percent_covered_display": "0", "missing_lines": 1, "excluded_lines": 0}, "missing_lines": [144], "excluded_lines": []}, "LazyLoadingSystem.get_ml_packages": {"executed_lines": [], "summary": {"covered_lines": 0, "num_statements": 1, "percent_covered": 0.0, "percent_covered_display": "0", "missing_lines": 1, "excluded_lines": 0}, "missing_lines": [148], "excluded_lines": []}, "LazyLoadingSystem.get_system_stats": {"executed_lines": [], "summary": {"covered_lines": 0, "num_statements": 3, "percent_covered": 0.0, "percent_covered_display": "0", "missing_lines": 3, "excluded_lines": 0}, "missing_lines": [152, 153, 155], "excluded_lines": []}, "get_lazy_loading_system": {"executed_lines": [], "summary": {"covered_lines": 0, "num_statements": 3, "percent_covered": 0.0, "percent_covered_display": "0", "missing_lines": 3, "excluded_lines": 0}, "missing_lines": [171, 172, 174], "excluded_lines": []}, "": {"executed_lines": [1, 7, 8, 10, 11, 13, 16, 19, 57, 70, 82, 87, 93, 112, 113, 117, 121, 125, 138, 142, 146, 150, 164, 167], "summary": {"covered_lines": 22, "num_statements": 22, "percent_covered": 100.0, "percent_covered_display": "100", "missing_lines": 0, "excluded_lines": 0}, "missing_lines": [], "excluded_lines": []}}, "classes": {"LazyLoadingSystem": {"executed_lines": [], "summary": {"covered_lines": 0, "num_statements": 10, "percent_covered": 0.0, "percent_covered_display": "0", "missing_lines": 10, "excluded_lines": 0}, "missing_lines": [118, 119, 123, 134, 140, 144, 148, 152, 153, 155], "excluded_lines": []}, "": {"executed_lines": [1, 7, 8, 10, 11, 13, 16, 19, 39, 43, 51, 52, 54, 57, 70, 82, 87, 93, 112, 113, 117, 121, 125, 138, 142, 146, 150, 164, 167], "summary": {"covered_lines": 27, "num_statements": 39, "percent_covered": 69.23076923076923, "percent_covered_display": "69", "missing_lines": 12, "excluded_lines": 0}, "missing_lines": [40, 41, 67, 75, 76, 78, 79, 84, 89, 171, 172, 174], "excluded_lines": []}}}, "app/utils/lazy_loading_types.py": {"executed_lines": [1, 7, 8, 9, 10, 12, 15, 16, 18, 19, 20, 21, 22, 25, 26, 28, 29, 30, 31, 34, 35, 36, 38, 39, 40, 41, 42, 43, 44, 45, 46, 47, 50, 51, 52, 54, 55, 56, 57, 58, 59, 60, 61, 62, 63, 64, 65, 66, 69, 70, 72], "summary": {"covered_lines": 45, "num_statements": 49, "percent_covered": 91.83673469387755, "percent_covered_display": "92", "missing_lines": 4, "excluded_lines": 0}, "missing_lines": [73, 74, 75, 76], "excluded_lines": [], "functions": {"ExportValidationError.__init__": {"executed_lines": [], "summary": {"covered_lines": 0, "num_statements": 4, "percent_covered": 0.0, "percent_covered_display": "0", "missing_lines": 4, "excluded_lines": 0}, "missing_lines": [73, 74, 75, 76], "excluded_lines": []}, "": {"executed_lines": [1, 7, 8, 9, 10, 12, 15, 16, 18, 19, 20, 21, 22, 25, 26, 28, 29, 30, 31, 34, 35, 36, 38, 39, 40, 41, 42, 43, 44, 45, 46, 47, 50, 51, 52, 54, 55, 56, 57, 58, 59, 60, 61, 62, 63, 64, 65, 66, 69, 70, 72], "summary": {"covered_lines": 45, "num_statements": 45, "percent_covered": 100.0, "percent_covered_display": "100", "missing_lines": 0, "excluded_lines": 0}, "missing_lines": [], "excluded_lines": []}}, "classes": {"ExportType": {"executed_lines": [], "summary": {"covered_lines": 0, "num_statements": 0, "percent_covered": 100.0, "percent_covered_display": "100", "missing_lines": 0, "excluded_lines": 0}, "missing_lines": [], "excluded_lines": []}, "ExportValidationLevel": {"executed_lines": [], "summary": {"covered_lines": 0, "num_statements": 0, "percent_covered": 100.0, "percent_covered_display": "100", "missing_lines": 0, "excluded_lines": 0}, "missing_lines": [], "excluded_lines": []}, "ExportMetadata": {"executed_lines": [], "summary": {"covered_lines": 0, "num_statements": 0, "percent_covered": 100.0, "percent_covered_display": "100", "missing_lines": 0, "excluded_lines": 0}, "missing_lines": [], "excluded_lines": []}, "ExportPerformanceMonitor": {"executed_lines": [], "summary": {"covered_lines": 0, "num_statements": 0, "percent_covered": 100.0, "percent_covered_display": "100", "missing_lines": 0, "excluded_lines": 0}, "missing_lines": [], "excluded_lines": []}, "ExportValidationError": {"executed_lines": [], "summary": {"covered_lines": 0, "num_statements": 4, "percent_covered": 0.0, "percent_covered_display": "0", "missing_lines": 4, "excluded_lines": 0}, "missing_lines": [73, 74, 75, 76], "excluded_lines": []}, "": {"executed_lines": [1, 7, 8, 9, 10, 12, 15, 16, 18, 19, 20, 21, 22, 25, 26, 28, 29, 30, 31, 34, 35, 36, 38, 39, 40, 41, 42, 43, 44, 45, 46, 47, 50, 51, 52, 54, 55, 56, 57, 58, 59, 60, 61, 62, 63, 64, 65, 66, 69, 70, 72], "summary": {"covered_lines": 45, "num_statements": 45, "percent_covered": 100.0, "percent_covered_display": "100", "missing_lines": 0, "excluded_lines": 0}, "missing_lines": [], "excluded_lines": []}}}, "app/utils/lazy_loading_validation.py": {"executed_lines": [1, 7, 8, 10, 12, 15, 16, 18, 19, 54, 55], "summary": {"covered_lines": 9, "num_statements": 28, "percent_covered": 32.142857142857146, "percent_covered_display": "32", "missing_lines": 19, "excluded_lines": 0}, "missing_lines": [26, 27, 29, 30, 34, 36, 37, 41, 43, 44, 50, 52, 57, 59, 60, 63, 64, 66, 67], "excluded_lines": [], "functions": {"LazyLoadingValidator.validate_export": {"executed_lines": [], "summary": {"covered_lines": 0, "num_statements": 12, "percent_covered": 0.0, "percent_covered_display": "0", "missing_lines": 12, "excluded_lines": 0}, "missing_lines": [26, 27, 29, 30, 34, 36, 37, 41, 43, 44, 50, 52], "excluded_lines": []}, "LazyLoadingValidator._comprehensive_validation": {"executed_lines": [], "summary": {"covered_lines": 0, "num_statements": 7, "percent_covered": 0.0, "percent_covered_display": "0", "missing_lines": 7, "excluded_lines": 0}, "missing_lines": [57, 59, 60, 63, 64, 66, 67], "excluded_lines": []}, "": {"executed_lines": [1, 7, 8, 10, 12, 15, 16, 18, 19, 54, 55], "summary": {"covered_lines": 9, "num_statements": 9, "percent_covered": 100.0, "percent_covered_display": "100", "missing_lines": 0, "excluded_lines": 0}, "missing_lines": [], "excluded_lines": []}}, "classes": {"LazyLoadingValidator": {"executed_lines": [], "summary": {"covered_lines": 0, "num_statements": 19, "percent_covered": 0.0, "percent_covered_display": "0", "missing_lines": 19, "excluded_lines": 0}, "missing_lines": [26, 27, 29, 30, 34, 36, 37, 41, 43, 44, 50, 52, 57, 59, 60, 63, 64, 66, 67], "excluded_lines": []}, "": {"executed_lines": [1, 7, 8, 10, 12, 15, 16, 18, 19, 54, 55], "summary": {"covered_lines": 9, "num_statements": 9, "percent_covered": 100.0, "percent_covered_display": "100", "missing_lines": 0, "excluded_lines": 0}, "missing_lines": [], "excluded_lines": []}}}}, "totals": {"covered_lines": 4090, "num_statements": 10335, "percent_covered": 39.57426221577165, "percent_covered_display": "40", "missing_lines": 6245, "excluded_lines": 140}}