<testsuites id="" name="" tests="15" failures="15" skipped="0" errors="0" time="137.460703">
<testsuite name="penetration-tests.spec.ts" timestamp="2025-09-13T16:15:21.639Z" hostname="chromium" tests="3" failures="3" skipped="0" time="90.373" errors="0">
<testcase name="ðŸº Penetration Testing Suite â€º Comprehensive Fuzzing â€º should run comprehensive fuzzing framework" classname="penetration-tests.spec.ts" time="30.097">
<failure message="penetration-tests.spec.ts:196:5 should run comprehensive fuzzing framework" type="FAILURE">
<![CDATA[  [chromium] â€º penetration-tests.spec.ts:196:5 â€º ðŸº Penetration Testing Suite â€º Comprehensive Fuzzing â€º should run comprehensive fuzzing framework 

    Test timeout of 30000ms exceeded.
]]>
</failure>
<system-out>
<![CDATA[ðŸº Blackhat suite path: /home/kade/runeset/reynard/blackhat
]]>
</system-out>
</testcase>
<testcase name="ðŸº Penetration Testing Suite â€º Comprehensive Fuzzing â€º should run endpoint-specific fuzzing" classname="penetration-tests.spec.ts" time="30.12">
<failure message="penetration-tests.spec.ts:209:5 should run endpoint-specific fuzzing" type="FAILURE">
<![CDATA[  [chromium] â€º penetration-tests.spec.ts:209:5 â€º ðŸº Penetration Testing Suite â€º Comprehensive Fuzzing â€º should run endpoint-specific fuzzing 

    Test timeout of 30000ms exceeded.
]]>
</failure>
<system-out>
<![CDATA[ðŸº Blackhat suite path: /home/kade/runeset/reynard/blackhat
]]>
</system-out>
</testcase>
<testcase name="ðŸº Penetration Testing Suite â€º Comprehensive Fuzzing â€º should run specialized endpoint fuzzing" classname="penetration-tests.spec.ts" time="30.156">
<failure message="penetration-tests.spec.ts:222:5 should run specialized endpoint fuzzing" type="FAILURE">
<![CDATA[  [chromium] â€º penetration-tests.spec.ts:222:5 â€º ðŸº Penetration Testing Suite â€º Comprehensive Fuzzing â€º should run specialized endpoint fuzzing 

    Test timeout of 30000ms exceeded.
]]>
</failure>
<system-out>
<![CDATA[ðŸº Blackhat suite path: /home/kade/runeset/reynard/blackhat
]]>
</system-out>
</testcase>
</testsuite>
<testsuite name="penetration-tests.spec.ts" timestamp="2025-09-13T16:15:21.639Z" hostname="firefox" tests="3" failures="3" skipped="0" time="90.231" errors="0">
<testcase name="ðŸº Penetration Testing Suite â€º Comprehensive Fuzzing â€º should run comprehensive fuzzing framework" classname="penetration-tests.spec.ts" time="30.18">
<failure message="penetration-tests.spec.ts:196:5 should run comprehensive fuzzing framework" type="FAILURE">
<![CDATA[  [firefox] â€º penetration-tests.spec.ts:196:5 â€º ðŸº Penetration Testing Suite â€º Comprehensive Fuzzing â€º should run comprehensive fuzzing framework 

    Test timeout of 30000ms exceeded.
]]>
</failure>
<system-out>
<![CDATA[ðŸº Blackhat suite path: /home/kade/runeset/reynard/blackhat
]]>
</system-out>
</testcase>
<testcase name="ðŸº Penetration Testing Suite â€º Comprehensive Fuzzing â€º should run endpoint-specific fuzzing" classname="penetration-tests.spec.ts" time="30.018">
<failure message="penetration-tests.spec.ts:209:5 should run endpoint-specific fuzzing" type="FAILURE">
<![CDATA[  [firefox] â€º penetration-tests.spec.ts:209:5 â€º ðŸº Penetration Testing Suite â€º Comprehensive Fuzzing â€º should run endpoint-specific fuzzing 

    Test timeout of 30000ms exceeded.
]]>
</failure>
<system-out>
<![CDATA[ðŸº Blackhat suite path: /home/kade/runeset/reynard/blackhat
]]>
</system-out>
</testcase>
<testcase name="ðŸº Penetration Testing Suite â€º Comprehensive Fuzzing â€º should run specialized endpoint fuzzing" classname="penetration-tests.spec.ts" time="30.033">
<failure message="penetration-tests.spec.ts:222:5 should run specialized endpoint fuzzing" type="FAILURE">
<![CDATA[  [firefox] â€º penetration-tests.spec.ts:222:5 â€º ðŸº Penetration Testing Suite â€º Comprehensive Fuzzing â€º should run specialized endpoint fuzzing 

    Test timeout of 30000ms exceeded.
]]>
</failure>
<system-out>
<![CDATA[ðŸº Blackhat suite path: /home/kade/runeset/reynard/blackhat
]]>
</system-out>
</testcase>
</testsuite>
<testsuite name="penetration-tests.spec.ts" timestamp="2025-09-13T16:15:21.639Z" hostname="webkit" tests="3" failures="3" skipped="0" time="90.037" errors="0">
<testcase name="ðŸº Penetration Testing Suite â€º Comprehensive Fuzzing â€º should run comprehensive fuzzing framework" classname="penetration-tests.spec.ts" time="30.016">
<failure message="penetration-tests.spec.ts:196:5 should run comprehensive fuzzing framework" type="FAILURE">
<![CDATA[  [webkit] â€º penetration-tests.spec.ts:196:5 â€º ðŸº Penetration Testing Suite â€º Comprehensive Fuzzing â€º should run comprehensive fuzzing framework 

    Test timeout of 30000ms exceeded.
]]>
</failure>
<system-out>
<![CDATA[ðŸº Blackhat suite path: /home/kade/runeset/reynard/blackhat
]]>
</system-out>
</testcase>
<testcase name="ðŸº Penetration Testing Suite â€º Comprehensive Fuzzing â€º should run endpoint-specific fuzzing" classname="penetration-tests.spec.ts" time="30.017">
<failure message="penetration-tests.spec.ts:209:5 should run endpoint-specific fuzzing" type="FAILURE">
<![CDATA[  [webkit] â€º penetration-tests.spec.ts:209:5 â€º ðŸº Penetration Testing Suite â€º Comprehensive Fuzzing â€º should run endpoint-specific fuzzing 

    Test timeout of 30000ms exceeded.
]]>
</failure>
<system-out>
<![CDATA[ðŸº Blackhat suite path: /home/kade/runeset/reynard/blackhat
]]>
</system-out>
</testcase>
<testcase name="ðŸº Penetration Testing Suite â€º Comprehensive Fuzzing â€º should run specialized endpoint fuzzing" classname="penetration-tests.spec.ts" time="30.004">
<failure message="penetration-tests.spec.ts:222:5 should run specialized endpoint fuzzing" type="FAILURE">
<![CDATA[  [webkit] â€º penetration-tests.spec.ts:222:5 â€º ðŸº Penetration Testing Suite â€º Comprehensive Fuzzing â€º should run specialized endpoint fuzzing 

    Test timeout of 30000ms exceeded.
]]>
</failure>
<system-out>
<![CDATA[ðŸº Blackhat suite path: /home/kade/runeset/reynard/blackhat
]]>
</system-out>
</testcase>
</testsuite>
<testsuite name="penetration-tests.spec.ts" timestamp="2025-09-13T16:15:21.639Z" hostname="Mobile Chrome" tests="3" failures="3" skipped="0" time="90.023" errors="0">
<testcase name="ðŸº Penetration Testing Suite â€º Comprehensive Fuzzing â€º should run comprehensive fuzzing framework" classname="penetration-tests.spec.ts" time="30.004">
<failure message="penetration-tests.spec.ts:196:5 should run comprehensive fuzzing framework" type="FAILURE">
<![CDATA[  [Mobile Chrome] â€º penetration-tests.spec.ts:196:5 â€º ðŸº Penetration Testing Suite â€º Comprehensive Fuzzing â€º should run comprehensive fuzzing framework 

    Test timeout of 30000ms exceeded.
]]>
</failure>
<system-out>
<![CDATA[ðŸº Blackhat suite path: /home/kade/runeset/reynard/blackhat
]]>
</system-out>
</testcase>
<testcase name="ðŸº Penetration Testing Suite â€º Comprehensive Fuzzing â€º should run endpoint-specific fuzzing" classname="penetration-tests.spec.ts" time="30.007">
<failure message="penetration-tests.spec.ts:209:5 should run endpoint-specific fuzzing" type="FAILURE">
<![CDATA[  [Mobile Chrome] â€º penetration-tests.spec.ts:209:5 â€º ðŸº Penetration Testing Suite â€º Comprehensive Fuzzing â€º should run endpoint-specific fuzzing 

    Test timeout of 30000ms exceeded.
]]>
</failure>
<system-out>
<![CDATA[ðŸº Blackhat suite path: /home/kade/runeset/reynard/blackhat
]]>
</system-out>
</testcase>
<testcase name="ðŸº Penetration Testing Suite â€º Comprehensive Fuzzing â€º should run specialized endpoint fuzzing" classname="penetration-tests.spec.ts" time="30.012">
<failure message="penetration-tests.spec.ts:222:5 should run specialized endpoint fuzzing" type="FAILURE">
<![CDATA[  [Mobile Chrome] â€º penetration-tests.spec.ts:222:5 â€º ðŸº Penetration Testing Suite â€º Comprehensive Fuzzing â€º should run specialized endpoint fuzzing 

    Test timeout of 30000ms exceeded.
]]>
</failure>
<system-out>
<![CDATA[ðŸº Blackhat suite path: /home/kade/runeset/reynard/blackhat
]]>
</system-out>
</testcase>
</testsuite>
<testsuite name="penetration-tests.spec.ts" timestamp="2025-09-13T16:15:21.639Z" hostname="Mobile Safari" tests="3" failures="3" skipped="0" time="90.002" errors="0">
<testcase name="ðŸº Penetration Testing Suite â€º Comprehensive Fuzzing â€º should run comprehensive fuzzing framework" classname="penetration-tests.spec.ts" time="30.001">
<failure message="penetration-tests.spec.ts:196:5 should run comprehensive fuzzing framework" type="FAILURE">
<![CDATA[  [Mobile Safari] â€º penetration-tests.spec.ts:196:5 â€º ðŸº Penetration Testing Suite â€º Comprehensive Fuzzing â€º should run comprehensive fuzzing framework 

    Test timeout of 30000ms exceeded.
]]>
</failure>
<system-out>
<![CDATA[ðŸº Blackhat suite path: /home/kade/runeset/reynard/blackhat
]]>
</system-out>
</testcase>
<testcase name="ðŸº Penetration Testing Suite â€º Comprehensive Fuzzing â€º should run endpoint-specific fuzzing" classname="penetration-tests.spec.ts" time="30.001">
<failure message="penetration-tests.spec.ts:209:5 should run endpoint-specific fuzzing" type="FAILURE">
<![CDATA[  [Mobile Safari] â€º penetration-tests.spec.ts:209:5 â€º ðŸº Penetration Testing Suite â€º Comprehensive Fuzzing â€º should run endpoint-specific fuzzing 

    Test timeout of 30000ms exceeded.
]]>
</failure>
<system-out>
<![CDATA[ðŸº Blackhat suite path: /home/kade/runeset/reynard/blackhat
]]>
</system-out>
</testcase>
<testcase name="ðŸº Penetration Testing Suite â€º Comprehensive Fuzzing â€º should run specialized endpoint fuzzing" classname="penetration-tests.spec.ts" time="30">
<failure message="penetration-tests.spec.ts:222:5 should run specialized endpoint fuzzing" type="FAILURE">
<![CDATA[  [Mobile Safari] â€º penetration-tests.spec.ts:222:5 â€º ðŸº Penetration Testing Suite â€º Comprehensive Fuzzing â€º should run specialized endpoint fuzzing 

    Test timeout of 30000ms exceeded.
]]>
</failure>
<system-out>
<![CDATA[ðŸº Blackhat suite path: /home/kade/runeset/reynard/blackhat
]]>
</system-out>
</testcase>
</testsuite>
</testsuites>