<testsuites id="" name="" tests="19" failures="0" skipped="19" errors="0" time="0.07451599999999985">
<testsuite name="penetration-tests.spec.ts" timestamp="2025-09-13T08:42:38.687Z" hostname="penetration-chromium" tests="19" failures="0" skipped="19" time="0" errors="0">
<testcase name="🐺 Penetration Testing Suite › JWT Security Testing › should test JWT secret key vulnerabilities" classname="penetration-tests.spec.ts" time="0">
<skipped>
</skipped>
</testcase>
<testcase name="🐺 Penetration Testing Suite › JWT Security Testing › should test JWT signature bypass attempts" classname="penetration-tests.spec.ts" time="0">
<skipped>
</skipped>
</testcase>
<testcase name="🐺 Penetration Testing Suite › JWT Security Testing › should test JWT timing attacks" classname="penetration-tests.spec.ts" time="0">
<skipped>
</skipped>
</testcase>
<testcase name="🐺 Penetration Testing Suite › SQL Injection Testing › should test SQL injection regex bypass" classname="penetration-tests.spec.ts" time="0">
<skipped>
</skipped>
</testcase>
<testcase name="🐺 Penetration Testing Suite › SQL Injection Testing › should test blind SQL injection" classname="penetration-tests.spec.ts" time="0">
<skipped>
</skipped>
</testcase>
<testcase name="🐺 Penetration Testing Suite › SQL Injection Testing › should test obfuscated SQL payloads" classname="penetration-tests.spec.ts" time="0">
<skipped>
</skipped>
</testcase>
<testcase name="🐺 Penetration Testing Suite › Path Traversal Testing › should test encoded path traversal" classname="penetration-tests.spec.ts" time="0">
<skipped>
</skipped>
</testcase>
<testcase name="🐺 Penetration Testing Suite › Path Traversal Testing › should test unicode path traversal bypass" classname="penetration-tests.spec.ts" time="0">
<skipped>
</skipped>
</testcase>
<testcase name="🐺 Penetration Testing Suite › CORS Security Testing › should test CORS misconfiguration" classname="penetration-tests.spec.ts" time="0">
<skipped>
</skipped>
</testcase>
<testcase name="🐺 Penetration Testing Suite › Rate Limiting Testing › should test rate limiting bypass" classname="penetration-tests.spec.ts" time="0">
<skipped>
</skipped>
</testcase>
<testcase name="🐺 Penetration Testing Suite › Comprehensive Fuzzing › should run comprehensive fuzzing framework" classname="penetration-tests.spec.ts" time="0">
<skipped>
</skipped>
</testcase>
<testcase name="🐺 Penetration Testing Suite › Comprehensive Fuzzing › should run endpoint-specific fuzzing" classname="penetration-tests.spec.ts" time="0">
<skipped>
</skipped>
</testcase>
<testcase name="🐺 Penetration Testing Suite › API Security Testing › should test BOLA (Broken Object Level Authorization)" classname="penetration-tests.spec.ts" time="0">
<skipped>
</skipped>
</testcase>
<testcase name="🐺 Penetration Testing Suite › CSRF Testing › should test CSRF attack vectors" classname="penetration-tests.spec.ts" time="0">
<skipped>
</skipped>
</testcase>
<testcase name="🐺 Penetration Testing Suite › SSRF Testing › should test Server-Side Request Forgery" classname="penetration-tests.spec.ts" time="0">
<skipped>
</skipped>
</testcase>
<testcase name="🐺 Penetration Testing Suite › Race Condition Testing › should test race condition exploits" classname="penetration-tests.spec.ts" time="0">
<skipped>
</skipped>
</testcase>
<testcase name="🐺 Penetration Testing Suite › HTTP Request Smuggling › should test HTTP request smuggling" classname="penetration-tests.spec.ts" time="0">
<skipped>
</skipped>
</testcase>
<testcase name="🐺 Penetration Testing Suite › Unicode Security Testing › should test unicode normalization bypass" classname="penetration-tests.spec.ts" time="0">
<skipped>
</skipped>
</testcase>
<testcase name="🐺 Penetration Testing Suite › Comprehensive Security Assessment › should run complete blackhat exploit suite" classname="penetration-tests.spec.ts" time="0">
<skipped>
</skipped>
</testcase>
</testsuite>
</testsuites>