{"/home/kade/runeset/reynard/scripts/vitest-config-generator/src/cli.ts": {"path":"/home/kade/runeset/reynard/scripts/vitest-config-generator/src/cli.ts","all":true,"statementMap":{"7":{"start":{"line":8,"column":0},"end":{"line":8,"column":36}},"8":{"start":{"line":9,"column":0},"end":{"line":9,"column":85}},"27":{"start":{"line":28,"column":0},"end":{"line":28,"column":30}},"29":{"start":{"line":30,"column":0},"end":{"line":30,"column":7}},"30":{"start":{"line":31,"column":0},"end":{"line":31,"column":33}},"31":{"start":{"line":32,"column":0},"end":{"line":32,"column":84}},"32":{"start":{"line":33,"column":0},"end":{"line":33,"column":20}},"34":{"start":{"line":35,"column":0},"end":{"line":35,"column":7}},"35":{"start":{"line":36,"column":0},"end":{"line":36,"column":51}},"36":{"start":{"line":37,"column":0},"end":{"line":37,"column":82}},"37":{"start":{"line":38,"column":0},"end":{"line":38,"column":82}},"38":{"start":{"line":39,"column":0},"end":{"line":39,"column":84}},"39":{"start":{"line":40,"column":0},"end":{"line":40,"column":81}},"40":{"start":{"line":41,"column":0},"end":{"line":41,"column":69}},"41":{"start":{"line":42,"column":0},"end":{"line":42,"column":65}},"42":{"start":{"line":43,"column":0},"end":{"line":43,"column":73}},"43":{"start":{"line":44,"column":0},"end":{"line":44,"column":75}},"44":{"start":{"line":45,"column":0},"end":{"line":45,"column":67}},"45":{"start":{"line":46,"column":0},"end":{"line":46,"column":77}},"46":{"start":{"line":47,"column":0},"end":{"line":47,"column":70}},"47":{"start":{"line":48,"column":0},"end":{"line":48,"column":65}},"48":{"start":{"line":49,"column":0},"end":{"line":49,"column":42}},"49":{"start":{"line":50,"column":0},"end":{"line":50,"column":9}},"51":{"start":{"line":52,"column":0},"end":{"line":52,"column":70}},"54":{"start":{"line":55,"column":0},"end":{"line":55,"column":39}},"55":{"start":{"line":56,"column":0},"end":{"line":56,"column":35}},"56":{"start":{"line":57,"column":0},"end":{"line":57,"column":49}},"57":{"start":{"line":58,"column":0},"end":{"line":58,"column":51}},"58":{"start":{"line":59,"column":0},"end":{"line":59,"column":47}},"59":{"start":{"line":60,"column":0},"end":{"line":60,"column":60}},"60":{"start":{"line":61,"column":0},"end":{"line":61,"column":41}},"61":{"start":{"line":62,"column":0},"end":{"line":62,"column":27}},"62":{"start":{"line":63,"column":0},"end":{"line":63,"column":59}},"63":{"start":{"line":64,"column":0},"end":{"line":64,"column":61}},"64":{"start":{"line":65,"column":0},"end":{"line":65,"column":53}},"65":{"start":{"line":66,"column":0},"end":{"line":66,"column":63}},"66":{"start":{"line":67,"column":0},"end":{"line":67,"column":10}},"67":{"start":{"line":68,"column":0},"end":{"line":68,"column":42}},"68":{"start":{"line":69,"column":0},"end":{"line":69,"column":8}},"70":{"start":{"line":71,"column":0},"end":{"line":71,"column":65}},"73":{"start":{"line":74,"column":0},"end":{"line":74,"column":58}},"74":{"start":{"line":75,"column":0},"end":{"line":75,"column":46}},"77":{"start":{"line":78,"column":0},"end":{"line":78,"column":45}},"78":{"start":{"line":79,"column":0},"end":{"line":79,"column":51}},"79":{"start":{"line":80,"column":0},"end":{"line":80,"column":7}},"82":{"start":{"line":83,"column":0},"end":{"line":83,"column":54}},"85":{"start":{"line":86,"column":0},"end":{"line":86,"column":29}},"86":{"start":{"line":87,"column":0},"end":{"line":87,"column":64}},"87":{"start":{"line":88,"column":0},"end":{"line":88,"column":32}},"88":{"start":{"line":89,"column":0},"end":{"line":89,"column":62}},"89":{"start":{"line":90,"column":0},"end":{"line":90,"column":75}},"90":{"start":{"line":91,"column":0},"end":{"line":91,"column":26}},"91":{"start":{"line":92,"column":0},"end":{"line":92,"column":9}},"92":{"start":{"line":93,"column":0},"end":{"line":93,"column":55}},"93":{"start":{"line":94,"column":0},"end":{"line":94,"column":7}},"96":{"start":{"line":97,"column":0},"end":{"line":97,"column":27}},"97":{"start":{"line":98,"column":0},"end":{"line":98,"column":67}},"98":{"start":{"line":99,"column":0},"end":{"line":99,"column":23}},"99":{"start":{"line":100,"column":0},"end":{"line":100,"column":26}},"100":{"start":{"line":101,"column":0},"end":{"line":101,"column":9}},"101":{"start":{"line":102,"column":0},"end":{"line":102,"column":14}},"103":{"start":{"line":104,"column":0},"end":{"line":104,"column":60}},"104":{"start":{"line":105,"column":0},"end":{"line":105,"column":7}},"107":{"start":{"line":108,"column":0},"end":{"line":108,"column":39}},"108":{"start":{"line":109,"column":0},"end":{"line":109,"column":74}},"109":{"start":{"line":110,"column":0},"end":{"line":110,"column":74}},"110":{"start":{"line":111,"column":0},"end":{"line":111,"column":7}},"112":{"start":{"line":113,"column":0},"end":{"line":113,"column":37}},"113":{"start":{"line":114,"column":0},"end":{"line":114,"column":71}},"114":{"start":{"line":115,"column":0},"end":{"line":115,"column":69}},"115":{"start":{"line":116,"column":0},"end":{"line":116,"column":24}},"116":{"start":{"line":117,"column":0},"end":{"line":117,"column":7}},"118":{"start":{"line":119,"column":0},"end":{"line":119,"column":101}},"120":{"start":{"line":121,"column":0},"end":{"line":121,"column":21}},"121":{"start":{"line":122,"column":0},"end":{"line":122,"column":58}},"122":{"start":{"line":123,"column":0},"end":{"line":123,"column":22}},"123":{"start":{"line":124,"column":0},"end":{"line":124,"column":5}},"124":{"start":{"line":125,"column":0},"end":{"line":125,"column":5}},"127":{"start":{"line":128,"column":0},"end":{"line":128,"column":20}},"128":{"start":{"line":129,"column":0},"end":{"line":129,"column":10}},"129":{"start":{"line":130,"column":0},"end":{"line":130,"column":3}},"139":{"start":{"line":140,"column":0},"end":{"line":140,"column":2}},"141":{"start":{"line":142,"column":0},"end":{"line":142,"column":16}}},"s":{"7":0,"8":0,"27":0,"29":0,"30":0,"31":0,"32":0,"34":0,"35":0,"36":0,"37":0,"38":0,"39":0,"40":0,"41":0,"42":0,"43":0,"44":0,"45":0,"46":0,"47":0,"48":0,"49":0,"51":0,"54":0,"55":0,"56":0,"57":0,"58":0,"59":0,"60":0,"61":0,"62":0,"63":0,"64":0,"65":0,"66":0,"67":0,"68":0,"70":0,"73":0,"74":0,"77":0,"78":0,"79":0,"82":0,"85":0,"86":0,"87":0,"88":0,"89":0,"90":0,"91":0,"92":0,"93":0,"96":0,"97":0,"98":0,"99":0,"100":0,"101":0,"103":0,"104":0,"107":0,"108":0,"109":0,"110":0,"112":0,"113":0,"114":0,"115":0,"116":0,"118":0,"120":0,"121":0,"122":0,"123":0,"124":0,"127":0,"128":0,"129":0,"139":0,"141":0},"branchMap":{"0":{"type":"branch","line":1,"loc":{"start":{"line":1,"column":4941},"end":{"line":142,"column":16}},"locations":[{"start":{"line":1,"column":4941},"end":{"line":142,"column":16}}]}},"b":{"0":[1]},"fnMap":{"0":{"name":"(empty-report)","decl":{"start":{"line":1,"column":4941},"end":{"line":142,"column":16}},"loc":{"start":{"line":1,"column":4941},"end":{"line":142,"column":16}},"line":1}},"f":{"0":1}}
,"/home/kade/runeset/reynard/scripts/vitest-config-generator/src/configWriter.ts": {"path":"/home/kade/runeset/reynard/scripts/vitest-config-generator/src/configWriter.ts","all":false,"statementMap":{"5":{"start":{"line":6,"column":0},"end":{"line":6,"column":20}},"6":{"start":{"line":7,"column":0},"end":{"line":7,"column":24}},"10":{"start":{"line":11,"column":0},"end":{"line":11,"column":27}},"11":{"start":{"line":12,"column":0},"end":{"line":12,"column":25}},"13":{"start":{"line":14,"column":0},"end":{"line":14,"column":31}},"14":{"start":{"line":15,"column":0},"end":{"line":15,"column":25}},"15":{"start":{"line":16,"column":0},"end":{"line":16,"column":3}},"20":{"start":{"line":21,"column":0},"end":{"line":21,"column":14}},"21":{"start":{"line":22,"column":0},"end":{"line":22,"column":28}},"22":{"start":{"line":23,"column":0},"end":{"line":23,"column":53}},"23":{"start":{"line":24,"column":0},"end":{"line":24,"column":14}},"24":{"start":{"line":25,"column":0},"end":{"line":25,"column":9}},"25":{"start":{"line":26,"column":0},"end":{"line":26,"column":28}},"26":{"start":{"line":27,"column":0},"end":{"line":27,"column":75}},"27":{"start":{"line":28,"column":0},"end":{"line":28,"column":21}},"28":{"start":{"line":29,"column":0},"end":{"line":29,"column":7}},"30":{"start":{"line":31,"column":0},"end":{"line":31,"column":67}},"31":{"start":{"line":32,"column":0},"end":{"line":32,"column":48}},"34":{"start":{"line":35,"column":0},"end":{"line":35,"column":41}},"35":{"start":{"line":36,"column":0},"end":{"line":36,"column":32}},"36":{"start":{"line":37,"column":0},"end":{"line":37,"column":47}},"37":{"start":{"line":38,"column":0},"end":{"line":38,"column":7}},"40":{"start":{"line":41,"column":0},"end":{"line":41,"column":56}},"42":{"start":{"line":43,"column":0},"end":{"line":43,"column":64}},"43":{"start":{"line":44,"column":0},"end":{"line":44,"column":18}},"44":{"start":{"line":45,"column":0},"end":{"line":45,"column":21}},"45":{"start":{"line":46,"column":0},"end":{"line":46,"column":86}},"46":{"start":{"line":47,"column":0},"end":{"line":47,"column":19}},"47":{"start":{"line":48,"column":0},"end":{"line":48,"column":5}},"48":{"start":{"line":49,"column":0},"end":{"line":49,"column":3}},"53":{"start":{"line":54,"column":0},"end":{"line":54,"column":66}},"54":{"start":{"line":55,"column":0},"end":{"line":55,"column":47}},"56":{"start":{"line":57,"column":0},"end":{"line":57,"column":15}},"58":{"start":{"line":59,"column":0},"end":{"line":59,"column":59}},"66":{"start":{"line":67,"column":0},"end":{"line":67,"column":64}},"68":{"start":{"line":69,"column":0},"end":{"line":69,"column":3}},"73":{"start":{"line":74,"column":0},"end":{"line":74,"column":52}},"74":{"start":{"line":75,"column":0},"end":{"line":75,"column":9}},"75":{"start":{"line":76,"column":0},"end":{"line":76,"column":39}},"76":{"start":{"line":77,"column":0},"end":{"line":77,"column":73}},"77":{"start":{"line":78,"column":0},"end":{"line":78,"column":20}},"78":{"start":{"line":79,"column":0},"end":{"line":79,"column":7}},"80":{"start":{"line":81,"column":0},"end":{"line":81,"column":62}},"81":{"start":{"line":82,"column":0},"end":{"line":82,"column":46}},"83":{"start":{"line":84,"column":0},"end":{"line":84,"column":69}},"84":{"start":{"line":85,"column":0},"end":{"line":85,"column":18}},"85":{"start":{"line":86,"column":0},"end":{"line":86,"column":21}},"86":{"start":{"line":87,"column":0},"end":{"line":87,"column":80}},"87":{"start":{"line":88,"column":0},"end":{"line":88,"column":19}},"88":{"start":{"line":89,"column":0},"end":{"line":89,"column":5}},"89":{"start":{"line":90,"column":0},"end":{"line":90,"column":3}},"94":{"start":{"line":95,"column":0},"end":{"line":95,"column":84}},"95":{"start":{"line":96,"column":0},"end":{"line":96,"column":32}},"98":{"start":{"line":99,"column":0},"end":{"line":99,"column":23}},"99":{"start":{"line":100,"column":0},"end":{"line":100,"column":59}},"100":{"start":{"line":101,"column":0},"end":{"line":101,"column":38}},"101":{"start":{"line":102,"column":0},"end":{"line":102,"column":5}},"103":{"start":{"line":104,"column":0},"end":{"line":104,"column":72}},"104":{"start":{"line":105,"column":0},"end":{"line":105,"column":62}},"105":{"start":{"line":106,"column":0},"end":{"line":106,"column":5}},"108":{"start":{"line":109,"column":0},"end":{"line":109,"column":31}},"109":{"start":{"line":110,"column":0},"end":{"line":110,"column":56}},"110":{"start":{"line":111,"column":0},"end":{"line":111,"column":28}},"111":{"start":{"line":112,"column":0},"end":{"line":112,"column":56}},"112":{"start":{"line":113,"column":0},"end":{"line":113,"column":9}},"113":{"start":{"line":114,"column":0},"end":{"line":114,"column":28}},"114":{"start":{"line":115,"column":0},"end":{"line":115,"column":61}},"115":{"start":{"line":116,"column":0},"end":{"line":116,"column":9}},"116":{"start":{"line":117,"column":0},"end":{"line":117,"column":28}},"117":{"start":{"line":118,"column":0},"end":{"line":118,"column":70}},"118":{"start":{"line":119,"column":0},"end":{"line":119,"column":80}},"119":{"start":{"line":120,"column":0},"end":{"line":120,"column":73}},"120":{"start":{"line":121,"column":0},"end":{"line":121,"column":9}},"121":{"start":{"line":122,"column":0},"end":{"line":122,"column":9}},"122":{"start":{"line":123,"column":0},"end":{"line":123,"column":5}},"124":{"start":{"line":125,"column":0},"end":{"line":125,"column":12}},"125":{"start":{"line":126,"column":0},"end":{"line":126,"column":33}},"126":{"start":{"line":127,"column":0},"end":{"line":127,"column":13}},"127":{"start":{"line":128,"column":0},"end":{"line":128,"column":6}},"128":{"start":{"line":129,"column":0},"end":{"line":129,"column":3}},"129":{"start":{"line":130,"column":0},"end":{"line":130,"column":1}}},"s":{"5":1,"6":1,"10":1,"11":1,"13":1,"14":14,"15":14,"20":1,"21":6,"22":6,"23":6,"24":6,"25":6,"26":1,"27":1,"28":1,"30":5,"31":5,"34":5,"35":6,"36":4,"37":4,"40":5,"42":5,"43":5,"44":6,"45":1,"46":1,"47":1,"48":6,"53":1,"54":5,"56":5,"58":5,"66":5,"68":5,"73":1,"74":3,"75":3,"76":1,"77":1,"78":1,"80":2,"81":2,"83":2,"84":2,"85":3,"86":1,"87":1,"88":1,"89":3,"94":1,"95":5,"98":5,"99":1,"100":1,"101":1,"103":5,"104":1,"105":1,"108":5,"109":3,"110":4,"111":1,"112":1,"113":4,"114":1,"115":1,"116":4,"117":0,"118":4,"119":2,"120":2,"121":3,"122":3,"124":4,"125":4,"126":4,"127":4,"128":5,"129":1},"branchMap":{"0":{"type":"branch","line":12,"loc":{"start":{"line":12,"column":10},"end":{"line":12,"column":25}},"locations":[{"start":{"line":12,"column":10},"end":{"line":12,"column":25}}]},"1":{"type":"branch","line":14,"loc":{"start":{"line":14,"column":2},"end":{"line":16,"column":3}},"locations":[{"start":{"line":14,"column":2},"end":{"line":16,"column":3}}]},"2":{"type":"branch","line":21,"loc":{"start":{"line":21,"column":2},"end":{"line":49,"column":3}},"locations":[{"start":{"line":21,"column":2},"end":{"line":49,"column":3}}]},"3":{"type":"branch","line":26,"loc":{"start":{"line":26,"column":27},"end":{"line":29,"column":7}},"locations":[{"start":{"line":26,"column":27},"end":{"line":29,"column":7}}]},"4":{"type":"branch","line":29,"loc":{"start":{"line":29,"column":6},"end":{"line":36,"column":31}},"locations":[{"start":{"line":29,"column":6},"end":{"line":36,"column":31}}]},"5":{"type":"branch","line":36,"loc":{"start":{"line":36,"column":31},"end":{"line":38,"column":7}},"locations":[{"start":{"line":36,"column":31},"end":{"line":38,"column":7}}]},"6":{"type":"branch","line":38,"loc":{"start":{"line":38,"column":6},"end":{"line":45,"column":13}},"locations":[{"start":{"line":38,"column":6},"end":{"line":45,"column":13}}]},"7":{"type":"branch","line":45,"loc":{"start":{"line":45,"column":4},"end":{"line":48,"column":5}},"locations":[{"start":{"line":45,"column":4},"end":{"line":48,"column":5}}]},"8":{"type":"branch","line":54,"loc":{"start":{"line":54,"column":10},"end":{"line":69,"column":3}},"locations":[{"start":{"line":54,"column":10},"end":{"line":69,"column":3}}]},"9":{"type":"branch","line":74,"loc":{"start":{"line":74,"column":2},"end":{"line":90,"column":3}},"locations":[{"start":{"line":74,"column":2},"end":{"line":90,"column":3}}]},"10":{"type":"branch","line":76,"loc":{"start":{"line":76,"column":38},"end":{"line":79,"column":7}},"locations":[{"start":{"line":76,"column":38},"end":{"line":79,"column":7}}]},"11":{"type":"branch","line":79,"loc":{"start":{"line":79,"column":6},"end":{"line":86,"column":13}},"locations":[{"start":{"line":79,"column":6},"end":{"line":86,"column":13}}]},"12":{"type":"branch","line":86,"loc":{"start":{"line":86,"column":4},"end":{"line":89,"column":5}},"locations":[{"start":{"line":86,"column":4},"end":{"line":89,"column":5}}]},"13":{"type":"branch","line":95,"loc":{"start":{"line":95,"column":2},"end":{"line":129,"column":3}},"locations":[{"start":{"line":95,"column":2},"end":{"line":129,"column":3}}]},"14":{"type":"branch","line":99,"loc":{"start":{"line":99,"column":22},"end":{"line":102,"column":5}},"locations":[{"start":{"line":99,"column":22},"end":{"line":102,"column":5}}]},"15":{"type":"branch","line":102,"loc":{"start":{"line":102,"column":4},"end":{"line":104,"column":33}},"locations":[{"start":{"line":102,"column":4},"end":{"line":104,"column":33}}]},"16":{"type":"branch","line":104,"loc":{"start":{"line":104,"column":21},"end":{"line":104,"column":71}},"locations":[{"start":{"line":104,"column":21},"end":{"line":104,"column":71}}]},"17":{"type":"branch","line":104,"loc":{"start":{"line":104,"column":71},"end":{"line":106,"column":5}},"locations":[{"start":{"line":104,"column":71},"end":{"line":106,"column":5}}]},"18":{"type":"branch","line":106,"loc":{"start":{"line":106,"column":4},"end":{"line":109,"column":30}},"locations":[{"start":{"line":106,"column":4},"end":{"line":109,"column":30}}]},"19":{"type":"branch","line":109,"loc":{"start":{"line":109,"column":30},"end":{"line":123,"column":5}},"locations":[{"start":{"line":109,"column":30},"end":{"line":123,"column":5}}]},"20":{"type":"branch","line":123,"loc":{"start":{"line":123,"column":4},"end":{"line":128,"column":6}},"locations":[{"start":{"line":123,"column":4},"end":{"line":128,"column":6}}]},"21":{"type":"branch","line":110,"loc":{"start":{"line":110,"column":35},"end":{"line":122,"column":7}},"locations":[{"start":{"line":110,"column":35},"end":{"line":122,"column":7}}]},"22":{"type":"branch","line":111,"loc":{"start":{"line":111,"column":27},"end":{"line":113,"column":9}},"locations":[{"start":{"line":111,"column":27},"end":{"line":113,"column":9}}]},"23":{"type":"branch","line":114,"loc":{"start":{"line":114,"column":27},"end":{"line":116,"column":9}},"locations":[{"start":{"line":114,"column":27},"end":{"line":116,"column":9}}]},"24":{"type":"branch","line":117,"loc":{"start":{"line":117,"column":27},"end":{"line":119,"column":19}},"locations":[{"start":{"line":117,"column":27},"end":{"line":119,"column":19}}]},"25":{"type":"branch","line":119,"loc":{"start":{"line":119,"column":79},"end":{"line":121,"column":9}},"locations":[{"start":{"line":119,"column":79},"end":{"line":121,"column":9}}]}},"b":{"0":[14],"1":[14],"2":[6],"3":[1],"4":[5],"5":[4],"6":[5],"7":[1],"8":[5],"9":[3],"10":[1],"11":[2],"12":[1],"13":[5],"14":[1],"15":[4],"16":[3],"17":[1],"18":[4],"19":[3],"20":[4],"21":[4],"22":[1],"23":[1],"24":[0],"25":[2]},"fnMap":{"0":{"name":"<instance_members_initializer>","decl":{"start":{"line":12,"column":10},"end":{"line":12,"column":25}},"loc":{"start":{"line":12,"column":10},"end":{"line":12,"column":25}},"line":12},"1":{"name":"ConfigWriter","decl":{"start":{"line":14,"column":2},"end":{"line":16,"column":3}},"loc":{"start":{"line":14,"column":2},"end":{"line":16,"column":3}},"line":14},"2":{"name":"writeConfig","decl":{"start":{"line":21,"column":2},"end":{"line":49,"column":3}},"loc":{"start":{"line":21,"column":2},"end":{"line":49,"column":3}},"line":21},"3":{"name":"generateConfigFile","decl":{"start":{"line":54,"column":10},"end":{"line":69,"column":3}},"loc":{"start":{"line":54,"column":10},"end":{"line":69,"column":3}},"line":54},"4":{"name":"backupCurrentConfig","decl":{"start":{"line":74,"column":2},"end":{"line":90,"column":3}},"loc":{"start":{"line":74,"column":2},"end":{"line":90,"column":3}},"line":74},"5":{"name":"validateConfig","decl":{"start":{"line":95,"column":2},"end":{"line":129,"column":3}},"loc":{"start":{"line":95,"column":2},"end":{"line":129,"column":3}},"line":95}},"f":{"0":14,"1":14,"2":6,"3":5,"4":3,"5":5}}
,"/home/kade/runeset/reynard/scripts/vitest-config-generator/src/index.ts": {"path":"/home/kade/runeset/reynard/scripts/vitest-config-generator/src/index.ts","all":true,"statementMap":{"5":{"start":{"line":6,"column":0},"end":{"line":6,"column":67}},"6":{"start":{"line":7,"column":0},"end":{"line":7,"column":69}},"7":{"start":{"line":8,"column":0},"end":{"line":8,"column":49}},"8":{"start":{"line":9,"column":0},"end":{"line":9,"column":49}},"19":{"start":{"line":20,"column":0},"end":{"line":20,"column":78}}},"s":{"5":0,"6":0,"7":0,"8":0,"19":0},"branchMap":{"0":{"type":"branch","line":1,"loc":{"start":{"line":1,"column":608},"end":{"line":20,"column":78}},"locations":[{"start":{"line":1,"column":608},"end":{"line":20,"column":78}}]}},"b":{"0":[1]},"fnMap":{"0":{"name":"(empty-report)","decl":{"start":{"line":1,"column":608},"end":{"line":20,"column":78}},"loc":{"start":{"line":1,"column":608},"end":{"line":20,"column":78}},"line":1}},"f":{"0":1}}
,"/home/kade/runeset/reynard/scripts/vitest-config-generator/src/logger.ts": {"path":"/home/kade/runeset/reynard/scripts/vitest-config-generator/src/logger.ts","all":false,"statementMap":{"12":{"start":{"line":13,"column":0},"end":{"line":13,"column":51}},"13":{"start":{"line":14,"column":0},"end":{"line":14,"column":27}},"15":{"start":{"line":16,"column":0},"end":{"line":16,"column":41}},"16":{"start":{"line":17,"column":0},"end":{"line":17,"column":27}},"17":{"start":{"line":18,"column":0},"end":{"line":18,"column":3}},"19":{"start":{"line":20,"column":0},"end":{"line":20,"column":31}},"20":{"start":{"line":21,"column":0},"end":{"line":21,"column":34}},"21":{"start":{"line":22,"column":0},"end":{"line":22,"column":3}},"23":{"start":{"line":24,"column":0},"end":{"line":24,"column":31}},"24":{"start":{"line":25,"column":0},"end":{"line":25,"column":35}},"25":{"start":{"line":26,"column":0},"end":{"line":26,"column":3}},"27":{"start":{"line":28,"column":0},"end":{"line":28,"column":32}},"28":{"start":{"line":29,"column":0},"end":{"line":29,"column":34}},"29":{"start":{"line":30,"column":0},"end":{"line":30,"column":3}},"31":{"start":{"line":32,"column":0},"end":{"line":32,"column":32}},"32":{"start":{"line":33,"column":0},"end":{"line":33,"column":23}},"33":{"start":{"line":34,"column":0},"end":{"line":34,"column":35}},"34":{"start":{"line":35,"column":0},"end":{"line":35,"column":5}},"35":{"start":{"line":36,"column":0},"end":{"line":36,"column":3}},"37":{"start":{"line":38,"column":0},"end":{"line":38,"column":38}},"38":{"start":{"line":39,"column":0},"end":{"line":39,"column":27}},"39":{"start":{"line":40,"column":0},"end":{"line":40,"column":3}},"40":{"start":{"line":41,"column":0},"end":{"line":41,"column":1}}},"s":{"12":1,"13":1,"15":1,"16":38,"17":38,"19":1,"20":34,"21":34,"23":1,"24":1,"25":1,"27":1,"28":4,"29":4,"31":1,"32":232,"33":3,"34":3,"35":232,"37":1,"38":3,"39":3,"40":1},"branchMap":{"0":{"type":"branch","line":14,"loc":{"start":{"line":14,"column":10},"end":{"line":14,"column":27}},"locations":[{"start":{"line":14,"column":10},"end":{"line":14,"column":27}}]},"1":{"type":"branch","line":16,"loc":{"start":{"line":16,"column":2},"end":{"line":18,"column":3}},"locations":[{"start":{"line":16,"column":2},"end":{"line":18,"column":3}}]},"2":{"type":"branch","line":20,"loc":{"start":{"line":20,"column":2},"end":{"line":22,"column":3}},"locations":[{"start":{"line":20,"column":2},"end":{"line":22,"column":3}}]},"3":{"type":"branch","line":24,"loc":{"start":{"line":24,"column":2},"end":{"line":26,"column":3}},"locations":[{"start":{"line":24,"column":2},"end":{"line":26,"column":3}}]},"4":{"type":"branch","line":28,"loc":{"start":{"line":28,"column":2},"end":{"line":30,"column":3}},"locations":[{"start":{"line":28,"column":2},"end":{"line":30,"column":3}}]},"5":{"type":"branch","line":32,"loc":{"start":{"line":32,"column":2},"end":{"line":36,"column":3}},"locations":[{"start":{"line":32,"column":2},"end":{"line":36,"column":3}}]},"6":{"type":"branch","line":33,"loc":{"start":{"line":33,"column":22},"end":{"line":35,"column":5}},"locations":[{"start":{"line":33,"column":22},"end":{"line":35,"column":5}}]},"7":{"type":"branch","line":38,"loc":{"start":{"line":38,"column":2},"end":{"line":40,"column":3}},"locations":[{"start":{"line":38,"column":2},"end":{"line":40,"column":3}}]}},"b":{"0":[38],"1":[38],"2":[34],"3":[1],"4":[4],"5":[232],"6":[3],"7":[3]},"fnMap":{"0":{"name":"<instance_members_initializer>","decl":{"start":{"line":14,"column":10},"end":{"line":14,"column":27}},"loc":{"start":{"line":14,"column":10},"end":{"line":14,"column":27}},"line":14},"1":{"name":"VitestConfigLogger","decl":{"start":{"line":16,"column":2},"end":{"line":18,"column":3}},"loc":{"start":{"line":16,"column":2},"end":{"line":18,"column":3}},"line":16},"2":{"name":"info","decl":{"start":{"line":20,"column":2},"end":{"line":22,"column":3}},"loc":{"start":{"line":20,"column":2},"end":{"line":22,"column":3}},"line":20},"3":{"name":"warn","decl":{"start":{"line":24,"column":2},"end":{"line":26,"column":3}},"loc":{"start":{"line":24,"column":2},"end":{"line":26,"column":3}},"line":24},"4":{"name":"error","decl":{"start":{"line":28,"column":2},"end":{"line":30,"column":3}},"loc":{"start":{"line":28,"column":2},"end":{"line":30,"column":3}},"line":28},"5":{"name":"debug","decl":{"start":{"line":32,"column":2},"end":{"line":36,"column":3}},"loc":{"start":{"line":32,"column":2},"end":{"line":36,"column":3}},"line":32},"6":{"name":"setVerbose","decl":{"start":{"line":38,"column":2},"end":{"line":40,"column":3}},"loc":{"start":{"line":38,"column":2},"end":{"line":40,"column":3}},"line":38}},"f":{"0":38,"1":38,"2":34,"3":1,"4":4,"5":232,"6":3}}
,"/home/kade/runeset/reynard/scripts/vitest-config-generator/src/projectConfigGenerator.ts": {"path":"/home/kade/runeset/reynard/scripts/vitest-config-generator/src/projectConfigGenerator.ts","all":false,"statementMap":{"8":{"start":{"line":9,"column":0},"end":{"line":9,"column":37}},"12":{"start":{"line":13,"column":0},"end":{"line":13,"column":77}},"13":{"start":{"line":14,"column":0},"end":{"line":14,"column":79}},"16":{"start":{"line":17,"column":0},"end":{"line":17,"column":53}},"19":{"start":{"line":20,"column":0},"end":{"line":20,"column":55}},"22":{"start":{"line":23,"column":0},"end":{"line":23,"column":55}},"25":{"start":{"line":26,"column":0},"end":{"line":26,"column":78}},"28":{"start":{"line":29,"column":0},"end":{"line":29,"column":69}},"30":{"start":{"line":31,"column":0},"end":{"line":31,"column":12}},"31":{"start":{"line":32,"column":0},"end":{"line":32,"column":27}},"32":{"start":{"line":33,"column":0},"end":{"line":33,"column":34}},"33":{"start":{"line":34,"column":0},"end":{"line":34,"column":13}},"34":{"start":{"line":35,"column":0},"end":{"line":35,"column":19}},"35":{"start":{"line":36,"column":0},"end":{"line":36,"column":16}},"36":{"start":{"line":37,"column":0},"end":{"line":37,"column":16}},"37":{"start":{"line":38,"column":0},"end":{"line":38,"column":20}},"38":{"start":{"line":39,"column":0},"end":{"line":39,"column":27}},"39":{"start":{"line":40,"column":0},"end":{"line":40,"column":17}},"40":{"start":{"line":41,"column":0},"end":{"line":41,"column":8}},"41":{"start":{"line":42,"column":0},"end":{"line":42,"column":6}},"42":{"start":{"line":43,"column":0},"end":{"line":43,"column":3}},"44":{"start":{"line":45,"column":0},"end":{"line":45,"column":67}},"46":{"start":{"line":47,"column":0},"end":{"line":47,"column":52}},"49":{"start":{"line":50,"column":0},"end":{"line":50,"column":80}},"50":{"start":{"line":51,"column":0},"end":{"line":51,"column":37}},"51":{"start":{"line":52,"column":0},"end":{"line":52,"column":5}},"53":{"start":{"line":54,"column":0},"end":{"line":54,"column":26}},"54":{"start":{"line":55,"column":0},"end":{"line":55,"column":3}},"56":{"start":{"line":57,"column":0},"end":{"line":57,"column":72}},"58":{"start":{"line":59,"column":0},"end":{"line":59,"column":76}},"59":{"start":{"line":60,"column":0},"end":{"line":60,"column":38}},"60":{"start":{"line":61,"column":0},"end":{"line":61,"column":90}},"61":{"start":{"line":62,"column":0},"end":{"line":62,"column":70}},"62":{"start":{"line":63,"column":0},"end":{"line":63,"column":5}},"65":{"start":{"line":66,"column":0},"end":{"line":66,"column":48}},"66":{"start":{"line":67,"column":0},"end":{"line":67,"column":3}},"68":{"start":{"line":69,"column":0},"end":{"line":69,"column":72}},"69":{"start":{"line":70,"column":0},"end":{"line":70,"column":33}},"72":{"start":{"line":73,"column":0},"end":{"line":73,"column":36}},"73":{"start":{"line":74,"column":0},"end":{"line":74,"column":49}},"74":{"start":{"line":75,"column":0},"end":{"line":75,"column":5}},"77":{"start":{"line":78,"column":0},"end":{"line":78,"column":17}},"78":{"start":{"line":79,"column":0},"end":{"line":79,"column":21}},"79":{"start":{"line":80,"column":0},"end":{"line":80,"column":13}},"80":{"start":{"line":81,"column":0},"end":{"line":81,"column":14}},"81":{"start":{"line":82,"column":0},"end":{"line":82,"column":16}},"82":{"start":{"line":83,"column":0},"end":{"line":83,"column":6}},"84":{"start":{"line":85,"column":0},"end":{"line":85,"column":19}},"85":{"start":{"line":86,"column":0},"end":{"line":86,"column":3}},"87":{"start":{"line":88,"column":0},"end":{"line":88,"column":33}},"88":{"start":{"line":89,"column":0},"end":{"line":89,"column":35}},"89":{"start":{"line":90,"column":0},"end":{"line":90,"column":24}},"95":{"start":{"line":96,"column":0},"end":{"line":96,"column":5}},"97":{"start":{"line":98,"column":0},"end":{"line":98,"column":58}},"100":{"start":{"line":101,"column":0},"end":{"line":101,"column":27}},"101":{"start":{"line":102,"column":0},"end":{"line":102,"column":58}},"102":{"start":{"line":103,"column":0},"end":{"line":103,"column":5}},"104":{"start":{"line":105,"column":0},"end":{"line":105,"column":12}},"105":{"start":{"line":106,"column":0},"end":{"line":106,"column":19}},"106":{"start":{"line":107,"column":0},"end":{"line":107,"column":27}},"107":{"start":{"line":108,"column":0},"end":{"line":108,"column":8}},"108":{"start":{"line":109,"column":0},"end":{"line":109,"column":6}},"109":{"start":{"line":110,"column":0},"end":{"line":110,"column":3}},"111":{"start":{"line":112,"column":0},"end":{"line":112,"column":64}},"113":{"start":{"line":114,"column":0},"end":{"line":114,"column":46}},"114":{"start":{"line":115,"column":0},"end":{"line":115,"column":14}},"115":{"start":{"line":116,"column":0},"end":{"line":116,"column":21}},"116":{"start":{"line":117,"column":0},"end":{"line":117,"column":22}},"117":{"start":{"line":118,"column":0},"end":{"line":118,"column":18}},"118":{"start":{"line":119,"column":0},"end":{"line":119,"column":23}},"119":{"start":{"line":120,"column":0},"end":{"line":120,"column":8}},"120":{"start":{"line":121,"column":0},"end":{"line":121,"column":5}},"123":{"start":{"line":124,"column":0},"end":{"line":124,"column":47}},"124":{"start":{"line":125,"column":0},"end":{"line":125,"column":14}},"125":{"start":{"line":126,"column":0},"end":{"line":126,"column":21}},"126":{"start":{"line":127,"column":0},"end":{"line":127,"column":22}},"127":{"start":{"line":128,"column":0},"end":{"line":128,"column":18}},"128":{"start":{"line":129,"column":0},"end":{"line":129,"column":23}},"129":{"start":{"line":130,"column":0},"end":{"line":130,"column":8}},"130":{"start":{"line":131,"column":0},"end":{"line":131,"column":5}},"133":{"start":{"line":134,"column":0},"end":{"line":134,"column":82}},"134":{"start":{"line":135,"column":0},"end":{"line":135,"column":14}},"135":{"start":{"line":136,"column":0},"end":{"line":136,"column":21}},"136":{"start":{"line":137,"column":0},"end":{"line":137,"column":22}},"137":{"start":{"line":138,"column":0},"end":{"line":138,"column":18}},"138":{"start":{"line":139,"column":0},"end":{"line":139,"column":23}},"139":{"start":{"line":140,"column":0},"end":{"line":140,"column":8}},"140":{"start":{"line":141,"column":0},"end":{"line":141,"column":5}},"143":{"start":{"line":144,"column":0},"end":{"line":144,"column":12}},"144":{"start":{"line":145,"column":0},"end":{"line":145,"column":19}},"145":{"start":{"line":146,"column":0},"end":{"line":146,"column":20}},"146":{"start":{"line":147,"column":0},"end":{"line":147,"column":16}},"147":{"start":{"line":148,"column":0},"end":{"line":148,"column":21}},"148":{"start":{"line":149,"column":0},"end":{"line":149,"column":6}},"149":{"start":{"line":150,"column":0},"end":{"line":150,"column":3}},"151":{"start":{"line":152,"column":0},"end":{"line":152,"column":65}},"153":{"start":{"line":154,"column":0},"end":{"line":154,"column":52}},"154":{"start":{"line":155,"column":0},"end":{"line":155,"column":56}},"155":{"start":{"line":156,"column":0},"end":{"line":156,"column":43}},"156":{"start":{"line":157,"column":0},"end":{"line":157,"column":47}},"157":{"start":{"line":158,"column":0},"end":{"line":158,"column":14}},"158":{"start":{"line":159,"column":0},"end":{"line":159,"column":19}},"159":{"start":{"line":160,"column":0},"end":{"line":160,"column":39}},"160":{"start":{"line":161,"column":0},"end":{"line":161,"column":21}},"161":{"start":{"line":162,"column":0},"end":{"line":162,"column":47}},"162":{"start":{"line":163,"column":0},"end":{"line":163,"column":46}},"163":{"start":{"line":164,"column":0},"end":{"line":164,"column":40}},"164":{"start":{"line":165,"column":0},"end":{"line":165,"column":12}},"165":{"start":{"line":166,"column":0},"end":{"line":166,"column":10}},"166":{"start":{"line":167,"column":0},"end":{"line":167,"column":8}},"167":{"start":{"line":168,"column":0},"end":{"line":168,"column":5}},"169":{"start":{"line":170,"column":0},"end":{"line":170,"column":21}},"170":{"start":{"line":171,"column":0},"end":{"line":171,"column":3}},"171":{"start":{"line":172,"column":0},"end":{"line":172,"column":1}}},"s":{"8":1,"12":1,"13":213,"16":213,"19":213,"22":213,"25":213,"28":213,"30":213,"31":213,"32":213,"33":213,"34":213,"35":213,"36":213,"37":213,"38":213,"39":213,"40":213,"41":213,"42":213,"44":1,"46":213,"49":213,"50":14,"51":14,"53":199,"54":213,"56":1,"58":213,"59":208,"60":208,"61":208,"62":208,"65":5,"66":213,"68":1,"69":213,"72":213,"73":209,"74":209,"77":213,"78":213,"79":213,"80":213,"81":213,"82":213,"84":213,"85":213,"87":1,"88":213,"89":213,"95":213,"97":213,"100":213,"101":16,"102":16,"104":213,"105":213,"106":213,"107":213,"108":213,"109":213,"111":1,"113":213,"114":206,"115":206,"116":206,"117":206,"118":206,"119":206,"120":206,"123":18,"124":5,"125":5,"126":5,"127":5,"128":5,"129":5,"130":5,"133":213,"134":2,"135":2,"136":2,"137":2,"138":2,"139":2,"140":2,"143":0,"144":0,"145":0,"146":0,"147":0,"148":0,"149":213,"151":1,"153":213,"154":192,"155":179,"156":213,"157":34,"158":34,"159":34,"160":34,"161":34,"162":34,"163":34,"164":34,"165":34,"166":34,"167":34,"169":179,"170":213,"171":1},"branchMap":{"0":{"type":"branch","line":13,"loc":{"start":{"line":13,"column":2},"end":{"line":43,"column":3}},"locations":[{"start":{"line":13,"column":2},"end":{"line":43,"column":3}}]},"1":{"type":"branch","line":45,"loc":{"start":{"line":45,"column":10},"end":{"line":55,"column":3}},"locations":[{"start":{"line":45,"column":10},"end":{"line":55,"column":3}}]},"2":{"type":"branch","line":50,"loc":{"start":{"line":50,"column":27},"end":{"line":50,"column":79}},"locations":[{"start":{"line":50,"column":27},"end":{"line":50,"column":79}}]},"3":{"type":"branch","line":50,"loc":{"start":{"line":50,"column":79},"end":{"line":52,"column":5}},"locations":[{"start":{"line":50,"column":79},"end":{"line":52,"column":5}}]},"4":{"type":"branch","line":52,"loc":{"start":{"line":52,"column":4},"end":{"line":54,"column":26}},"locations":[{"start":{"line":52,"column":4},"end":{"line":54,"column":26}}]},"5":{"type":"branch","line":57,"loc":{"start":{"line":57,"column":10},"end":{"line":67,"column":3}},"locations":[{"start":{"line":57,"column":10},"end":{"line":67,"column":3}}]},"6":{"type":"branch","line":59,"loc":{"start":{"line":59,"column":18},"end":{"line":59,"column":75}},"locations":[{"start":{"line":59,"column":18},"end":{"line":59,"column":75}}]},"7":{"type":"branch","line":59,"loc":{"start":{"line":59,"column":75},"end":{"line":63,"column":5}},"locations":[{"start":{"line":59,"column":75},"end":{"line":63,"column":5}}]},"8":{"type":"branch","line":63,"loc":{"start":{"line":63,"column":4},"end":{"line":66,"column":48}},"locations":[{"start":{"line":63,"column":4},"end":{"line":66,"column":48}}]},"9":{"type":"branch","line":61,"loc":{"start":{"line":61,"column":16},"end":{"line":61,"column":89}},"locations":[{"start":{"line":61,"column":16},"end":{"line":61,"column":89}}]},"10":{"type":"branch","line":61,"loc":{"start":{"line":61,"column":60},"end":{"line":61,"column":89}},"locations":[{"start":{"line":61,"column":60},"end":{"line":61,"column":89}}]},"11":{"type":"branch","line":62,"loc":{"start":{"line":62,"column":13},"end":{"line":62,"column":68}},"locations":[{"start":{"line":62,"column":13},"end":{"line":62,"column":68}}]},"12":{"type":"branch","line":69,"loc":{"start":{"line":69,"column":10},"end":{"line":86,"column":3}},"locations":[{"start":{"line":69,"column":10},"end":{"line":86,"column":3}}]},"13":{"type":"branch","line":73,"loc":{"start":{"line":73,"column":35},"end":{"line":75,"column":5}},"locations":[{"start":{"line":73,"column":35},"end":{"line":75,"column":5}}]},"14":{"type":"branch","line":88,"loc":{"start":{"line":88,"column":10},"end":{"line":110,"column":3}},"locations":[{"start":{"line":88,"column":10},"end":{"line":110,"column":3}}]},"15":{"type":"branch","line":101,"loc":{"start":{"line":101,"column":26},"end":{"line":103,"column":5}},"locations":[{"start":{"line":101,"column":26},"end":{"line":103,"column":5}}]},"16":{"type":"branch","line":112,"loc":{"start":{"line":112,"column":10},"end":{"line":150,"column":3}},"locations":[{"start":{"line":112,"column":10},"end":{"line":150,"column":3}}]},"17":{"type":"branch","line":114,"loc":{"start":{"line":114,"column":45},"end":{"line":121,"column":5}},"locations":[{"start":{"line":114,"column":45},"end":{"line":121,"column":5}}]},"18":{"type":"branch","line":121,"loc":{"start":{"line":121,"column":4},"end":{"line":131,"column":5}},"locations":[{"start":{"line":121,"column":4},"end":{"line":131,"column":5}}]},"19":{"type":"branch","line":121,"loc":{"start":{"line":121,"column":4},"end":{"line":124,"column":46}},"locations":[{"start":{"line":121,"column":4},"end":{"line":124,"column":46}}]},"20":{"type":"branch","line":124,"loc":{"start":{"line":124,"column":46},"end":{"line":131,"column":5}},"locations":[{"start":{"line":124,"column":46},"end":{"line":131,"column":5}}]},"21":{"type":"branch","line":131,"loc":{"start":{"line":131,"column":4},"end":{"line":134,"column":81}},"locations":[{"start":{"line":131,"column":4},"end":{"line":134,"column":81}}]},"22":{"type":"branch","line":131,"loc":{"start":{"line":131,"column":4},"end":{"line":134,"column":46}},"locations":[{"start":{"line":131,"column":4},"end":{"line":134,"column":46}}]},"23":{"type":"branch","line":134,"loc":{"start":{"line":134,"column":31},"end":{"line":134,"column":81}},"locations":[{"start":{"line":134,"column":31},"end":{"line":134,"column":81}}]},"24":{"type":"branch","line":134,"loc":{"start":{"line":134,"column":81},"end":{"line":149,"column":6}},"locations":[{"start":{"line":134,"column":81},"end":{"line":149,"column":6}}]},"25":{"type":"branch","line":134,"loc":{"start":{"line":134,"column":81},"end":{"line":141,"column":5}},"locations":[{"start":{"line":134,"column":81},"end":{"line":141,"column":5}}]},"26":{"type":"branch","line":141,"loc":{"start":{"line":141,"column":4},"end":{"line":149,"column":6}},"locations":[{"start":{"line":141,"column":4},"end":{"line":149,"column":6}}]},"27":{"type":"branch","line":152,"loc":{"start":{"line":152,"column":10},"end":{"line":171,"column":3}},"locations":[{"start":{"line":152,"column":10},"end":{"line":171,"column":3}}]},"28":{"type":"branch","line":154,"loc":{"start":{"line":154,"column":27},"end":{"line":155,"column":56}},"locations":[{"start":{"line":154,"column":27},"end":{"line":155,"column":56}}]},"29":{"type":"branch","line":155,"loc":{"start":{"line":155,"column":27},"end":{"line":156,"column":43}},"locations":[{"start":{"line":155,"column":27},"end":{"line":156,"column":43}}]},"30":{"type":"branch","line":156,"loc":{"start":{"line":156,"column":27},"end":{"line":157,"column":46}},"locations":[{"start":{"line":156,"column":27},"end":{"line":157,"column":46}}]},"31":{"type":"branch","line":157,"loc":{"start":{"line":157,"column":46},"end":{"line":168,"column":5}},"locations":[{"start":{"line":157,"column":46},"end":{"line":168,"column":5}}]},"32":{"type":"branch","line":168,"loc":{"start":{"line":168,"column":4},"end":{"line":170,"column":21}},"locations":[{"start":{"line":168,"column":4},"end":{"line":170,"column":21}}]}},"b":{"0":[213],"1":[213],"2":[199],"3":[14],"4":[199],"5":[213],"6":[208],"7":[208],"8":[5],"9":[209],"10":[1],"11":[209],"12":[213],"13":[209],"14":[213],"15":[16],"16":[213],"17":[206],"18":[18],"19":[7],"20":[5],"21":[14],"22":[2],"23":[1],"24":[14],"25":[2],"26":[0],"27":[213],"28":[192],"29":[179],"30":[179],"31":[34],"32":[179]},"fnMap":{"0":{"name":"generateProjectConfig","decl":{"start":{"line":13,"column":2},"end":{"line":43,"column":3}},"loc":{"start":{"line":13,"column":2},"end":{"line":43,"column":3}},"line":13},"1":{"name":"getSetupFiles","decl":{"start":{"line":45,"column":10},"end":{"line":55,"column":3}},"loc":{"start":{"line":45,"column":10},"end":{"line":55,"column":3}},"line":45},"2":{"name":"getIncludePatterns","decl":{"start":{"line":57,"column":10},"end":{"line":67,"column":3}},"loc":{"start":{"line":57,"column":10},"end":{"line":67,"column":3}},"line":57},"3":{"name":"getExcludePatterns","decl":{"start":{"line":69,"column":10},"end":{"line":86,"column":3}},"loc":{"start":{"line":69,"column":10},"end":{"line":86,"column":3}},"line":69},"4":{"name":"generateCoverageConfig","decl":{"start":{"line":88,"column":10},"end":{"line":110,"column":3}},"loc":{"start":{"line":88,"column":10},"end":{"line":110,"column":3}},"line":88},"5":{"name":"getDefaultThresholds","decl":{"start":{"line":112,"column":10},"end":{"line":150,"column":3}},"loc":{"start":{"line":112,"column":10},"end":{"line":150,"column":3}},"line":112},"6":{"name":"getEnvironmentOptions","decl":{"start":{"line":152,"column":10},"end":{"line":171,"column":3}},"loc":{"start":{"line":152,"column":10},"end":{"line":171,"column":3}},"line":152}},"f":{"0":213,"1":213,"2":213,"3":213,"4":213,"5":213,"6":213}}
,"/home/kade/runeset/reynard/scripts/vitest-config-generator/src/types.ts": {"path":"/home/kade/runeset/reynard/scripts/vitest-config-generator/src/types.ts","all":true,"statementMap":{},"s":{},"branchMap":{"0":{"type":"branch","line":1,"loc":{"start":{"line":1,"column":2454},"end":{"line":113,"column":1}},"locations":[{"start":{"line":1,"column":2454},"end":{"line":113,"column":1}}]}},"b":{"0":[1]},"fnMap":{"0":{"name":"(empty-report)","decl":{"start":{"line":1,"column":2454},"end":{"line":113,"column":1}},"loc":{"start":{"line":1,"column":2454},"end":{"line":113,"column":1}},"line":1}},"f":{"0":1}}
,"/home/kade/runeset/reynard/scripts/vitest-config-generator/src/vitestConfigGenerator.ts": {"path":"/home/kade/runeset/reynard/scripts/vitest-config-generator/src/vitestConfigGenerator.ts","all":false,"statementMap":{"8":{"start":{"line":9,"column":0},"end":{"line":9,"column":45}},"9":{"start":{"line":10,"column":0},"end":{"line":10,"column":10}},"10":{"start":{"line":11,"column":0},"end":{"line":11,"column":26}},"11":{"start":{"line":12,"column":0},"end":{"line":12,"column":32}},"12":{"start":{"line":13,"column":0},"end":{"line":13,"column":25}},"13":{"start":{"line":14,"column":0},"end":{"line":14,"column":33}},"14":{"start":{"line":15,"column":0},"end":{"line":15,"column":23}},"15":{"start":{"line":16,"column":0},"end":{"line":16,"column":22}},"16":{"start":{"line":17,"column":0},"end":{"line":17,"column":21}},"17":{"start":{"line":18,"column":0},"end":{"line":18,"column":20}},"18":{"start":{"line":19,"column":0},"end":{"line":19,"column":19}},"19":{"start":{"line":20,"column":0},"end":{"line":20,"column":25}},"20":{"start":{"line":21,"column":0},"end":{"line":21,"column":28}},"21":{"start":{"line":22,"column":0},"end":{"line":22,"column":21}},"22":{"start":{"line":23,"column":0},"end":{"line":23,"column":26}},"23":{"start":{"line":24,"column":0},"end":{"line":24,"column":28}},"24":{"start":{"line":25,"column":0},"end":{"line":25,"column":26}},"25":{"start":{"line":26,"column":0},"end":{"line":26,"column":39}},"26":{"start":{"line":27,"column":0},"end":{"line":27,"column":24}},"27":{"start":{"line":28,"column":0},"end":{"line":28,"column":24}},"28":{"start":{"line":29,"column":0},"end":{"line":29,"column":21}},"29":{"start":{"line":30,"column":0},"end":{"line":30,"column":4}},"30":{"start":{"line":31,"column":0},"end":{"line":31,"column":1}},"32":{"start":{"line":33,"column":0},"end":{"line":33,"column":80}},"34":{"start":{"line":35,"column":0},"end":{"line":35,"column":10}},"35":{"start":{"line":36,"column":0},"end":{"line":36,"column":9}},"36":{"start":{"line":37,"column":0},"end":{"line":37,"column":15}},"37":{"start":{"line":38,"column":0},"end":{"line":38,"column":56}},"38":{"start":{"line":39,"column":0},"end":{"line":39,"column":57}},"39":{"start":{"line":40,"column":0},"end":{"line":40,"column":70}},"40":{"start":{"line":41,"column":0},"end":{"line":41,"column":72}},"41":{"start":{"line":42,"column":0},"end":{"line":42,"column":19}},"42":{"start":{"line":43,"column":0},"end":{"line":43,"column":54}},"43":{"start":{"line":44,"column":0},"end":{"line":44,"column":54}},"44":{"start":{"line":45,"column":0},"end":{"line":45,"column":4}},"45":{"start":{"line":46,"column":0},"end":{"line":46,"column":1}},"47":{"start":{"line":48,"column":0},"end":{"line":48,"column":47}},"48":{"start":{"line":49,"column":0},"end":{"line":49,"column":10}},"49":{"start":{"line":50,"column":0},"end":{"line":50,"column":25}},"50":{"start":{"line":51,"column":0},"end":{"line":51,"column":18}},"51":{"start":{"line":52,"column":0},"end":{"line":52,"column":18}},"52":{"start":{"line":53,"column":0},"end":{"line":53,"column":21}},"53":{"start":{"line":54,"column":0},"end":{"line":54,"column":17}},"54":{"start":{"line":55,"column":0},"end":{"line":55,"column":23}},"55":{"start":{"line":56,"column":0},"end":{"line":56,"column":4}},"56":{"start":{"line":57,"column":0},"end":{"line":57,"column":1}},"62":{"start":{"line":63,"column":0},"end":{"line":63,"column":69}},"65":{"start":{"line":66,"column":0},"end":{"line":66,"column":36}},"66":{"start":{"line":67,"column":0},"end":{"line":67,"column":25}},"67":{"start":{"line":68,"column":0},"end":{"line":68,"column":57}},"69":{"start":{"line":70,"column":0},"end":{"line":70,"column":31}},"70":{"start":{"line":71,"column":0},"end":{"line":71,"column":25}},"71":{"start":{"line":72,"column":0},"end":{"line":72,"column":63}},"72":{"start":{"line":73,"column":0},"end":{"line":73,"column":3}},"77":{"start":{"line":78,"column":0},"end":{"line":78,"column":65}},"78":{"start":{"line":79,"column":0},"end":{"line":79,"column":32}},"79":{"start":{"line":80,"column":0},"end":{"line":80,"column":34}},"81":{"start":{"line":82,"column":0},"end":{"line":82,"column":9}},"82":{"start":{"line":83,"column":0},"end":{"line":83,"column":87}},"85":{"start":{"line":86,"column":0},"end":{"line":86,"column":52}},"86":{"start":{"line":87,"column":0},"end":{"line":87,"column":77}},"89":{"start":{"line":90,"column":0},"end":{"line":90,"column":72}},"90":{"start":{"line":91,"column":0},"end":{"line":91,"column":74}},"93":{"start":{"line":94,"column":0},"end":{"line":94,"column":85}},"96":{"start":{"line":97,"column":0},"end":{"line":97,"column":71}},"98":{"start":{"line":99,"column":0},"end":{"line":99,"column":82}},"100":{"start":{"line":101,"column":0},"end":{"line":101,"column":14}},"101":{"start":{"line":102,"column":0},"end":{"line":102,"column":22}},"102":{"start":{"line":103,"column":0},"end":{"line":103,"column":29}},"103":{"start":{"line":104,"column":0},"end":{"line":104,"column":43}},"104":{"start":{"line":105,"column":0},"end":{"line":105,"column":15}},"105":{"start":{"line":106,"column":0},"end":{"line":106,"column":17}},"106":{"start":{"line":107,"column":0},"end":{"line":107,"column":8}},"107":{"start":{"line":108,"column":0},"end":{"line":108,"column":21}},"108":{"start":{"line":109,"column":0},"end":{"line":109,"column":91}},"109":{"start":{"line":110,"column":0},"end":{"line":110,"column":38}},"110":{"start":{"line":111,"column":0},"end":{"line":111,"column":32}},"112":{"start":{"line":113,"column":0},"end":{"line":113,"column":14}},"113":{"start":{"line":114,"column":0},"end":{"line":114,"column":23}},"114":{"start":{"line":115,"column":0},"end":{"line":115,"column":41}},"115":{"start":{"line":116,"column":0},"end":{"line":116,"column":29}},"116":{"start":{"line":117,"column":0},"end":{"line":117,"column":15}},"117":{"start":{"line":118,"column":0},"end":{"line":118,"column":17}},"118":{"start":{"line":119,"column":0},"end":{"line":119,"column":8}},"119":{"start":{"line":120,"column":0},"end":{"line":120,"column":5}},"120":{"start":{"line":121,"column":0},"end":{"line":121,"column":3}},"122":{"start":{"line":123,"column":0},"end":{"line":123,"column":28}},"123":{"start":{"line":124,"column":0},"end":{"line":124,"column":26}},"124":{"start":{"line":125,"column":0},"end":{"line":125,"column":27}},"125":{"start":{"line":126,"column":0},"end":{"line":126,"column":28}},"126":{"start":{"line":127,"column":0},"end":{"line":127,"column":47}},"128":{"start":{"line":129,"column":0},"end":{"line":129,"column":40}},"129":{"start":{"line":130,"column":0},"end":{"line":130,"column":56}},"130":{"start":{"line":131,"column":0},"end":{"line":131,"column":23}},"131":{"start":{"line":132,"column":0},"end":{"line":132,"column":75}},"132":{"start":{"line":133,"column":0},"end":{"line":133,"column":17}},"133":{"start":{"line":134,"column":0},"end":{"line":134,"column":7}},"136":{"start":{"line":137,"column":0},"end":{"line":137,"column":73}},"137":{"start":{"line":138,"column":0},"end":{"line":138,"column":17}},"138":{"start":{"line":139,"column":0},"end":{"line":139,"column":7}},"140":{"start":{"line":141,"column":0},"end":{"line":141,"column":75}},"141":{"start":{"line":142,"column":0},"end":{"line":142,"column":17}},"142":{"start":{"line":143,"column":0},"end":{"line":143,"column":7}},"144":{"start":{"line":145,"column":0},"end":{"line":145,"column":71}},"145":{"start":{"line":146,"column":0},"end":{"line":146,"column":17}},"146":{"start":{"line":147,"column":0},"end":{"line":147,"column":7}},"148":{"start":{"line":149,"column":0},"end":{"line":149,"column":31}},"149":{"start":{"line":150,"column":0},"end":{"line":150,"column":5}},"151":{"start":{"line":152,"column":0},"end":{"line":152,"column":20}},"152":{"start":{"line":153,"column":0},"end":{"line":153,"column":3}},"154":{"start":{"line":155,"column":0},"end":{"line":155,"column":27}},"155":{"start":{"line":156,"column":0},"end":{"line":156,"column":39}},"156":{"start":{"line":157,"column":0},"end":{"line":157,"column":28}},"157":{"start":{"line":158,"column":0},"end":{"line":158,"column":21}},"158":{"start":{"line":159,"column":0},"end":{"line":159,"column":22}},"159":{"start":{"line":160,"column":0},"end":{"line":160,"column":5}},"160":{"start":{"line":161,"column":0},"end":{"line":161,"column":24}},"162":{"start":{"line":163,"column":0},"end":{"line":163,"column":42}},"163":{"start":{"line":164,"column":0},"end":{"line":164,"column":11}},"164":{"start":{"line":165,"column":0},"end":{"line":165,"column":81}},"165":{"start":{"line":166,"column":0},"end":{"line":166,"column":20}},"166":{"start":{"line":167,"column":0},"end":{"line":167,"column":52}},"167":{"start":{"line":168,"column":0},"end":{"line":168,"column":42}},"168":{"start":{"line":169,"column":0},"end":{"line":169,"column":11}},"170":{"start":{"line":171,"column":0},"end":{"line":171,"column":37}},"171":{"start":{"line":172,"column":0},"end":{"line":172,"column":77}},"172":{"start":{"line":173,"column":0},"end":{"line":173,"column":23}},"173":{"start":{"line":174,"column":0},"end":{"line":174,"column":108}},"174":{"start":{"line":175,"column":0},"end":{"line":175,"column":40}},"175":{"start":{"line":176,"column":0},"end":{"line":176,"column":34}},"176":{"start":{"line":177,"column":0},"end":{"line":177,"column":7}},"177":{"start":{"line":178,"column":0},"end":{"line":178,"column":5}},"179":{"start":{"line":180,"column":0},"end":{"line":180,"column":20}},"180":{"start":{"line":181,"column":0},"end":{"line":181,"column":3}},"182":{"start":{"line":183,"column":0},"end":{"line":183,"column":31}},"183":{"start":{"line":184,"column":0},"end":{"line":184,"column":28}},"184":{"start":{"line":185,"column":0},"end":{"line":185,"column":19}},"185":{"start":{"line":186,"column":0},"end":{"line":186,"column":25}},"186":{"start":{"line":187,"column":0},"end":{"line":187,"column":61}},"188":{"start":{"line":189,"column":0},"end":{"line":189,"column":12}},"189":{"start":{"line":190,"column":0},"end":{"line":190,"column":13}},"191":{"start":{"line":192,"column":0},"end":{"line":192,"column":43}},"192":{"start":{"line":193,"column":0},"end":{"line":193,"column":22}},"193":{"start":{"line":194,"column":0},"end":{"line":194,"column":22}},"194":{"start":{"line":195,"column":0},"end":{"line":195,"column":18}},"195":{"start":{"line":196,"column":0},"end":{"line":196,"column":24}},"196":{"start":{"line":197,"column":0},"end":{"line":197,"column":29}},"197":{"start":{"line":198,"column":0},"end":{"line":198,"column":12}},"198":{"start":{"line":199,"column":0},"end":{"line":199,"column":10}},"201":{"start":{"line":202,"column":0},"end":{"line":202,"column":31}},"202":{"start":{"line":203,"column":0},"end":{"line":203,"column":23}},"205":{"start":{"line":206,"column":0},"end":{"line":206,"column":27}},"206":{"start":{"line":207,"column":0},"end":{"line":207,"column":27}},"209":{"start":{"line":210,"column":0},"end":{"line":210,"column":20}},"210":{"start":{"line":211,"column":0},"end":{"line":211,"column":42}},"211":{"start":{"line":212,"column":0},"end":{"line":212,"column":73}},"212":{"start":{"line":213,"column":0},"end":{"line":213,"column":10}},"215":{"start":{"line":216,"column":0},"end":{"line":216,"column":19}},"216":{"start":{"line":217,"column":0},"end":{"line":217,"column":25}},"217":{"start":{"line":218,"column":0},"end":{"line":218,"column":45}},"218":{"start":{"line":219,"column":0},"end":{"line":219,"column":54}},"219":{"start":{"line":220,"column":0},"end":{"line":220,"column":10}},"222":{"start":{"line":223,"column":0},"end":{"line":223,"column":55}},"223":{"start":{"line":224,"column":0},"end":{"line":224,"column":22}},"226":{"start":{"line":227,"column":0},"end":{"line":227,"column":21}},"227":{"start":{"line":228,"column":0},"end":{"line":228,"column":19}},"228":{"start":{"line":229,"column":0},"end":{"line":229,"column":25}},"229":{"start":{"line":230,"column":0},"end":{"line":230,"column":27}},"230":{"start":{"line":231,"column":0},"end":{"line":231,"column":26}},"231":{"start":{"line":232,"column":0},"end":{"line":232,"column":28}},"232":{"start":{"line":233,"column":0},"end":{"line":233,"column":27}},"233":{"start":{"line":234,"column":0},"end":{"line":234,"column":29}},"234":{"start":{"line":235,"column":0},"end":{"line":235,"column":26}},"235":{"start":{"line":236,"column":0},"end":{"line":236,"column":19}},"236":{"start":{"line":237,"column":0},"end":{"line":237,"column":36}},"237":{"start":{"line":238,"column":0},"end":{"line":238,"column":35}},"238":{"start":{"line":239,"column":0},"end":{"line":239,"column":34}},"239":{"start":{"line":240,"column":0},"end":{"line":240,"column":33}},"240":{"start":{"line":241,"column":0},"end":{"line":241,"column":12}},"241":{"start":{"line":242,"column":0},"end":{"line":242,"column":30}},"242":{"start":{"line":243,"column":0},"end":{"line":243,"column":17}},"243":{"start":{"line":244,"column":0},"end":{"line":244,"column":10}},"246":{"start":{"line":247,"column":0},"end":{"line":247,"column":44}},"247":{"start":{"line":248,"column":0},"end":{"line":248,"column":84}},"248":{"start":{"line":249,"column":0},"end":{"line":249,"column":13}},"249":{"start":{"line":250,"column":0},"end":{"line":250,"column":45}},"250":{"start":{"line":251,"column":0},"end":{"line":251,"column":46}},"251":{"start":{"line":252,"column":0},"end":{"line":252,"column":49}},"252":{"start":{"line":253,"column":0},"end":{"line":253,"column":47}},"253":{"start":{"line":254,"column":0},"end":{"line":254,"column":14}},"255":{"start":{"line":256,"column":0},"end":{"line":256,"column":18}},"256":{"start":{"line":257,"column":0},"end":{"line":257,"column":25}},"257":{"start":{"line":258,"column":0},"end":{"line":258,"column":31}},"258":{"start":{"line":259,"column":0},"end":{"line":259,"column":17}},"259":{"start":{"line":260,"column":0},"end":{"line":260,"column":17}},"260":{"start":{"line":261,"column":0},"end":{"line":261,"column":19}},"261":{"start":{"line":262,"column":0},"end":{"line":262,"column":21}},"262":{"start":{"line":263,"column":0},"end":{"line":263,"column":28}},"263":{"start":{"line":264,"column":0},"end":{"line":264,"column":29}},"264":{"start":{"line":265,"column":0},"end":{"line":265,"column":57}},"265":{"start":{"line":266,"column":0},"end":{"line":266,"column":35}},"266":{"start":{"line":267,"column":0},"end":{"line":267,"column":10}},"269":{"start":{"line":270,"column":0},"end":{"line":270,"column":17}},"270":{"start":{"line":271,"column":0},"end":{"line":271,"column":8}},"273":{"start":{"line":274,"column":0},"end":{"line":274,"column":16}},"274":{"start":{"line":275,"column":0},"end":{"line":275,"column":47}},"275":{"start":{"line":276,"column":0},"end":{"line":276,"column":8}},"276":{"start":{"line":277,"column":0},"end":{"line":277,"column":6}},"277":{"start":{"line":278,"column":0},"end":{"line":278,"column":3}},"278":{"start":{"line":279,"column":0},"end":{"line":279,"column":1}}},"s":{"8":13,"9":13,"10":13,"11":13,"12":13,"13":13,"14":13,"15":13,"16":13,"17":13,"18":13,"19":13,"20":13,"21":13,"22":13,"23":13,"24":13,"25":13,"26":13,"27":13,"28":13,"29":13,"30":13,"32":247,"34":247,"35":247,"36":247,"37":247,"38":52,"39":26,"40":247,"41":247,"42":247,"43":247,"44":247,"45":247,"47":13,"48":13,"49":13,"50":13,"51":13,"52":13,"53":13,"54":13,"55":13,"56":13,"62":1,"65":1,"66":1,"67":13,"69":1,"70":13,"71":13,"72":13,"77":1,"78":13,"79":13,"81":13,"82":13,"85":13,"86":13,"89":13,"90":13,"93":13,"96":13,"98":13,"100":13,"101":13,"102":13,"103":13,"104":13,"105":13,"106":13,"107":13,"108":0,"109":0,"110":0,"112":0,"113":0,"114":0,"115":0,"116":0,"117":0,"118":0,"119":0,"120":13,"122":1,"123":13,"124":13,"125":13,"126":13,"128":13,"129":247,"130":247,"131":0,"132":0,"133":0,"136":247,"137":24,"138":24,"140":247,"141":12,"142":12,"144":247,"145":12,"146":12,"148":199,"149":199,"151":13,"152":13,"154":1,"155":13,"156":13,"157":13,"158":13,"159":13,"160":13,"162":13,"163":199,"164":199,"165":199,"166":199,"167":199,"168":199,"170":199,"171":199,"172":199,"173":0,"174":0,"175":0,"176":0,"177":199,"179":13,"180":13,"182":1,"183":13,"184":13,"185":13,"186":13,"188":13,"189":13,"191":13,"192":13,"193":13,"194":13,"195":13,"196":13,"197":13,"198":13,"201":13,"202":13,"205":13,"206":13,"209":13,"210":13,"211":13,"212":13,"215":13,"216":13,"217":13,"218":13,"219":13,"222":13,"223":13,"226":13,"227":13,"228":13,"229":13,"230":13,"231":13,"232":13,"233":13,"234":13,"235":13,"236":13,"237":13,"238":13,"239":13,"240":13,"241":13,"242":13,"243":13,"246":13,"247":1,"248":12,"249":12,"250":12,"251":12,"252":12,"253":12,"255":13,"256":13,"257":13,"258":13,"259":13,"260":13,"261":13,"262":13,"263":13,"264":13,"265":13,"266":13,"269":13,"270":13,"273":13,"274":13,"275":13,"276":13,"277":13,"278":1},"branchMap":{"0":{"type":"branch","line":9,"loc":{"start":{"line":9,"column":0},"end":{"line":31,"column":1}},"locations":[{"start":{"line":9,"column":0},"end":{"line":31,"column":1}}]},"1":{"type":"branch","line":33,"loc":{"start":{"line":33,"column":0},"end":{"line":46,"column":1}},"locations":[{"start":{"line":33,"column":0},"end":{"line":46,"column":1}}]},"2":{"type":"branch","line":38,"loc":{"start":{"line":38,"column":41},"end":{"line":38,"column":56}},"locations":[{"start":{"line":38,"column":41},"end":{"line":38,"column":56}}]},"3":{"type":"branch","line":38,"loc":{"start":{"line":38,"column":45},"end":{"line":40,"column":70}},"locations":[{"start":{"line":38,"column":45},"end":{"line":40,"column":70}}]},"4":{"type":"branch","line":39,"loc":{"start":{"line":39,"column":41},"end":{"line":39,"column":57}},"locations":[{"start":{"line":39,"column":41},"end":{"line":39,"column":57}}]},"5":{"type":"branch","line":39,"loc":{"start":{"line":39,"column":45},"end":{"line":40,"column":70}},"locations":[{"start":{"line":39,"column":45},"end":{"line":40,"column":70}}]},"6":{"type":"branch","line":40,"loc":{"start":{"line":40,"column":42},"end":{"line":40,"column":60}},"locations":[{"start":{"line":40,"column":42},"end":{"line":40,"column":60}}]},"7":{"type":"branch","line":40,"loc":{"start":{"line":40,"column":46},"end":{"line":40,"column":70}},"locations":[{"start":{"line":40,"column":46},"end":{"line":40,"column":70}}]},"8":{"type":"branch","line":41,"loc":{"start":{"line":41,"column":43},"end":{"line":41,"column":60}},"locations":[{"start":{"line":41,"column":43},"end":{"line":41,"column":60}}]},"9":{"type":"branch","line":41,"loc":{"start":{"line":41,"column":47},"end":{"line":41,"column":72}},"locations":[{"start":{"line":41,"column":47},"end":{"line":41,"column":72}}]},"10":{"type":"branch","line":48,"loc":{"start":{"line":48,"column":0},"end":{"line":57,"column":1}},"locations":[{"start":{"line":48,"column":0},"end":{"line":57,"column":1}}]},"11":{"type":"branch","line":67,"loc":{"start":{"line":67,"column":10},"end":{"line":68,"column":57}},"locations":[{"start":{"line":67,"column":10},"end":{"line":68,"column":57}}]},"12":{"type":"branch","line":70,"loc":{"start":{"line":70,"column":2},"end":{"line":73,"column":3}},"locations":[{"start":{"line":70,"column":2},"end":{"line":73,"column":3}}]},"13":{"type":"branch","line":78,"loc":{"start":{"line":78,"column":2},"end":{"line":121,"column":3}},"locations":[{"start":{"line":78,"column":2},"end":{"line":121,"column":3}}]},"14":{"type":"branch","line":108,"loc":{"start":{"line":108,"column":4},"end":{"line":120,"column":5}},"locations":[{"start":{"line":108,"column":4},"end":{"line":120,"column":5}}]},"15":{"type":"branch","line":123,"loc":{"start":{"line":123,"column":10},"end":{"line":153,"column":3}},"locations":[{"start":{"line":123,"column":10},"end":{"line":153,"column":3}}]},"16":{"type":"branch","line":129,"loc":{"start":{"line":129,"column":39},"end":{"line":150,"column":5}},"locations":[{"start":{"line":129,"column":39},"end":{"line":150,"column":5}}]},"17":{"type":"branch","line":131,"loc":{"start":{"line":131,"column":22},"end":{"line":134,"column":7}},"locations":[{"start":{"line":131,"column":22},"end":{"line":134,"column":7}}]},"18":{"type":"branch","line":137,"loc":{"start":{"line":137,"column":18},"end":{"line":137,"column":72}},"locations":[{"start":{"line":137,"column":18},"end":{"line":137,"column":72}}]},"19":{"type":"branch","line":137,"loc":{"start":{"line":137,"column":72},"end":{"line":139,"column":7}},"locations":[{"start":{"line":137,"column":72},"end":{"line":139,"column":7}}]},"20":{"type":"branch","line":139,"loc":{"start":{"line":139,"column":6},"end":{"line":141,"column":38}},"locations":[{"start":{"line":139,"column":6},"end":{"line":141,"column":38}}]},"21":{"type":"branch","line":141,"loc":{"start":{"line":141,"column":18},"end":{"line":141,"column":74}},"locations":[{"start":{"line":141,"column":18},"end":{"line":141,"column":74}}]},"22":{"type":"branch","line":141,"loc":{"start":{"line":141,"column":74},"end":{"line":143,"column":7}},"locations":[{"start":{"line":141,"column":74},"end":{"line":143,"column":7}}]},"23":{"type":"branch","line":143,"loc":{"start":{"line":143,"column":6},"end":{"line":145,"column":36}},"locations":[{"start":{"line":143,"column":6},"end":{"line":145,"column":36}}]},"24":{"type":"branch","line":145,"loc":{"start":{"line":145,"column":18},"end":{"line":145,"column":70}},"locations":[{"start":{"line":145,"column":18},"end":{"line":145,"column":70}}]},"25":{"type":"branch","line":145,"loc":{"start":{"line":145,"column":70},"end":{"line":147,"column":7}},"locations":[{"start":{"line":145,"column":70},"end":{"line":147,"column":7}}]},"26":{"type":"branch","line":147,"loc":{"start":{"line":147,"column":6},"end":{"line":150,"column":5}},"locations":[{"start":{"line":147,"column":6},"end":{"line":150,"column":5}}]},"27":{"type":"branch","line":155,"loc":{"start":{"line":155,"column":10},"end":{"line":181,"column":3}},"locations":[{"start":{"line":155,"column":10},"end":{"line":181,"column":3}}]},"28":{"type":"branch","line":163,"loc":{"start":{"line":163,"column":41},"end":{"line":178,"column":5}},"locations":[{"start":{"line":163,"column":41},"end":{"line":178,"column":5}}]},"29":{"type":"branch","line":173,"loc":{"start":{"line":173,"column":6},"end":{"line":177,"column":7}},"locations":[{"start":{"line":173,"column":6},"end":{"line":177,"column":7}}]},"30":{"type":"branch","line":183,"loc":{"start":{"line":183,"column":10},"end":{"line":278,"column":3}},"locations":[{"start":{"line":183,"column":10},"end":{"line":278,"column":3}}]},"31":{"type":"branch","line":192,"loc":{"start":{"line":192,"column":27},"end":{"line":192,"column":43}},"locations":[{"start":{"line":192,"column":27},"end":{"line":192,"column":43}}]},"32":{"type":"branch","line":223,"loc":{"start":{"line":223,"column":28},"end":{"line":223,"column":55}},"locations":[{"start":{"line":223,"column":28},"end":{"line":223,"column":55}}]},"33":{"type":"branch","line":247,"loc":{"start":{"line":247,"column":29},"end":{"line":248,"column":84}},"locations":[{"start":{"line":247,"column":29},"end":{"line":248,"column":84}}]},"34":{"type":"branch","line":248,"loc":{"start":{"line":248,"column":83},"end":{"line":254,"column":14}},"locations":[{"start":{"line":248,"column":83},"end":{"line":254,"column":14}}]}},"b":{"0":[13],"1":[247],"2":[195],"3":[52],"4":[26],"5":[26],"6":[13],"7":[13],"8":[195],"9":[52],"10":[13],"11":[13],"12":[13],"13":[13],"14":[0],"15":[13],"16":[247],"17":[0],"18":[228],"19":[24],"20":[223],"21":[206],"22":[12],"23":[211],"24":[195],"25":[12],"26":[199],"27":[13],"28":[199],"29":[0],"30":[13],"31":[11],"32":[12],"33":[1],"34":[12]},"fnMap":{"0":{"name":"getTestableDirectories","decl":{"start":{"line":9,"column":0},"end":{"line":31,"column":1}},"loc":{"start":{"line":9,"column":0},"end":{"line":31,"column":1}},"line":9},"1":{"name":"getDirectoryDefinition","decl":{"start":{"line":33,"column":0},"end":{"line":46,"column":1}},"loc":{"start":{"line":33,"column":0},"end":{"line":46,"column":1}},"line":33},"2":{"name":"getGlobalExcludePatterns","decl":{"start":{"line":48,"column":0},"end":{"line":57,"column":1}},"loc":{"start":{"line":48,"column":0},"end":{"line":57,"column":1}},"line":48},"3":{"name":"<instance_members_initializer>","decl":{"start":{"line":67,"column":10},"end":{"line":68,"column":57}},"loc":{"start":{"line":67,"column":10},"end":{"line":68,"column":57}},"line":67},"4":{"name":"VitestConfigGenerator","decl":{"start":{"line":70,"column":2},"end":{"line":73,"column":3}},"loc":{"start":{"line":70,"column":2},"end":{"line":73,"column":3}},"line":70},"5":{"name":"generateConfig","decl":{"start":{"line":78,"column":2},"end":{"line":121,"column":3}},"loc":{"start":{"line":78,"column":2},"end":{"line":121,"column":3}},"line":78},"6":{"name":"filterDirectories","decl":{"start":{"line":123,"column":10},"end":{"line":153,"column":3}},"loc":{"start":{"line":123,"column":10},"end":{"line":153,"column":3}},"line":123},"7":{"name":"generateProjects","decl":{"start":{"line":155,"column":10},"end":{"line":181,"column":3}},"loc":{"start":{"line":155,"column":10},"end":{"line":181,"column":3}},"line":155},"8":{"name":"generateGlobalConfig","decl":{"start":{"line":183,"column":10},"end":{"line":278,"column":3}},"loc":{"start":{"line":183,"column":10},"end":{"line":278,"column":3}},"line":183}},"f":{"0":13,"1":247,"2":13,"3":13,"4":13,"5":13,"6":13,"7":13,"8":13}}
}
